<?xml version="1.0" encoding="UTF-8"?>
<testsuite xmlns:xsi="http://www.w3.org/2001/XMLSchema-instance" xsi:noNamespaceSchemaLocation="https://maven.apache.org/surefire/maven-surefire-plugin/xsd/surefire-test-report.xsd" name="mflix.lessons.UsingAggregationBuilders" time="2.865" tests="3" errors="0" skipped="0" failures="1">
  <properties>
    <property name="awt.toolkit" value="sun.awt.X11.XToolkit"/>
    <property name="file.encoding.pkg" value="sun.io"/>
    <property name="java.specification.version" value="1.8"/>
    <property name="sun.cpu.isalist" value=""/>
    <property name="sun.jnu.encoding" value="UTF-8"/>
    <property name="java.class.path" value="/mnt/d/workspace/mflix/target/test-classes:/mnt/d/workspace/mflix/target/classes:/home/rafael/.m2/repository/org/springframework/boot/spring-boot-starter-web/2.0.3.RELEASE/spring-boot-starter-web-2.0.3.RELEASE.jar:/home/rafael/.m2/repository/org/springframework/boot/spring-boot-starter/2.0.3.RELEASE/spring-boot-starter-2.0.3.RELEASE.jar:/home/rafael/.m2/repository/org/springframework/boot/spring-boot-starter-logging/2.0.3.RELEASE/spring-boot-starter-logging-2.0.3.RELEASE.jar:/home/rafael/.m2/repository/ch/qos/logback/logback-classic/1.2.3/logback-classic-1.2.3.jar:/home/rafael/.m2/repository/ch/qos/logback/logback-core/1.2.3/logback-core-1.2.3.jar:/home/rafael/.m2/repository/org/apache/logging/log4j/log4j-to-slf4j/2.10.0/log4j-to-slf4j-2.10.0.jar:/home/rafael/.m2/repository/org/apache/logging/log4j/log4j-api/2.10.0/log4j-api-2.10.0.jar:/home/rafael/.m2/repository/org/slf4j/jul-to-slf4j/1.7.25/jul-to-slf4j-1.7.25.jar:/home/rafael/.m2/repository/javax/annotation/javax.annotation-api/1.3.2/javax.annotation-api-1.3.2.jar:/home/rafael/.m2/repository/org/yaml/snakeyaml/1.19/snakeyaml-1.19.jar:/home/rafael/.m2/repository/org/springframework/boot/spring-boot-starter-json/2.0.3.RELEASE/spring-boot-starter-json-2.0.3.RELEASE.jar:/home/rafael/.m2/repository/com/fasterxml/jackson/datatype/jackson-datatype-jdk8/2.9.6/jackson-datatype-jdk8-2.9.6.jar:/home/rafael/.m2/repository/com/fasterxml/jackson/datatype/jackson-datatype-jsr310/2.9.6/jackson-datatype-jsr310-2.9.6.jar:/home/rafael/.m2/repository/com/fasterxml/jackson/module/jackson-module-parameter-names/2.9.6/jackson-module-parameter-names-2.9.6.jar:/home/rafael/.m2/repository/org/springframework/boot/spring-boot-starter-tomcat/2.0.3.RELEASE/spring-boot-starter-tomcat-2.0.3.RELEASE.jar:/home/rafael/.m2/repository/org/apache/tomcat/embed/tomcat-embed-core/8.5.31/tomcat-embed-core-8.5.31.jar:/home/rafael/.m2/repository/org/apache/tomcat/embed/tomcat-embed-el/8.5.31/tomcat-embed-el-8.5.31.jar:/home/rafael/.m2/repository/org/apache/tomcat/embed/tomcat-embed-websocket/8.5.31/tomcat-embed-websocket-8.5.31.jar:/home/rafael/.m2/repository/org/hibernate/validator/hibernate-validator/6.0.10.Final/hibernate-validator-6.0.10.Final.jar:/home/rafael/.m2/repository/javax/validation/validation-api/2.0.1.Final/validation-api-2.0.1.Final.jar:/home/rafael/.m2/repository/org/jboss/logging/jboss-logging/3.3.2.Final/jboss-logging-3.3.2.Final.jar:/home/rafael/.m2/repository/com/fasterxml/classmate/1.3.4/classmate-1.3.4.jar:/home/rafael/.m2/repository/org/springframework/spring-webmvc/5.0.7.RELEASE/spring-webmvc-5.0.7.RELEASE.jar:/home/rafael/.m2/repository/org/springframework/boot/spring-boot-starter-test/2.0.3.RELEASE/spring-boot-starter-test-2.0.3.RELEASE.jar:/home/rafael/.m2/repository/org/springframework/boot/spring-boot-test/2.0.3.RELEASE/spring-boot-test-2.0.3.RELEASE.jar:/home/rafael/.m2/repository/org/springframework/boot/spring-boot-test-autoconfigure/2.0.3.RELEASE/spring-boot-test-autoconfigure-2.0.3.RELEASE.jar:/home/rafael/.m2/repository/com/jayway/jsonpath/json-path/2.4.0/json-path-2.4.0.jar:/home/rafael/.m2/repository/net/minidev/json-smart/2.3/json-smart-2.3.jar:/home/rafael/.m2/repository/net/minidev/accessors-smart/1.2/accessors-smart-1.2.jar:/home/rafael/.m2/repository/org/ow2/asm/asm/5.0.4/asm-5.0.4.jar:/home/rafael/.m2/repository/org/slf4j/slf4j-api/1.7.25/slf4j-api-1.7.25.jar:/home/rafael/.m2/repository/junit/junit/4.12/junit-4.12.jar:/home/rafael/.m2/repository/org/assertj/assertj-core/3.9.1/assertj-core-3.9.1.jar:/home/rafael/.m2/repository/org/mockito/mockito-core/2.15.0/mockito-core-2.15.0.jar:/home/rafael/.m2/repository/net/bytebuddy/byte-buddy/1.7.9/byte-buddy-1.7.9.jar:/home/rafael/.m2/repository/net/bytebuddy/byte-buddy-agent/1.7.9/byte-buddy-agent-1.7.9.jar:/home/rafael/.m2/repository/org/objenesis/objenesis/2.6/objenesis-2.6.jar:/home/rafael/.m2/repository/org/hamcrest/hamcrest-core/1.3/hamcrest-core-1.3.jar:/home/rafael/.m2/repository/org/hamcrest/hamcrest-library/1.3/hamcrest-library-1.3.jar:/home/rafael/.m2/repository/org/skyscreamer/jsonassert/1.5.0/jsonassert-1.5.0.jar:/home/rafael/.m2/repository/com/vaadin/external/google/android-json/0.0.20131108.vaadin1/android-json-0.0.20131108.vaadin1.jar:/home/rafael/.m2/repository/org/springframework/spring-test/5.0.7.RELEASE/spring-test-5.0.7.RELEASE.jar:/home/rafael/.m2/repository/org/xmlunit/xmlunit-core/2.5.1/xmlunit-core-2.5.1.jar:/home/rafael/.m2/repository/org/springframework/boot/spring-boot-starter-security/2.0.4.RELEASE/spring-boot-starter-security-2.0.4.RELEASE.jar:/home/rafael/.m2/repository/org/springframework/spring-aop/5.0.8.RELEASE/spring-aop-5.0.8.RELEASE.jar:/home/rafael/.m2/repository/org/springframework/security/spring-security-config/5.0.7.RELEASE/spring-security-config-5.0.7.RELEASE.jar:/home/rafael/.m2/repository/org/springframework/security/spring-security-core/5.0.7.RELEASE/spring-security-core-5.0.7.RELEASE.jar:/home/rafael/.m2/repository/org/springframework/security/spring-security-web/5.0.7.RELEASE/spring-security-web-5.0.7.RELEASE.jar:/home/rafael/.m2/repository/org/springframework/boot/spring-boot/2.0.4.RELEASE/spring-boot-2.0.4.RELEASE.jar:/home/rafael/.m2/repository/org/springframework/spring-context/5.0.7.RELEASE/spring-context-5.0.7.RELEASE.jar:/home/rafael/.m2/repository/org/springframework/spring-beans/5.0.7.RELEASE/spring-beans-5.0.7.RELEASE.jar:/home/rafael/.m2/repository/org/springframework/spring-expression/5.0.7.RELEASE/spring-expression-5.0.7.RELEASE.jar:/home/rafael/.m2/repository/org/springframework/spring-core/5.0.7.RELEASE/spring-core-5.0.7.RELEASE.jar:/home/rafael/.m2/repository/org/springframework/spring-jcl/5.0.7.RELEASE/spring-jcl-5.0.7.RELEASE.jar:/home/rafael/.m2/repository/org/springframework/boot/spring-boot-autoconfigure/2.0.3.RELEASE/spring-boot-autoconfigure-2.0.3.RELEASE.jar:/home/rafael/.m2/repository/org/springframework/spring-web/5.0.7.RELEASE/spring-web-5.0.7.RELEASE.jar:/home/rafael/.m2/repository/io/jsonwebtoken/jjwt/0.9.1/jjwt-0.9.1.jar:/home/rafael/.m2/repository/com/fasterxml/jackson/core/jackson-databind/2.9.6/jackson-databind-2.9.6.jar:/home/rafael/.m2/repository/com/fasterxml/jackson/core/jackson-annotations/2.9.0/jackson-annotations-2.9.0.jar:/home/rafael/.m2/repository/com/fasterxml/jackson/core/jackson-core/2.9.6/jackson-core-2.9.6.jar:/home/rafael/.m2/repository/org/junit/jupiter/junit-jupiter-api/5.1.0/junit-jupiter-api-5.1.0.jar:/home/rafael/.m2/repository/org/apiguardian/apiguardian-api/1.0.0/apiguardian-api-1.0.0.jar:/home/rafael/.m2/repository/org/opentest4j/opentest4j/1.0.0/opentest4j-1.0.0.jar:/home/rafael/.m2/repository/org/junit/platform/junit-platform-commons/1.1.0/junit-platform-commons-1.1.0.jar:/home/rafael/.m2/repository/org/mongodb/mongodb-driver-sync/3.9.1/mongodb-driver-sync-3.9.1.jar:/home/rafael/.m2/repository/org/mongodb/bson/3.9.1/bson-3.9.1.jar:/home/rafael/.m2/repository/org/mongodb/mongodb-driver-core/3.9.1/mongodb-driver-core-3.9.1.jar:"/>
    <property name="java.vm.vendor" value="Amazon.com Inc."/>
    <property name="sun.arch.data.model" value="64"/>
    <property name="java.vendor.url" value="https://aws.amazon.com/corretto/"/>
    <property name="user.timezone" value=""/>
    <property name="java.vm.specification.version" value="1.8"/>
    <property name="os.name" value="Linux"/>
    <property name="sun.java.launcher" value="SUN_STANDARD"/>
    <property name="sun.boot.library.path" value="/home/rafael/.sdkman/candidates/java/8.322.06.2-amzn/jre/lib/amd64"/>
    <property name="sun.java.command" value="/mnt/d/workspace/mflix/target/surefire/surefirebooter7790051662045227621.jar /mnt/d/workspace/mflix/target/surefire 2022-09-26T08-10-39_910-jvmRun1 surefire8685346979921613945tmp surefire_01815095235943455462tmp"/>
    <property name="test" value="UsingAggregationBuilders"/>
    <property name="surefire.test.class.path" value="/mnt/d/workspace/mflix/target/test-classes:/mnt/d/workspace/mflix/target/classes:/home/rafael/.m2/repository/org/springframework/boot/spring-boot-starter-web/2.0.3.RELEASE/spring-boot-starter-web-2.0.3.RELEASE.jar:/home/rafael/.m2/repository/org/springframework/boot/spring-boot-starter/2.0.3.RELEASE/spring-boot-starter-2.0.3.RELEASE.jar:/home/rafael/.m2/repository/org/springframework/boot/spring-boot-starter-logging/2.0.3.RELEASE/spring-boot-starter-logging-2.0.3.RELEASE.jar:/home/rafael/.m2/repository/ch/qos/logback/logback-classic/1.2.3/logback-classic-1.2.3.jar:/home/rafael/.m2/repository/ch/qos/logback/logback-core/1.2.3/logback-core-1.2.3.jar:/home/rafael/.m2/repository/org/apache/logging/log4j/log4j-to-slf4j/2.10.0/log4j-to-slf4j-2.10.0.jar:/home/rafael/.m2/repository/org/apache/logging/log4j/log4j-api/2.10.0/log4j-api-2.10.0.jar:/home/rafael/.m2/repository/org/slf4j/jul-to-slf4j/1.7.25/jul-to-slf4j-1.7.25.jar:/home/rafael/.m2/repository/javax/annotation/javax.annotation-api/1.3.2/javax.annotation-api-1.3.2.jar:/home/rafael/.m2/repository/org/yaml/snakeyaml/1.19/snakeyaml-1.19.jar:/home/rafael/.m2/repository/org/springframework/boot/spring-boot-starter-json/2.0.3.RELEASE/spring-boot-starter-json-2.0.3.RELEASE.jar:/home/rafael/.m2/repository/com/fasterxml/jackson/datatype/jackson-datatype-jdk8/2.9.6/jackson-datatype-jdk8-2.9.6.jar:/home/rafael/.m2/repository/com/fasterxml/jackson/datatype/jackson-datatype-jsr310/2.9.6/jackson-datatype-jsr310-2.9.6.jar:/home/rafael/.m2/repository/com/fasterxml/jackson/module/jackson-module-parameter-names/2.9.6/jackson-module-parameter-names-2.9.6.jar:/home/rafael/.m2/repository/org/springframework/boot/spring-boot-starter-tomcat/2.0.3.RELEASE/spring-boot-starter-tomcat-2.0.3.RELEASE.jar:/home/rafael/.m2/repository/org/apache/tomcat/embed/tomcat-embed-core/8.5.31/tomcat-embed-core-8.5.31.jar:/home/rafael/.m2/repository/org/apache/tomcat/embed/tomcat-embed-el/8.5.31/tomcat-embed-el-8.5.31.jar:/home/rafael/.m2/repository/org/apache/tomcat/embed/tomcat-embed-websocket/8.5.31/tomcat-embed-websocket-8.5.31.jar:/home/rafael/.m2/repository/org/hibernate/validator/hibernate-validator/6.0.10.Final/hibernate-validator-6.0.10.Final.jar:/home/rafael/.m2/repository/javax/validation/validation-api/2.0.1.Final/validation-api-2.0.1.Final.jar:/home/rafael/.m2/repository/org/jboss/logging/jboss-logging/3.3.2.Final/jboss-logging-3.3.2.Final.jar:/home/rafael/.m2/repository/com/fasterxml/classmate/1.3.4/classmate-1.3.4.jar:/home/rafael/.m2/repository/org/springframework/spring-webmvc/5.0.7.RELEASE/spring-webmvc-5.0.7.RELEASE.jar:/home/rafael/.m2/repository/org/springframework/boot/spring-boot-starter-test/2.0.3.RELEASE/spring-boot-starter-test-2.0.3.RELEASE.jar:/home/rafael/.m2/repository/org/springframework/boot/spring-boot-test/2.0.3.RELEASE/spring-boot-test-2.0.3.RELEASE.jar:/home/rafael/.m2/repository/org/springframework/boot/spring-boot-test-autoconfigure/2.0.3.RELEASE/spring-boot-test-autoconfigure-2.0.3.RELEASE.jar:/home/rafael/.m2/repository/com/jayway/jsonpath/json-path/2.4.0/json-path-2.4.0.jar:/home/rafael/.m2/repository/net/minidev/json-smart/2.3/json-smart-2.3.jar:/home/rafael/.m2/repository/net/minidev/accessors-smart/1.2/accessors-smart-1.2.jar:/home/rafael/.m2/repository/org/ow2/asm/asm/5.0.4/asm-5.0.4.jar:/home/rafael/.m2/repository/org/slf4j/slf4j-api/1.7.25/slf4j-api-1.7.25.jar:/home/rafael/.m2/repository/junit/junit/4.12/junit-4.12.jar:/home/rafael/.m2/repository/org/assertj/assertj-core/3.9.1/assertj-core-3.9.1.jar:/home/rafael/.m2/repository/org/mockito/mockito-core/2.15.0/mockito-core-2.15.0.jar:/home/rafael/.m2/repository/net/bytebuddy/byte-buddy/1.7.9/byte-buddy-1.7.9.jar:/home/rafael/.m2/repository/net/bytebuddy/byte-buddy-agent/1.7.9/byte-buddy-agent-1.7.9.jar:/home/rafael/.m2/repository/org/objenesis/objenesis/2.6/objenesis-2.6.jar:/home/rafael/.m2/repository/org/hamcrest/hamcrest-core/1.3/hamcrest-core-1.3.jar:/home/rafael/.m2/repository/org/hamcrest/hamcrest-library/1.3/hamcrest-library-1.3.jar:/home/rafael/.m2/repository/org/skyscreamer/jsonassert/1.5.0/jsonassert-1.5.0.jar:/home/rafael/.m2/repository/com/vaadin/external/google/android-json/0.0.20131108.vaadin1/android-json-0.0.20131108.vaadin1.jar:/home/rafael/.m2/repository/org/springframework/spring-test/5.0.7.RELEASE/spring-test-5.0.7.RELEASE.jar:/home/rafael/.m2/repository/org/xmlunit/xmlunit-core/2.5.1/xmlunit-core-2.5.1.jar:/home/rafael/.m2/repository/org/springframework/boot/spring-boot-starter-security/2.0.4.RELEASE/spring-boot-starter-security-2.0.4.RELEASE.jar:/home/rafael/.m2/repository/org/springframework/spring-aop/5.0.8.RELEASE/spring-aop-5.0.8.RELEASE.jar:/home/rafael/.m2/repository/org/springframework/security/spring-security-config/5.0.7.RELEASE/spring-security-config-5.0.7.RELEASE.jar:/home/rafael/.m2/repository/org/springframework/security/spring-security-core/5.0.7.RELEASE/spring-security-core-5.0.7.RELEASE.jar:/home/rafael/.m2/repository/org/springframework/security/spring-security-web/5.0.7.RELEASE/spring-security-web-5.0.7.RELEASE.jar:/home/rafael/.m2/repository/org/springframework/boot/spring-boot/2.0.4.RELEASE/spring-boot-2.0.4.RELEASE.jar:/home/rafael/.m2/repository/org/springframework/spring-context/5.0.7.RELEASE/spring-context-5.0.7.RELEASE.jar:/home/rafael/.m2/repository/org/springframework/spring-beans/5.0.7.RELEASE/spring-beans-5.0.7.RELEASE.jar:/home/rafael/.m2/repository/org/springframework/spring-expression/5.0.7.RELEASE/spring-expression-5.0.7.RELEASE.jar:/home/rafael/.m2/repository/org/springframework/spring-core/5.0.7.RELEASE/spring-core-5.0.7.RELEASE.jar:/home/rafael/.m2/repository/org/springframework/spring-jcl/5.0.7.RELEASE/spring-jcl-5.0.7.RELEASE.jar:/home/rafael/.m2/repository/org/springframework/boot/spring-boot-autoconfigure/2.0.3.RELEASE/spring-boot-autoconfigure-2.0.3.RELEASE.jar:/home/rafael/.m2/repository/org/springframework/spring-web/5.0.7.RELEASE/spring-web-5.0.7.RELEASE.jar:/home/rafael/.m2/repository/io/jsonwebtoken/jjwt/0.9.1/jjwt-0.9.1.jar:/home/rafael/.m2/repository/com/fasterxml/jackson/core/jackson-databind/2.9.6/jackson-databind-2.9.6.jar:/home/rafael/.m2/repository/com/fasterxml/jackson/core/jackson-annotations/2.9.0/jackson-annotations-2.9.0.jar:/home/rafael/.m2/repository/com/fasterxml/jackson/core/jackson-core/2.9.6/jackson-core-2.9.6.jar:/home/rafael/.m2/repository/org/junit/jupiter/junit-jupiter-api/5.1.0/junit-jupiter-api-5.1.0.jar:/home/rafael/.m2/repository/org/apiguardian/apiguardian-api/1.0.0/apiguardian-api-1.0.0.jar:/home/rafael/.m2/repository/org/opentest4j/opentest4j/1.0.0/opentest4j-1.0.0.jar:/home/rafael/.m2/repository/org/junit/platform/junit-platform-commons/1.1.0/junit-platform-commons-1.1.0.jar:/home/rafael/.m2/repository/org/mongodb/mongodb-driver-sync/3.9.1/mongodb-driver-sync-3.9.1.jar:/home/rafael/.m2/repository/org/mongodb/bson/3.9.1/bson-3.9.1.jar:/home/rafael/.m2/repository/org/mongodb/mongodb-driver-core/3.9.1/mongodb-driver-core-3.9.1.jar:"/>
    <property name="sun.cpu.endian" value="little"/>
    <property name="user.home" value="/home/rafael"/>
    <property name="user.language" value="en"/>
    <property name="java.specification.vendor" value="Oracle Corporation"/>
    <property name="java.home" value="/home/rafael/.sdkman/candidates/java/8.322.06.2-amzn/jre"/>
    <property name="basedir" value="/mnt/d/workspace/mflix"/>
    <property name="file.separator" value="/"/>
    <property name="line.separator" value="&#10;"/>
    <property name="java.vm.specification.vendor" value="Oracle Corporation"/>
    <property name="java.specification.name" value="Java Platform API Specification"/>
    <property name="java.awt.graphicsenv" value="sun.awt.X11GraphicsEnvironment"/>
    <property name="surefire.real.class.path" value="/mnt/d/workspace/mflix/target/surefire/surefirebooter7790051662045227621.jar"/>
    <property name="sun.boot.class.path" value="/home/rafael/.sdkman/candidates/java/8.322.06.2-amzn/jre/lib/resources.jar:/home/rafael/.sdkman/candidates/java/8.322.06.2-amzn/jre/lib/rt.jar:/home/rafael/.sdkman/candidates/java/8.322.06.2-amzn/jre/lib/sunrsasign.jar:/home/rafael/.sdkman/candidates/java/8.322.06.2-amzn/jre/lib/jsse.jar:/home/rafael/.sdkman/candidates/java/8.322.06.2-amzn/jre/lib/jce.jar:/home/rafael/.sdkman/candidates/java/8.322.06.2-amzn/jre/lib/charsets.jar:/home/rafael/.sdkman/candidates/java/8.322.06.2-amzn/jre/lib/jfr.jar:/home/rafael/.sdkman/candidates/java/8.322.06.2-amzn/jre/classes"/>
    <property name="sun.management.compiler" value="HotSpot 64-Bit Tiered Compilers"/>
    <property name="java.runtime.version" value="1.8.0_322-b06"/>
    <property name="user.name" value="rafael"/>
    <property name="path.separator" value=":"/>
    <property name="os.version" value="5.10.102.1-microsoft-standard-WSL2"/>
    <property name="java.endorsed.dirs" value="/home/rafael/.sdkman/candidates/java/8.322.06.2-amzn/jre/lib/endorsed"/>
    <property name="java.runtime.name" value="OpenJDK Runtime Environment"/>
    <property name="file.encoding" value="UTF-8"/>
    <property name="java.vm.name" value="OpenJDK 64-Bit Server VM"/>
    <property name="localRepository" value="/home/rafael/.m2/repository"/>
    <property name="java.vendor.url.bug" value="https://github.com/corretto/corretto-8/issues/"/>
    <property name="java.io.tmpdir" value="/tmp"/>
    <property name="java.version" value="1.8.0_322"/>
    <property name="user.dir" value="/mnt/d/workspace/mflix"/>
    <property name="os.arch" value="amd64"/>
    <property name="java.vm.specification.name" value="Java Virtual Machine Specification"/>
    <property name="java.awt.printerjob" value="sun.print.PSPrinterJob"/>
    <property name="sun.os.patch.level" value="unknown"/>
    <property name="java.library.path" value="/usr/java/packages/lib/amd64:/usr/lib64:/lib64:/lib:/usr/lib"/>
    <property name="java.vm.info" value="mixed mode"/>
    <property name="java.vendor" value="Amazon.com Inc."/>
    <property name="java.vm.version" value="25.322-b06"/>
    <property name="java.ext.dirs" value="/home/rafael/.sdkman/candidates/java/8.322.06.2-amzn/jre/lib/ext:/usr/java/packages/lib/ext"/>
    <property name="sun.io.unicode.encoding" value="UnicodeLittle"/>
    <property name="java.class.version" value="52.0"/>
  </properties>
  <testcase name="singleStageAggregation" classname="mflix.lessons.UsingAggregationBuilders" time="1.171"/>
  <testcase name="complexStages" classname="mflix.lessons.UsingAggregationBuilders" time="0.408"/>
  <testcase name="aggregateSeveralStages" classname="mflix.lessons.UsingAggregationBuilders" time="0.47">
    <failure message="expected:&lt;[Document{{_id=Leonor Silveira, count=8}}, Document{{_id=Joaquim de Almeida, count=6}}, Document{{_id=Isabel Ruth, count=6}}, Document{{_id=Joèo Cèsar Monteiro, count=5}}, Document{{_id=John Malkovich, count=5}}, Document{{_id=Maria de Medeiros, count=5}}, Document{{_id=Catherine Deneuve, count=5}}, Document{{_id=Ricardo Trèpa, count=5}}, Document{{_id=Luès Miguel Cintra, count=4}}, Document{{_id=Ana Bustorff, count=4}}, Document{{_id=Diogo Dèria, count=4}}, Document{{_id=Rita Blanco, count=3}}, Document{{_id=Beatriz Batarda, count=3}}, Document{{_id=Karra Elejalde, count=3}}, Document{{_id=Melvil Poupaud, count=3}}, Document{{_id=Vanda Duarte, count=3}}, Document{{_id=Marcello Mastroianni, count=3}}, Document{{_id=Leonor Baldaque, count=3}}, Document{{_id=Adriano Luz, count=3}}, Document{{_id=Michel Piccoli, count=3}}, Document{{_id=Manuela de Freitas, count=3}}, Document{{_id=Soraia Chaves, count=2}}, Document{{_id=Francisco Gaspar, count=2}}, Document{{_id=Gabino Diego, count=2}}, Document{{_id=Daniel de Oliveira, count=2}}, Document{{_id=Louis Garrel, count=2}}, Document{{_id=Diogo Infante, count=2}}, Document{{_id=Cleia Almeida, count=2}}, Document{{_id=Joana de Verona, count=2}}, Document{{_id=Ventura, count=2}}, Document{{_id=Nuno Lopes, count=2}}, Document{{_id=Rafael Morais, count=2}}, Document{{_id=Miguel Gomes, count=2}}, Document{{_id=Isa Hochgerner, count=2}}, Document{{_id=Rogèrio Samora, count=2}}, Document{{_id=Joana Preiss, count=2}}, Document{{_id=Ruy Furtado, count=2}}, Document{{_id=Verena Jasch, count=2}}, Document{{_id=Marisa Paredes, count=2}}, Document{{_id=Antoine Chappey, count=2}}, Document{{_id=Sergio Rubini, count=2}}, Document{{_id=Gustavo Sumpta, count=2}}, Document{{_id=Thomas Baumann, count=2}}, Document{{_id=Adolfo Assor, count=2}}, Document{{_id=Canto e Castro, count=2}}, Document{{_id=Pilar Lèpez de Ayala, count=2}}, Document{{_id=Teresa Madruga, count=2}}, Document{{_id=Luis Tosar, count=2}}, Document{{_id=Thogun, count=2}}, Document{{_id=Lou Bihler, count=1}}, Document{{_id=Ricardo Meneses, count=1}}, Document{{_id=Rita Klein, count=1}}, Document{{_id=Samuli Kosminen, count=1}}, Document{{_id=Jean-Franèois Balmer, count=1}}, Document{{_id=Filipa de Almeida, count=1}}, Document{{_id=èngels Barcelè, count=1}}, Document{{_id=Jeremy Irons, count=1}}, Document{{_id=Devon Anderson, count=1}}, Document{{_id=Corey Large, count=1}}, Document{{_id=Skyler Day, count=1}}, Document{{_id=Serge Daney, count=1}}, Document{{_id=Alberto San Juan, count=1}}, Document{{_id=Anna Galiena, count=1}}, Document{{_id=Joana Azevedo, count=1}}, Document{{_id=Elsa Zylberstein, count=1}}, Document{{_id=Bèatrice Dalle, count=1}}, Document{{_id=Manuela Couto, count=1}}, Document{{_id=Melchior Derouet, count=1}}, Document{{_id=Francis Frappat, count=1}}, Document{{_id=Nuno Casanovas, count=1}}, Document{{_id=Chico Dèaz, count=1}}, Document{{_id=Ricardo Azevedo, count=1}}, Document{{_id=Cècile Sanz de Alba, count=1}}, Document{{_id=Rui Gomes, count=1}}, Document{{_id=August Diehl, count=1}}, Document{{_id=Eurico Vieira, count=1}}, Document{{_id=Alexandra Maria Lara, count=1}}, Document{{_id=Clarisse Abujamra, count=1}}, Document{{_id=Lydie Barbara, count=1}}, Document{{_id=Jaime Pereira, count=1}}, Document{{_id=Jèlia Buisel, count=1}}, Document{{_id=Andre Barbosa, count=1}}, Document{{_id=Marco D&apos;Almeida, count=1}}, Document{{_id=Nuno Bernardo, count=1}}, Document{{_id=Juanjo Puigcorbè, count=1}}, Document{{_id=Fernando Luès, count=1}}, Document{{_id=Ricardo Pereira, count=1}}, Document{{_id=Micaela Cardoso, count=1}}, Document{{_id=Crista Alfaiate, count=1}}, Document{{_id=Antènio Pedroso, count=1}}, Document{{_id=Ivo Barroso, count=1}}, Document{{_id=Walter Kohut, count=1}}, Document{{_id=Filippo Nigro, count=1}}, Document{{_id=Brigitte Fossey, count=1}}, Document{{_id=Beatriz Torcato, count=1}}, Document{{_id=èlodie Bouchez, count=1}}, Document{{_id=Joèo Cajuda, count=1}}, Document{{_id=Chiara Mastroianni, count=1}}, Document{{_id=Vicky Peèa, count=1}}, Document{{_id=Maurice Bènichou, count=1}}, Document{{_id=Juan Diego Botto, count=1}}, Document{{_id=Amba Bihler, count=1}}, Document{{_id=Bulle Ogier, count=1}}, Document{{_id=Isabelle Huppert, count=1}}, Document{{_id=Rodrigo Perdigèo, count=1}}, Document{{_id=Antènio Assunèèo, count=1}}, Document{{_id=Joèo Carreira, count=1}}, Document{{_id=John Jesus Romèo, count=1}}, Document{{_id=Alix Wilton Regan, count=1}}, Document{{_id=Marcos Caruso, count=1}}, Document{{_id=Josè Airosa, count=1}}, Document{{_id=Iciar Bollain, count=1}}, Document{{_id=Leos Carax, count=1}}, Document{{_id=Luès Melo, count=1}}, Document{{_id=Arielle Dombasle, count=1}}, Document{{_id=Lila Downs, count=1}}, Document{{_id=Amira Casar, count=1}}, Document{{_id=Robert Kramer, count=1}}, Document{{_id=Guy Marchand, count=1}}, Document{{_id=Scott Bailey, count=1}}, Document{{_id=Jack Huston, count=1}}, Document{{_id=Juan Echanove, count=1}}, Document{{_id=Joèo Marèal, count=1}}, Document{{_id=Nuno Gil, count=1}}, Document{{_id=Francesca Prandi, count=1}}, Document{{_id=Frèdèric Pierrot, count=1}}, Document{{_id=Tèmas Lemarquis, count=1}}, Document{{_id=Sandra Adair, count=1}}, Document{{_id=Julie Balloo, count=1}}, Document{{_id=Clara Lago, count=1}}, Document{{_id=Daniel Duval, count=1}}, Document{{_id=Charo Lèpez, count=1}}, Document{{_id=Nuno Leonel, count=1}}, Document{{_id=Charles Berling, count=1}}, Document{{_id=Nik Xhelilaj, count=1}}, Document{{_id=Antonio Santos, count=1}}, Document{{_id=Edith Scob, count=1}}, Document{{_id=Vasco Sequeira, count=1}}, Document{{_id=Joèo Roldan, count=1}}, Document{{_id=Fèbio Oliveira, count=1}}, Document{{_id=Massimo Girotti, count=1}}, Document{{_id=Timo Kèmèrèinen, count=1}}, Document{{_id=Maria Joèo Bastos, count=1}}, Document{{_id=Kevin Durand, count=1}}, Document{{_id=Stefania Goulioti, count=1}}, Document{{_id=Lena Duarte, count=1}}, Document{{_id=Telmo Churro, count=1}}, Document{{_id=Jean-Yves Gautier, count=1}}, Document{{_id=Rita Pereira Marques, count=1}}, Document{{_id=Robert Pattinson, count=1}}, Document{{_id=Cian Barry, count=1}}, Document{{_id=Silvia Munt, count=1}}, Document{{_id=Jonathan Genet, count=1}}, Document{{_id=Helmut Griem, count=1}}, Document{{_id=Nuno Vaz, count=1}}, Document{{_id=Joèo Pedro Rodrigues, count=1}}, Document{{_id=Frank Baker, count=1}}, Document{{_id=Sami Kuoppamèki, count=1}}, Document{{_id=Maren Ade, count=1}}, Document{{_id=Daniel Auteuil, count=1}}, Document{{_id=Cindy Scrash, count=1}}, Document{{_id=Shaghayegh Beheshti, count=1}}, Document{{_id=Lambert Wilson, count=1}}, Document{{_id=Harvey Keitel, count=1}}, Document{{_id=Vitalina Varela, count=1}}, Document{{_id=Erika Alexander, count=1}}, Document{{_id=Diogo Morgado, count=1}}, Document{{_id=Beatrice Brown, count=1}}, Document{{_id=Johan Libèreau, count=1}}, Document{{_id=Jean-Pierre Rehm, count=1}}, Document{{_id=Olivia Corsini, count=1}}, Document{{_id=Marcelo Faria, count=1}}, Document{{_id=Petronio Gontijo, count=1}}, Document{{_id=Leonor Watling, count=1}}, Document{{_id=Florentina Dumitru, count=1}}, Document{{_id=Colm Feore, count=1}}, Document{{_id=Amèrico Mota, count=1}}, Document{{_id=Emma Griffiths Malin, count=1}}, Document{{_id=Manuel Soares, count=1}}, Document{{_id=Joana Santos, count=1}}, Document{{_id=Vincent Perez, count=1}}, Document{{_id=Roschdy Zem, count=1}}, Document{{_id=Daniele Liotti, count=1}}, Document{{_id=Fernanda Torres, count=1}}, Document{{_id=Domingos Fernandes Fonseca, count=1}}, Document{{_id=Camanè, count=1}}, Document{{_id=èric Caravaca, count=1}}, Document{{_id=Richard Courcet, count=1}}, Document{{_id=Alexandra Lencastre, count=1}}, Document{{_id=Bruna Di Tullio, count=1}}, Document{{_id=Rebecca Gomperts, count=1}}, Document{{_id=Isabelle Weingarten, count=1}}, Document{{_id=Sabine Azèma, count=1}}, Document{{_id=Emmanuelle Bèart, count=1}}, Document{{_id=Ana Graciela, count=1}}, Document{{_id=Andreas Wilson, count=1}}, Document{{_id=Carloto Cotta, count=1}}, Document{{_id=Pilar del Rèo, count=1}}, Document{{_id=Carlos do Carmo, count=1}}, Document{{_id=Fernando Alves Pinto, count=1}}, Document{{_id=Dieter Laser, count=1}}, Document{{_id=Reginaldo Faria, count=1}}, Document{{_id=Mèrcio Libar, count=1}}, Document{{_id=Christian Vadim, count=1}}, Document{{_id=Catarina Wallenstein, count=1}}, Document{{_id=Paul Giamatti, count=1}}, Document{{_id=Stefano Dionisi, count=1}}, Document{{_id=Hortèncèlio Aquina, count=1}}, Document{{_id=Miriam Dèaz-Aroca, count=1}}, Document{{_id=Jorge Silva Melo, count=1}}, Document{{_id=Mariya Lipkina, count=1}}, Document{{_id=Raoul Bova, count=1}}, Document{{_id=Fernando Guillèn Cuervo, count=1}}, Document{{_id=Marta Etura, count=1}}, Document{{_id=Anabela Moreira, count=1}}, Document{{_id=Israel Gouvea, count=1}}, Document{{_id=Afonso Pimentel, count=1}}, Document{{_id=Vèctor Valdivia, count=1}}, Document{{_id=Francisco Mozos, count=1}}, Document{{_id=Rebeca Close, count=1}}, Document{{_id=Sophie Guillemin, count=1}}, Document{{_id=Joaquim Pinto, count=1}}, Document{{_id=Joaquim Carvalho, count=1}}, Document{{_id=Argyris Xafis, count=1}}, Document{{_id=Alicia Fehrmann, count=1}}, Document{{_id=Fabienne Babe, count=1}}, Document{{_id=Stepan Nercessian, count=1}}, Document{{_id=Andrès Waas, count=1}}, Document{{_id=Donatello Brida, count=1}}, Document{{_id=Katya Ladan, count=1}}, Document{{_id=Teresa Calado, count=1}}, Document{{_id=Joèo Rui Guerra da Mata, count=1}}, Document{{_id=Paulo Renato, count=1}}, Document{{_id=Inès de Medeiros, count=1}}, Document{{_id=Mercedes Sampietro, count=1}}, Document{{_id=Patrick Bauchau, count=1}}, Document{{_id=Netinho Alves, count=1}}, Document{{_id=Pedro Hestnes, count=1}}, Document{{_id=Nuno Markl, count=1}}, Document{{_id=Fatima Ennaflaoui, count=1}}, Document{{_id=Makena Diop, count=1}}, Document{{_id=Drica Moraes, count=1}}, Document{{_id=Juan Josè Ballesta, count=1}}, Document{{_id=Sebastian Laustsen, count=1}}, Document{{_id=Emma de Caunes, count=1}}, Document{{_id=Pascal Greggory, count=1}}, Document{{_id=Beatriz Duarte, count=1}}, Document{{_id=Ana Cristina de Oliveira, count=1}}, Document{{_id=Neuci de Souza, count=1}}, Document{{_id=Pedro Laginha, count=1}}, Document{{_id=Ana Moreira, count=1}}, Document{{_id=Manuel Manquièa, count=1}}, Document{{_id=Giovanna Mezzogiorno, count=1}}, Document{{_id=Diego Noguera, count=1}}, Document{{_id=Mèlanie Laurent, count=1}}, Document{{_id=Irène Jacob, count=1}}, Document{{_id=Ana Padrèo, count=1}}, Document{{_id=Jèlia Botelho, count=1}}, Document{{_id=Valeria Bruni Tedeschi, count=1}}, Document{{_id=Ellen Page, count=1}}, Document{{_id=Maria Flor, count=1}}, Document{{_id=Antènio Pedro Cerdeira, count=1}}, Document{{_id=Manoel de Oliveira, count=1}}, Document{{_id=Aleksandre Saulov, count=1}}, Document{{_id=Jeffrey Kime, count=1}}, Document{{_id=Cristina Cèmara, count=1}}, Document{{_id=Federico Luppi, count=1}}, Document{{_id=èlex Brendemèhl, count=1}}, Document{{_id=Nuno Porfèrio, count=1}}, Document{{_id=Richard Linklater, count=1}}, Document{{_id=Axel Neumann, count=1}}, Document{{_id=Rèdiger Vogler, count=1}}, Document{{_id=Rui Morrison, count=1}}, Document{{_id=Ivo Canelas, count=1}}, Document{{_id=Cètia Afonso, count=1}}, Document{{_id=Sarah Gadon, count=1}}, Document{{_id=Bruno Todeschini, count=1}}, Document{{_id=Martina Gedeck, count=1}}, Document{{_id=Jean Luis Amorim, count=1}}, Document{{_id=Rita Durèo, count=1}}, Document{{_id=Kimmo Pohjonen, count=1}}, Document{{_id=Alban Ukaj, count=1}}, Document{{_id=Thiago Justino, count=1}}, Document{{_id=Raoul Ruiz, count=1}}, Document{{_id=Ieronymos Kaletsanos, count=1}}, Document{{_id=Serge Nicolai, count=1}}, Document{{_id=Saakanush Vanyan, count=1}}, Document{{_id=Raquel Ascensèo, count=1}}, Document{{_id=Ed Stoppard, count=1}}, Document{{_id=Tito Furtado, count=1}}, Document{{_id=Ilias Stothart, count=1}}, Document{{_id=James Benning, count=1}}, Document{{_id=èlvaro de Luna, count=1}}, Document{{_id=Isabel Abreu, count=1}}, Document{{_id=Clotilde Hesme, count=1}}, Document{{_id=Pedro Granger, count=1}}, Document{{_id=Pedro Abrunhosa, count=1}}, Document{{_id=Carmelo Gèmez, count=1}}, Document{{_id=Oksana Chernych, count=1}}, Document{{_id=Edward Hogg, count=1}}, Document{{_id=Pancho Garcia Aguirre, count=1}}, Document{{_id=Chico Buarque de Hollanda, count=1}}, Document{{_id=Nathalia Galgani, count=1}}, Document{{_id=Valentinas Masalskis, count=1}}, Document{{_id=Sara Carinhas, count=1}}, Document{{_id=Andrzej Seweryn, count=1}}, Document{{_id=Guillermo Toledo, count=1}}, Document{{_id=Geoffrey Carey, count=1}}, Document{{_id=Alexandre Borges, count=1}}, Document{{_id=Elvira Mènguez, count=1}}, Document{{_id=Romain Duris, count=1}}, Document{{_id=Natasha Wightman, count=1}}, Document{{_id=Chandra Malatitch, count=1}}, Document{{_id=Jorge Trèpa, count=1}}, Document{{_id=Manuel Gomes Miranda, count=1}}, Document{{_id=Joao Afonso, count=1}}, Document{{_id=Bebe, count=1}}, Document{{_id=Gonèalo Ferreira De Almeida, count=1}}, Document{{_id=Zita Duarte, count=1}}, Document{{_id=Ricardo Darèn, count=1}}, Document{{_id=Derek Keurvorst, count=1}}, Document{{_id=Armanda Bacelar, count=1}}, Document{{_id=Roberio Lima, count=1}}, Document{{_id=Miguel Guilherme, count=1}}, Document{{_id=Penèlope Cruz, count=1}}, Document{{_id=Tony Ramos, count=1}}, Document{{_id=Stefano Accorsi, count=1}}, Document{{_id=Saffron Burrows, count=1}}, Document{{_id=Miguel Raposo, count=1}}, Document{{_id=Clèudia Teixeira, count=1}}, Document{{_id=Marèa Barranco, count=1}}, Document{{_id=Fernando Fernèn Gèmez, count=1}}, Document{{_id=Giuliano Gemma, count=1}}, Document{{_id=Joaquina Chicau, count=1}}, Document{{_id=Ruy de Carvalho, count=1}}, Document{{_id=Isaach De Bankolè, count=1}}, Document{{_id=Rebecca Pauly, count=1}}, Document{{_id=Rosana Pastor, count=1}}, Document{{_id=Sènia Bandeira, count=1}}, Document{{_id=Maitè Proenèa, count=1}}, Document{{_id=Maria Conchita Alonso, count=1}}, Document{{_id=Dmitriy Podnozov, count=1}}, Document{{_id=Michelle Mania, count=1}}, Document{{_id=Lise Biskup, count=1}}, Document{{_id=Mot Harris Dunlop Stothart, count=1}}, Document{{_id=Eduard Fernèndez, count=1}}, Document{{_id=Oliveira Lopes, count=1}}]&gt; but was:&lt;[Document{{_id=Leonor Silveira, count=8}}, Document{{_id=Isabel Ruth, count=6}}, Document{{_id=Joaquim de Almeida, count=6}}, Document{{_id=Ricardo Trèpa, count=5}}, Document{{_id=John Malkovich, count=5}}, Document{{_id=Maria de Medeiros, count=5}}, Document{{_id=Catherine Deneuve, count=5}}, Document{{_id=Joèo Cèsar Monteiro, count=5}}, Document{{_id=Diogo Dèria, count=4}}, Document{{_id=Ana Bustorff, count=4}}, Document{{_id=Luès Miguel Cintra, count=4}}, Document{{_id=Manuela de Freitas, count=3}}, Document{{_id=Michel Piccoli, count=3}}, Document{{_id=Marcello Mastroianni, count=3}}, Document{{_id=Leonor Baldaque, count=3}}, Document{{_id=Adriano Luz, count=3}}, Document{{_id=Melvil Poupaud, count=3}}, Document{{_id=Vanda Duarte, count=3}}, Document{{_id=Rita Blanco, count=3}}, Document{{_id=Beatriz Batarda, count=3}}, Document{{_id=Karra Elejalde, count=3}}, Document{{_id=Adolfo Assor, count=2}}, Document{{_id=Thomas Baumann, count=2}}, Document{{_id=Canto e Castro, count=2}}, Document{{_id=Teresa Madruga, count=2}}, Document{{_id=Pilar Lèpez de Ayala, count=2}}, Document{{_id=Thogun, count=2}}, Document{{_id=Luis Tosar, count=2}}, Document{{_id=Isa Hochgerner, count=2}}, Document{{_id=Rogèrio Samora, count=2}}, Document{{_id=Ruy Furtado, count=2}}, Document{{_id=Joana Preiss, count=2}}, Document{{_id=Verena Jasch, count=2}}, Document{{_id=Marisa Paredes, count=2}}, Document{{_id=Antoine Chappey, count=2}}, Document{{_id=Sergio Rubini, count=2}}, Document{{_id=Gustavo Sumpta, count=2}}, Document{{_id=Diogo Infante, count=2}}, Document{{_id=Louis Garrel, count=2}}, Document{{_id=Joana de Verona, count=2}}, Document{{_id=Cleia Almeida, count=2}}, Document{{_id=Nuno Lopes, count=2}}, Document{{_id=Miguel Gomes, count=2}}, Document{{_id=Ventura, count=2}}, Document{{_id=Rafael Morais, count=2}}, Document{{_id=Soraia Chaves, count=2}}, Document{{_id=Francisco Gaspar, count=2}}, Document{{_id=Daniel de Oliveira, count=2}}, Document{{_id=Gabino Diego, count=2}}, Document{{_id=Richard Linklater, count=1}}, Document{{_id=Axel Neumann, count=1}}, Document{{_id=Jean Luis Amorim, count=1}}, Document{{_id=Cristina Cèmara, count=1}}, Document{{_id=Federico Luppi, count=1}}, Document{{_id=èlex Brendemèhl, count=1}}, Document{{_id=Nuno Porfèrio, count=1}}, Document{{_id=Aleksandre Saulov, count=1}}, Document{{_id=Jeffrey Kime, count=1}}, Document{{_id=Serge Nicolai, count=1}}, Document{{_id=Ieronymos Kaletsanos, count=1}}, Document{{_id=Rita Durèo, count=1}}, Document{{_id=Kimmo Pohjonen, count=1}}, Document{{_id=Alban Ukaj, count=1}}, Document{{_id=Martina Gedeck, count=1}}, Document{{_id=Bruno Todeschini, count=1}}, Document{{_id=Rèdiger Vogler, count=1}}, Document{{_id=Rui Morrison, count=1}}, Document{{_id=Ivo Canelas, count=1}}, Document{{_id=Pedro Abrunhosa, count=1}}, Document{{_id=Carmelo Gèmez, count=1}}, Document{{_id=Oksana Chernych, count=1}}, Document{{_id=èlvaro de Luna, count=1}}, Document{{_id=Isabel Abreu, count=1}}, Document{{_id=Cètia Afonso, count=1}}, Document{{_id=Clotilde Hesme, count=1}}, Document{{_id=Sarah Gadon, count=1}}, Document{{_id=Ilias Stothart, count=1}}, Document{{_id=Pedro Granger, count=1}}, Document{{_id=James Benning, count=1}}, Document{{_id=Raoul Ruiz, count=1}}, Document{{_id=Saakanush Vanyan, count=1}}, Document{{_id=Raquel Ascensèo, count=1}}, Document{{_id=Ed Stoppard, count=1}}, Document{{_id=Alexandre Borges, count=1}}, Document{{_id=Tito Furtado, count=1}}, Document{{_id=Guillermo Toledo, count=1}}, Document{{_id=Geoffrey Carey, count=1}}, Document{{_id=Elvira Mènguez, count=1}}, Document{{_id=Valentinas Masalskis, count=1}}, Document{{_id=Sara Carinhas, count=1}}, Document{{_id=Andrzej Seweryn, count=1}}, Document{{_id=Romain Duris, count=1}}, Document{{_id=Chandra Malatitch, count=1}}, Document{{_id=Chico Buarque de Hollanda, count=1}}, Document{{_id=Joao Afonso, count=1}}, Document{{_id=Ricardo Darèn, count=1}}, Document{{_id=Edward Hogg, count=1}}, Document{{_id=Derek Keurvorst, count=1}}, Document{{_id=Armanda Bacelar, count=1}}, Document{{_id=Nathalia Galgani, count=1}}, Document{{_id=Gonèalo Ferreira De Almeida, count=1}}, Document{{_id=Zita Duarte, count=1}}, Document{{_id=Bebe, count=1}}, Document{{_id=Natasha Wightman, count=1}}, Document{{_id=Thiago Justino, count=1}}, Document{{_id=Jorge Trèpa, count=1}}, Document{{_id=Manuel Gomes Miranda, count=1}}, Document{{_id=Stefano Accorsi, count=1}}, Document{{_id=Pancho Garcia Aguirre, count=1}}, Document{{_id=Penèlope Cruz, count=1}}, Document{{_id=Tony Ramos, count=1}}, Document{{_id=Miguel Guilherme, count=1}}, Document{{_id=Roberio Lima, count=1}}, Document{{_id=Giuliano Gemma, count=1}}, Document{{_id=Dmitriy Podnozov, count=1}}, Document{{_id=Michelle Mania, count=1}}, Document{{_id=Maitè Proenèa, count=1}}, Document{{_id=Mot Harris Dunlop Stothart, count=1}}, Document{{_id=Marèa Barranco, count=1}}, Document{{_id=Fernando Fernèn Gèmez, count=1}}, Document{{_id=Joaquina Chicau, count=1}}, Document{{_id=Clèudia Teixeira, count=1}}, Document{{_id=Jean-Franèois Balmer, count=1}}, Document{{_id=Saffron Burrows, count=1}}, Document{{_id=Miguel Raposo, count=1}}, Document{{_id=Eduard Fernèndez, count=1}}, Document{{_id=Oliveira Lopes, count=1}}, Document{{_id=Lou Bihler, count=1}}, Document{{_id=Lise Biskup, count=1}}, Document{{_id=Sènia Bandeira, count=1}}, Document{{_id=Rosana Pastor, count=1}}, Document{{_id=Maria Conchita Alonso, count=1}}, Document{{_id=Ruy de Carvalho, count=1}}, Document{{_id=Rebecca Pauly, count=1}}, Document{{_id=Isaach De Bankolè, count=1}}, Document{{_id=Fernando Alves Pinto, count=1}}, Document{{_id=Dieter Laser, count=1}}, Document{{_id=Reginaldo Faria, count=1}}, Document{{_id=Mèrcio Libar, count=1}}, Document{{_id=Pilar del Rèo, count=1}}, Document{{_id=Carlos do Carmo, count=1}}, Document{{_id=Andreas Wilson, count=1}}, Document{{_id=Carloto Cotta, count=1}}, Document{{_id=Mariya Lipkina, count=1}}, Document{{_id=Fernando Guillèn Cuervo, count=1}}, Document{{_id=Marta Etura, count=1}}, Document{{_id=Jorge Silva Melo, count=1}}, Document{{_id=Stefano Dionisi, count=1}}, Document{{_id=Raoul Bova, count=1}}, Document{{_id=Miriam Dèaz-Aroca, count=1}}, Document{{_id=Anabela Moreira, count=1}}, Document{{_id=Christian Vadim, count=1}}, Document{{_id=Catarina Wallenstein, count=1}}, Document{{_id=Paul Giamatti, count=1}}, Document{{_id=Hortèncèlio Aquina, count=1}}, Document{{_id=Francisco Mozos, count=1}}, Document{{_id=Rebeca Close, count=1}}, Document{{_id=Sophie Guillemin, count=1}}, Document{{_id=Joaquim Pinto, count=1}}, Document{{_id=Afonso Pimentel, count=1}}, Document{{_id=Vèctor Valdivia, count=1}}, Document{{_id=Israel Gouvea, count=1}}, Document{{_id=Fabienne Babe, count=1}}, Document{{_id=Alicia Fehrmann, count=1}}, Document{{_id=Joaquim Carvalho, count=1}}, Document{{_id=Argyris Xafis, count=1}}, Document{{_id=Netinho Alves, count=1}}, Document{{_id=Patrick Bauchau, count=1}}, Document{{_id=Drica Moraes, count=1}}, Document{{_id=Teresa Calado, count=1}}, Document{{_id=Joèo Rui Guerra da Mata, count=1}}, Document{{_id=Pedro Hestnes, count=1}}, Document{{_id=Inès de Medeiros, count=1}}, Document{{_id=Paulo Renato, count=1}}, Document{{_id=Katya Ladan, count=1}}, Document{{_id=Mercedes Sampietro, count=1}}, Document{{_id=Nuno Markl, count=1}}, Document{{_id=Makena Diop, count=1}}, Document{{_id=Stepan Nercessian, count=1}}, Document{{_id=Juan Josè Ballesta, count=1}}, Document{{_id=Andrès Waas, count=1}}, Document{{_id=Sebastian Laustsen, count=1}}, Document{{_id=Emma de Caunes, count=1}}, Document{{_id=Neuci de Souza, count=1}}, Document{{_id=Pedro Laginha, count=1}}, Document{{_id=Donatello Brida, count=1}}, Document{{_id=Fatima Ennaflaoui, count=1}}, Document{{_id=Diego Noguera, count=1}}, Document{{_id=Mèlanie Laurent, count=1}}, Document{{_id=Irène Jacob, count=1}}, Document{{_id=Manuel Manquièa, count=1}}, Document{{_id=Giovanna Mezzogiorno, count=1}}, Document{{_id=Pascal Greggory, count=1}}, Document{{_id=Beatriz Duarte, count=1}}, Document{{_id=Ana Cristina de Oliveira, count=1}}, Document{{_id=Ana Moreira, count=1}}, Document{{_id=Manoel de Oliveira, count=1}}, Document{{_id=Ellen Page, count=1}}, Document{{_id=Maria Flor, count=1}}, Document{{_id=Antènio Pedro Cerdeira, count=1}}, Document{{_id=Ana Padrèo, count=1}}, Document{{_id=Jèlia Botelho, count=1}}, Document{{_id=Valeria Bruni Tedeschi, count=1}}, Document{{_id=Antonio Santos, count=1}}, Document{{_id=Edith Scob, count=1}}, Document{{_id=Joèo Roldan, count=1}}, Document{{_id=Vasco Sequeira, count=1}}, Document{{_id=Fèbio Oliveira, count=1}}, Document{{_id=Nik Xhelilaj, count=1}}, Document{{_id=Charles Berling, count=1}}, Document{{_id=Daniel Duval, count=1}}, Document{{_id=Charo Lèpez, count=1}}, Document{{_id=Nuno Leonel, count=1}}, Document{{_id=Lena Duarte, count=1}}, Document{{_id=Telmo Churro, count=1}}, Document{{_id=Kevin Durand, count=1}}, Document{{_id=Stefania Goulioti, count=1}}, Document{{_id=Timo Kèmèrèinen, count=1}}, Document{{_id=Maria Joèo Bastos, count=1}}, Document{{_id=Massimo Girotti, count=1}}, Document{{_id=Nuno Vaz, count=1}}, Document{{_id=Silvia Munt, count=1}}, Document{{_id=Jonathan Genet, count=1}}, Document{{_id=Helmut Griem, count=1}}, Document{{_id=Cian Barry, count=1}}, Document{{_id=Jean-Yves Gautier, count=1}}, Document{{_id=Rita Pereira Marques, count=1}}, Document{{_id=Robert Pattinson, count=1}}, Document{{_id=Cindy Scrash, count=1}}, Document{{_id=Shaghayegh Beheshti, count=1}}, Document{{_id=Daniel Auteuil, count=1}}, Document{{_id=Frank Baker, count=1}}, Document{{_id=Sami Kuoppamèki, count=1}}, Document{{_id=Maren Ade, count=1}}, Document{{_id=Joèo Pedro Rodrigues, count=1}}, Document{{_id=Erika Alexander, count=1}}, Document{{_id=Diogo Morgado, count=1}}, Document{{_id=Beatrice Brown, count=1}}, Document{{_id=Johan Libèreau, count=1}}, Document{{_id=Olivia Corsini, count=1}}, Document{{_id=Lambert Wilson, count=1}}, Document{{_id=Harvey Keitel, count=1}}, Document{{_id=Vitalina Varela, count=1}}, Document{{_id=Colm Feore, count=1}}, Document{{_id=Petronio Gontijo, count=1}}, Document{{_id=Leonor Watling, count=1}}, Document{{_id=Florentina Dumitru, count=1}}, Document{{_id=Marcelo Faria, count=1}}, Document{{_id=Jean-Pierre Rehm, count=1}}, Document{{_id=Vincent Perez, count=1}}, Document{{_id=Roschdy Zem, count=1}}, Document{{_id=Daniele Liotti, count=1}}, Document{{_id=Manuel Soares, count=1}}, Document{{_id=Camanè, count=1}}, Document{{_id=Joana Santos, count=1}}, Document{{_id=Amèrico Mota, count=1}}, Document{{_id=Emma Griffiths Malin, count=1}}, Document{{_id=Isabelle Weingarten, count=1}}, Document{{_id=Emmanuelle Bèart, count=1}}, Document{{_id=Ana Graciela, count=1}}, Document{{_id=Bruna Di Tullio, count=1}}, Document{{_id=èric Caravaca, count=1}}, Document{{_id=Sabine Azèma, count=1}}, Document{{_id=Richard Courcet, count=1}}, Document{{_id=Fernanda Torres, count=1}}, Document{{_id=Alexandra Lencastre, count=1}}, Document{{_id=Domingos Fernandes Fonseca, count=1}}, Document{{_id=Devon Anderson, count=1}}, Document{{_id=Corey Large, count=1}}, Document{{_id=Skyler Day, count=1}}, Document{{_id=Filipa de Almeida, count=1}}, Document{{_id=èngels Barcelè, count=1}}, Document{{_id=Jeremy Irons, count=1}}, Document{{_id=Rita Klein, count=1}}, Document{{_id=Samuli Kosminen, count=1}}, Document{{_id=Serge Daney, count=1}}, Document{{_id=Ricardo Meneses, count=1}}, Document{{_id=Ricardo Azevedo, count=1}}, Document{{_id=Rebecca Gomperts, count=1}}, Document{{_id=Nuno Casanovas, count=1}}, Document{{_id=Chico Dèaz, count=1}}, Document{{_id=Manuela Couto, count=1}}, Document{{_id=Bèatrice Dalle, count=1}}, Document{{_id=Melchior Derouet, count=1}}, Document{{_id=Alberto San Juan, count=1}}, Document{{_id=Anna Galiena, count=1}}, Document{{_id=Joana Azevedo, count=1}}, Document{{_id=Andre Barbosa, count=1}}, Document{{_id=Elsa Zylberstein, count=1}}, Document{{_id=Marco D&apos;Almeida, count=1}}, Document{{_id=Francis Frappat, count=1}}, Document{{_id=Jèlia Buisel, count=1}}, Document{{_id=Jaime Pereira, count=1}}, Document{{_id=Lydie Barbara, count=1}}, Document{{_id=Cècile Sanz de Alba, count=1}}, Document{{_id=Rui Gomes, count=1}}, Document{{_id=August Diehl, count=1}}, Document{{_id=Eurico Vieira, count=1}}, Document{{_id=Alexandra Maria Lara, count=1}}, Document{{_id=Clarisse Abujamra, count=1}}, Document{{_id=Crista Alfaiate, count=1}}, Document{{_id=Ricardo Pereira, count=1}}, Document{{_id=Micaela Cardoso, count=1}}, Document{{_id=Fernando Luès, count=1}}, Document{{_id=Nuno Bernardo, count=1}}, Document{{_id=Juanjo Puigcorbè, count=1}}, Document{{_id=Chiara Mastroianni, count=1}}, Document{{_id=Vicky Peèa, count=1}}, Document{{_id=Maurice Bènichou, count=1}}, Document{{_id=èlodie Bouchez, count=1}}, Document{{_id=Joèo Cajuda, count=1}}, Document{{_id=Walter Kohut, count=1}}, Document{{_id=Filippo Nigro, count=1}}, Document{{_id=Brigitte Fossey, count=1}}, Document{{_id=Beatriz Torcato, count=1}}, Document{{_id=Antènio Pedroso, count=1}}, Document{{_id=Ivo Barroso, count=1}}, Document{{_id=Joèo Carreira, count=1}}, Document{{_id=John Jesus Romèo, count=1}}, Document{{_id=Rodrigo Perdigèo, count=1}}, Document{{_id=Antènio Assunèèo, count=1}}, Document{{_id=Alix Wilton Regan, count=1}}, Document{{_id=Sandra Adair, count=1}}, Document{{_id=Juan Diego Botto, count=1}}, Document{{_id=Amba Bihler, count=1}}, Document{{_id=Bulle Ogier, count=1}}, Document{{_id=Isabelle Huppert, count=1}}, Document{{_id=Lila Downs, count=1}}, Document{{_id=Robert Kramer, count=1}}, Document{{_id=Guy Marchand, count=1}}, Document{{_id=Scott Bailey, count=1}}, Document{{_id=Leos Carax, count=1}}, Document{{_id=Luès Melo, count=1}}, Document{{_id=Arielle Dombasle, count=1}}, Document{{_id=Jack Huston, count=1}}, Document{{_id=Juan Echanove, count=1}}, Document{{_id=Marcos Caruso, count=1}}, Document{{_id=Josè Airosa, count=1}}, Document{{_id=Iciar Bollain, count=1}}, Document{{_id=Clara Lago, count=1}}, Document{{_id=Amira Casar, count=1}}, Document{{_id=Julie Balloo, count=1}}, Document{{_id=Nuno Gil, count=1}}, Document{{_id=Francesca Prandi, count=1}}, Document{{_id=Frèdèric Pierrot, count=1}}, Document{{_id=Tèmas Lemarquis, count=1}}, Document{{_id=Joèo Marèal, count=1}}]&gt;" type="java.lang.AssertionError"><![CDATA[java.lang.AssertionError: expected:<[Document{{_id=Leonor Silveira, count=8}}, Document{{_id=Joaquim de Almeida, count=6}}, Document{{_id=Isabel Ruth, count=6}}, Document{{_id=Joèo Cèsar Monteiro, count=5}}, Document{{_id=John Malkovich, count=5}}, Document{{_id=Maria de Medeiros, count=5}}, Document{{_id=Catherine Deneuve, count=5}}, Document{{_id=Ricardo Trèpa, count=5}}, Document{{_id=Luès Miguel Cintra, count=4}}, Document{{_id=Ana Bustorff, count=4}}, Document{{_id=Diogo Dèria, count=4}}, Document{{_id=Rita Blanco, count=3}}, Document{{_id=Beatriz Batarda, count=3}}, Document{{_id=Karra Elejalde, count=3}}, Document{{_id=Melvil Poupaud, count=3}}, Document{{_id=Vanda Duarte, count=3}}, Document{{_id=Marcello Mastroianni, count=3}}, Document{{_id=Leonor Baldaque, count=3}}, Document{{_id=Adriano Luz, count=3}}, Document{{_id=Michel Piccoli, count=3}}, Document{{_id=Manuela de Freitas, count=3}}, Document{{_id=Soraia Chaves, count=2}}, Document{{_id=Francisco Gaspar, count=2}}, Document{{_id=Gabino Diego, count=2}}, Document{{_id=Daniel de Oliveira, count=2}}, Document{{_id=Louis Garrel, count=2}}, Document{{_id=Diogo Infante, count=2}}, Document{{_id=Cleia Almeida, count=2}}, Document{{_id=Joana de Verona, count=2}}, Document{{_id=Ventura, count=2}}, Document{{_id=Nuno Lopes, count=2}}, Document{{_id=Rafael Morais, count=2}}, Document{{_id=Miguel Gomes, count=2}}, Document{{_id=Isa Hochgerner, count=2}}, Document{{_id=Rogèrio Samora, count=2}}, Document{{_id=Joana Preiss, count=2}}, Document{{_id=Ruy Furtado, count=2}}, Document{{_id=Verena Jasch, count=2}}, Document{{_id=Marisa Paredes, count=2}}, Document{{_id=Antoine Chappey, count=2}}, Document{{_id=Sergio Rubini, count=2}}, Document{{_id=Gustavo Sumpta, count=2}}, Document{{_id=Thomas Baumann, count=2}}, Document{{_id=Adolfo Assor, count=2}}, Document{{_id=Canto e Castro, count=2}}, Document{{_id=Pilar Lèpez de Ayala, count=2}}, Document{{_id=Teresa Madruga, count=2}}, Document{{_id=Luis Tosar, count=2}}, Document{{_id=Thogun, count=2}}, Document{{_id=Lou Bihler, count=1}}, Document{{_id=Ricardo Meneses, count=1}}, Document{{_id=Rita Klein, count=1}}, Document{{_id=Samuli Kosminen, count=1}}, Document{{_id=Jean-Franèois Balmer, count=1}}, Document{{_id=Filipa de Almeida, count=1}}, Document{{_id=èngels Barcelè, count=1}}, Document{{_id=Jeremy Irons, count=1}}, Document{{_id=Devon Anderson, count=1}}, Document{{_id=Corey Large, count=1}}, Document{{_id=Skyler Day, count=1}}, Document{{_id=Serge Daney, count=1}}, Document{{_id=Alberto San Juan, count=1}}, Document{{_id=Anna Galiena, count=1}}, Document{{_id=Joana Azevedo, count=1}}, Document{{_id=Elsa Zylberstein, count=1}}, Document{{_id=Bèatrice Dalle, count=1}}, Document{{_id=Manuela Couto, count=1}}, Document{{_id=Melchior Derouet, count=1}}, Document{{_id=Francis Frappat, count=1}}, Document{{_id=Nuno Casanovas, count=1}}, Document{{_id=Chico Dèaz, count=1}}, Document{{_id=Ricardo Azevedo, count=1}}, Document{{_id=Cècile Sanz de Alba, count=1}}, Document{{_id=Rui Gomes, count=1}}, Document{{_id=August Diehl, count=1}}, Document{{_id=Eurico Vieira, count=1}}, Document{{_id=Alexandra Maria Lara, count=1}}, Document{{_id=Clarisse Abujamra, count=1}}, Document{{_id=Lydie Barbara, count=1}}, Document{{_id=Jaime Pereira, count=1}}, Document{{_id=Jèlia Buisel, count=1}}, Document{{_id=Andre Barbosa, count=1}}, Document{{_id=Marco D'Almeida, count=1}}, Document{{_id=Nuno Bernardo, count=1}}, Document{{_id=Juanjo Puigcorbè, count=1}}, Document{{_id=Fernando Luès, count=1}}, Document{{_id=Ricardo Pereira, count=1}}, Document{{_id=Micaela Cardoso, count=1}}, Document{{_id=Crista Alfaiate, count=1}}, Document{{_id=Antènio Pedroso, count=1}}, Document{{_id=Ivo Barroso, count=1}}, Document{{_id=Walter Kohut, count=1}}, Document{{_id=Filippo Nigro, count=1}}, Document{{_id=Brigitte Fossey, count=1}}, Document{{_id=Beatriz Torcato, count=1}}, Document{{_id=èlodie Bouchez, count=1}}, Document{{_id=Joèo Cajuda, count=1}}, Document{{_id=Chiara Mastroianni, count=1}}, Document{{_id=Vicky Peèa, count=1}}, Document{{_id=Maurice Bènichou, count=1}}, Document{{_id=Juan Diego Botto, count=1}}, Document{{_id=Amba Bihler, count=1}}, Document{{_id=Bulle Ogier, count=1}}, Document{{_id=Isabelle Huppert, count=1}}, Document{{_id=Rodrigo Perdigèo, count=1}}, Document{{_id=Antènio Assunèèo, count=1}}, Document{{_id=Joèo Carreira, count=1}}, Document{{_id=John Jesus Romèo, count=1}}, Document{{_id=Alix Wilton Regan, count=1}}, Document{{_id=Marcos Caruso, count=1}}, Document{{_id=Josè Airosa, count=1}}, Document{{_id=Iciar Bollain, count=1}}, Document{{_id=Leos Carax, count=1}}, Document{{_id=Luès Melo, count=1}}, Document{{_id=Arielle Dombasle, count=1}}, Document{{_id=Lila Downs, count=1}}, Document{{_id=Amira Casar, count=1}}, Document{{_id=Robert Kramer, count=1}}, Document{{_id=Guy Marchand, count=1}}, Document{{_id=Scott Bailey, count=1}}, Document{{_id=Jack Huston, count=1}}, Document{{_id=Juan Echanove, count=1}}, Document{{_id=Joèo Marèal, count=1}}, Document{{_id=Nuno Gil, count=1}}, Document{{_id=Francesca Prandi, count=1}}, Document{{_id=Frèdèric Pierrot, count=1}}, Document{{_id=Tèmas Lemarquis, count=1}}, Document{{_id=Sandra Adair, count=1}}, Document{{_id=Julie Balloo, count=1}}, Document{{_id=Clara Lago, count=1}}, Document{{_id=Daniel Duval, count=1}}, Document{{_id=Charo Lèpez, count=1}}, Document{{_id=Nuno Leonel, count=1}}, Document{{_id=Charles Berling, count=1}}, Document{{_id=Nik Xhelilaj, count=1}}, Document{{_id=Antonio Santos, count=1}}, Document{{_id=Edith Scob, count=1}}, Document{{_id=Vasco Sequeira, count=1}}, Document{{_id=Joèo Roldan, count=1}}, Document{{_id=Fèbio Oliveira, count=1}}, Document{{_id=Massimo Girotti, count=1}}, Document{{_id=Timo Kèmèrèinen, count=1}}, Document{{_id=Maria Joèo Bastos, count=1}}, Document{{_id=Kevin Durand, count=1}}, Document{{_id=Stefania Goulioti, count=1}}, Document{{_id=Lena Duarte, count=1}}, Document{{_id=Telmo Churro, count=1}}, Document{{_id=Jean-Yves Gautier, count=1}}, Document{{_id=Rita Pereira Marques, count=1}}, Document{{_id=Robert Pattinson, count=1}}, Document{{_id=Cian Barry, count=1}}, Document{{_id=Silvia Munt, count=1}}, Document{{_id=Jonathan Genet, count=1}}, Document{{_id=Helmut Griem, count=1}}, Document{{_id=Nuno Vaz, count=1}}, Document{{_id=Joèo Pedro Rodrigues, count=1}}, Document{{_id=Frank Baker, count=1}}, Document{{_id=Sami Kuoppamèki, count=1}}, Document{{_id=Maren Ade, count=1}}, Document{{_id=Daniel Auteuil, count=1}}, Document{{_id=Cindy Scrash, count=1}}, Document{{_id=Shaghayegh Beheshti, count=1}}, Document{{_id=Lambert Wilson, count=1}}, Document{{_id=Harvey Keitel, count=1}}, Document{{_id=Vitalina Varela, count=1}}, Document{{_id=Erika Alexander, count=1}}, Document{{_id=Diogo Morgado, count=1}}, Document{{_id=Beatrice Brown, count=1}}, Document{{_id=Johan Libèreau, count=1}}, Document{{_id=Jean-Pierre Rehm, count=1}}, Document{{_id=Olivia Corsini, count=1}}, Document{{_id=Marcelo Faria, count=1}}, Document{{_id=Petronio Gontijo, count=1}}, Document{{_id=Leonor Watling, count=1}}, Document{{_id=Florentina Dumitru, count=1}}, Document{{_id=Colm Feore, count=1}}, Document{{_id=Amèrico Mota, count=1}}, Document{{_id=Emma Griffiths Malin, count=1}}, Document{{_id=Manuel Soares, count=1}}, Document{{_id=Joana Santos, count=1}}, Document{{_id=Vincent Perez, count=1}}, Document{{_id=Roschdy Zem, count=1}}, Document{{_id=Daniele Liotti, count=1}}, Document{{_id=Fernanda Torres, count=1}}, Document{{_id=Domingos Fernandes Fonseca, count=1}}, Document{{_id=Camanè, count=1}}, Document{{_id=èric Caravaca, count=1}}, Document{{_id=Richard Courcet, count=1}}, Document{{_id=Alexandra Lencastre, count=1}}, Document{{_id=Bruna Di Tullio, count=1}}, Document{{_id=Rebecca Gomperts, count=1}}, Document{{_id=Isabelle Weingarten, count=1}}, Document{{_id=Sabine Azèma, count=1}}, Document{{_id=Emmanuelle Bèart, count=1}}, Document{{_id=Ana Graciela, count=1}}, Document{{_id=Andreas Wilson, count=1}}, Document{{_id=Carloto Cotta, count=1}}, Document{{_id=Pilar del Rèo, count=1}}, Document{{_id=Carlos do Carmo, count=1}}, Document{{_id=Fernando Alves Pinto, count=1}}, Document{{_id=Dieter Laser, count=1}}, Document{{_id=Reginaldo Faria, count=1}}, Document{{_id=Mèrcio Libar, count=1}}, Document{{_id=Christian Vadim, count=1}}, Document{{_id=Catarina Wallenstein, count=1}}, Document{{_id=Paul Giamatti, count=1}}, Document{{_id=Stefano Dionisi, count=1}}, Document{{_id=Hortèncèlio Aquina, count=1}}, Document{{_id=Miriam Dèaz-Aroca, count=1}}, Document{{_id=Jorge Silva Melo, count=1}}, Document{{_id=Mariya Lipkina, count=1}}, Document{{_id=Raoul Bova, count=1}}, Document{{_id=Fernando Guillèn Cuervo, count=1}}, Document{{_id=Marta Etura, count=1}}, Document{{_id=Anabela Moreira, count=1}}, Document{{_id=Israel Gouvea, count=1}}, Document{{_id=Afonso Pimentel, count=1}}, Document{{_id=Vèctor Valdivia, count=1}}, Document{{_id=Francisco Mozos, count=1}}, Document{{_id=Rebeca Close, count=1}}, Document{{_id=Sophie Guillemin, count=1}}, Document{{_id=Joaquim Pinto, count=1}}, Document{{_id=Joaquim Carvalho, count=1}}, Document{{_id=Argyris Xafis, count=1}}, Document{{_id=Alicia Fehrmann, count=1}}, Document{{_id=Fabienne Babe, count=1}}, Document{{_id=Stepan Nercessian, count=1}}, Document{{_id=Andrès Waas, count=1}}, Document{{_id=Donatello Brida, count=1}}, Document{{_id=Katya Ladan, count=1}}, Document{{_id=Teresa Calado, count=1}}, Document{{_id=Joèo Rui Guerra da Mata, count=1}}, Document{{_id=Paulo Renato, count=1}}, Document{{_id=Inès de Medeiros, count=1}}, Document{{_id=Mercedes Sampietro, count=1}}, Document{{_id=Patrick Bauchau, count=1}}, Document{{_id=Netinho Alves, count=1}}, Document{{_id=Pedro Hestnes, count=1}}, Document{{_id=Nuno Markl, count=1}}, Document{{_id=Fatima Ennaflaoui, count=1}}, Document{{_id=Makena Diop, count=1}}, Document{{_id=Drica Moraes, count=1}}, Document{{_id=Juan Josè Ballesta, count=1}}, Document{{_id=Sebastian Laustsen, count=1}}, Document{{_id=Emma de Caunes, count=1}}, Document{{_id=Pascal Greggory, count=1}}, Document{{_id=Beatriz Duarte, count=1}}, Document{{_id=Ana Cristina de Oliveira, count=1}}, Document{{_id=Neuci de Souza, count=1}}, Document{{_id=Pedro Laginha, count=1}}, Document{{_id=Ana Moreira, count=1}}, Document{{_id=Manuel Manquièa, count=1}}, Document{{_id=Giovanna Mezzogiorno, count=1}}, Document{{_id=Diego Noguera, count=1}}, Document{{_id=Mèlanie Laurent, count=1}}, Document{{_id=Irène Jacob, count=1}}, Document{{_id=Ana Padrèo, count=1}}, Document{{_id=Jèlia Botelho, count=1}}, Document{{_id=Valeria Bruni Tedeschi, count=1}}, Document{{_id=Ellen Page, count=1}}, Document{{_id=Maria Flor, count=1}}, Document{{_id=Antènio Pedro Cerdeira, count=1}}, Document{{_id=Manoel de Oliveira, count=1}}, Document{{_id=Aleksandre Saulov, count=1}}, Document{{_id=Jeffrey Kime, count=1}}, Document{{_id=Cristina Cèmara, count=1}}, Document{{_id=Federico Luppi, count=1}}, Document{{_id=èlex Brendemèhl, count=1}}, Document{{_id=Nuno Porfèrio, count=1}}, Document{{_id=Richard Linklater, count=1}}, Document{{_id=Axel Neumann, count=1}}, Document{{_id=Rèdiger Vogler, count=1}}, Document{{_id=Rui Morrison, count=1}}, Document{{_id=Ivo Canelas, count=1}}, Document{{_id=Cètia Afonso, count=1}}, Document{{_id=Sarah Gadon, count=1}}, Document{{_id=Bruno Todeschini, count=1}}, Document{{_id=Martina Gedeck, count=1}}, Document{{_id=Jean Luis Amorim, count=1}}, Document{{_id=Rita Durèo, count=1}}, Document{{_id=Kimmo Pohjonen, count=1}}, Document{{_id=Alban Ukaj, count=1}}, Document{{_id=Thiago Justino, count=1}}, Document{{_id=Raoul Ruiz, count=1}}, Document{{_id=Ieronymos Kaletsanos, count=1}}, Document{{_id=Serge Nicolai, count=1}}, Document{{_id=Saakanush Vanyan, count=1}}, Document{{_id=Raquel Ascensèo, count=1}}, Document{{_id=Ed Stoppard, count=1}}, Document{{_id=Tito Furtado, count=1}}, Document{{_id=Ilias Stothart, count=1}}, Document{{_id=James Benning, count=1}}, Document{{_id=èlvaro de Luna, count=1}}, Document{{_id=Isabel Abreu, count=1}}, Document{{_id=Clotilde Hesme, count=1}}, Document{{_id=Pedro Granger, count=1}}, Document{{_id=Pedro Abrunhosa, count=1}}, Document{{_id=Carmelo Gèmez, count=1}}, Document{{_id=Oksana Chernych, count=1}}, Document{{_id=Edward Hogg, count=1}}, Document{{_id=Pancho Garcia Aguirre, count=1}}, Document{{_id=Chico Buarque de Hollanda, count=1}}, Document{{_id=Nathalia Galgani, count=1}}, Document{{_id=Valentinas Masalskis, count=1}}, Document{{_id=Sara Carinhas, count=1}}, Document{{_id=Andrzej Seweryn, count=1}}, Document{{_id=Guillermo Toledo, count=1}}, Document{{_id=Geoffrey Carey, count=1}}, Document{{_id=Alexandre Borges, count=1}}, Document{{_id=Elvira Mènguez, count=1}}, Document{{_id=Romain Duris, count=1}}, Document{{_id=Natasha Wightman, count=1}}, Document{{_id=Chandra Malatitch, count=1}}, Document{{_id=Jorge Trèpa, count=1}}, Document{{_id=Manuel Gomes Miranda, count=1}}, Document{{_id=Joao Afonso, count=1}}, Document{{_id=Bebe, count=1}}, Document{{_id=Gonèalo Ferreira De Almeida, count=1}}, Document{{_id=Zita Duarte, count=1}}, Document{{_id=Ricardo Darèn, count=1}}, Document{{_id=Derek Keurvorst, count=1}}, Document{{_id=Armanda Bacelar, count=1}}, Document{{_id=Roberio Lima, count=1}}, Document{{_id=Miguel Guilherme, count=1}}, Document{{_id=Penèlope Cruz, count=1}}, Document{{_id=Tony Ramos, count=1}}, Document{{_id=Stefano Accorsi, count=1}}, Document{{_id=Saffron Burrows, count=1}}, Document{{_id=Miguel Raposo, count=1}}, Document{{_id=Clèudia Teixeira, count=1}}, Document{{_id=Marèa Barranco, count=1}}, Document{{_id=Fernando Fernèn Gèmez, count=1}}, Document{{_id=Giuliano Gemma, count=1}}, Document{{_id=Joaquina Chicau, count=1}}, Document{{_id=Ruy de Carvalho, count=1}}, Document{{_id=Isaach De Bankolè, count=1}}, Document{{_id=Rebecca Pauly, count=1}}, Document{{_id=Rosana Pastor, count=1}}, Document{{_id=Sènia Bandeira, count=1}}, Document{{_id=Maitè Proenèa, count=1}}, Document{{_id=Maria Conchita Alonso, count=1}}, Document{{_id=Dmitriy Podnozov, count=1}}, Document{{_id=Michelle Mania, count=1}}, Document{{_id=Lise Biskup, count=1}}, Document{{_id=Mot Harris Dunlop Stothart, count=1}}, Document{{_id=Eduard Fernèndez, count=1}}, Document{{_id=Oliveira Lopes, count=1}}]> but was:<[Document{{_id=Leonor Silveira, count=8}}, Document{{_id=Isabel Ruth, count=6}}, Document{{_id=Joaquim de Almeida, count=6}}, Document{{_id=Ricardo Trèpa, count=5}}, Document{{_id=John Malkovich, count=5}}, Document{{_id=Maria de Medeiros, count=5}}, Document{{_id=Catherine Deneuve, count=5}}, Document{{_id=Joèo Cèsar Monteiro, count=5}}, Document{{_id=Diogo Dèria, count=4}}, Document{{_id=Ana Bustorff, count=4}}, Document{{_id=Luès Miguel Cintra, count=4}}, Document{{_id=Manuela de Freitas, count=3}}, Document{{_id=Michel Piccoli, count=3}}, Document{{_id=Marcello Mastroianni, count=3}}, Document{{_id=Leonor Baldaque, count=3}}, Document{{_id=Adriano Luz, count=3}}, Document{{_id=Melvil Poupaud, count=3}}, Document{{_id=Vanda Duarte, count=3}}, Document{{_id=Rita Blanco, count=3}}, Document{{_id=Beatriz Batarda, count=3}}, Document{{_id=Karra Elejalde, count=3}}, Document{{_id=Adolfo Assor, count=2}}, Document{{_id=Thomas Baumann, count=2}}, Document{{_id=Canto e Castro, count=2}}, Document{{_id=Teresa Madruga, count=2}}, Document{{_id=Pilar Lèpez de Ayala, count=2}}, Document{{_id=Thogun, count=2}}, Document{{_id=Luis Tosar, count=2}}, Document{{_id=Isa Hochgerner, count=2}}, Document{{_id=Rogèrio Samora, count=2}}, Document{{_id=Ruy Furtado, count=2}}, Document{{_id=Joana Preiss, count=2}}, Document{{_id=Verena Jasch, count=2}}, Document{{_id=Marisa Paredes, count=2}}, Document{{_id=Antoine Chappey, count=2}}, Document{{_id=Sergio Rubini, count=2}}, Document{{_id=Gustavo Sumpta, count=2}}, Document{{_id=Diogo Infante, count=2}}, Document{{_id=Louis Garrel, count=2}}, Document{{_id=Joana de Verona, count=2}}, Document{{_id=Cleia Almeida, count=2}}, Document{{_id=Nuno Lopes, count=2}}, Document{{_id=Miguel Gomes, count=2}}, Document{{_id=Ventura, count=2}}, Document{{_id=Rafael Morais, count=2}}, Document{{_id=Soraia Chaves, count=2}}, Document{{_id=Francisco Gaspar, count=2}}, Document{{_id=Daniel de Oliveira, count=2}}, Document{{_id=Gabino Diego, count=2}}, Document{{_id=Richard Linklater, count=1}}, Document{{_id=Axel Neumann, count=1}}, Document{{_id=Jean Luis Amorim, count=1}}, Document{{_id=Cristina Cèmara, count=1}}, Document{{_id=Federico Luppi, count=1}}, Document{{_id=èlex Brendemèhl, count=1}}, Document{{_id=Nuno Porfèrio, count=1}}, Document{{_id=Aleksandre Saulov, count=1}}, Document{{_id=Jeffrey Kime, count=1}}, Document{{_id=Serge Nicolai, count=1}}, Document{{_id=Ieronymos Kaletsanos, count=1}}, Document{{_id=Rita Durèo, count=1}}, Document{{_id=Kimmo Pohjonen, count=1}}, Document{{_id=Alban Ukaj, count=1}}, Document{{_id=Martina Gedeck, count=1}}, Document{{_id=Bruno Todeschini, count=1}}, Document{{_id=Rèdiger Vogler, count=1}}, Document{{_id=Rui Morrison, count=1}}, Document{{_id=Ivo Canelas, count=1}}, Document{{_id=Pedro Abrunhosa, count=1}}, Document{{_id=Carmelo Gèmez, count=1}}, Document{{_id=Oksana Chernych, count=1}}, Document{{_id=èlvaro de Luna, count=1}}, Document{{_id=Isabel Abreu, count=1}}, Document{{_id=Cètia Afonso, count=1}}, Document{{_id=Clotilde Hesme, count=1}}, Document{{_id=Sarah Gadon, count=1}}, Document{{_id=Ilias Stothart, count=1}}, Document{{_id=Pedro Granger, count=1}}, Document{{_id=James Benning, count=1}}, Document{{_id=Raoul Ruiz, count=1}}, Document{{_id=Saakanush Vanyan, count=1}}, Document{{_id=Raquel Ascensèo, count=1}}, Document{{_id=Ed Stoppard, count=1}}, Document{{_id=Alexandre Borges, count=1}}, Document{{_id=Tito Furtado, count=1}}, Document{{_id=Guillermo Toledo, count=1}}, Document{{_id=Geoffrey Carey, count=1}}, Document{{_id=Elvira Mènguez, count=1}}, Document{{_id=Valentinas Masalskis, count=1}}, Document{{_id=Sara Carinhas, count=1}}, Document{{_id=Andrzej Seweryn, count=1}}, Document{{_id=Romain Duris, count=1}}, Document{{_id=Chandra Malatitch, count=1}}, Document{{_id=Chico Buarque de Hollanda, count=1}}, Document{{_id=Joao Afonso, count=1}}, Document{{_id=Ricardo Darèn, count=1}}, Document{{_id=Edward Hogg, count=1}}, Document{{_id=Derek Keurvorst, count=1}}, Document{{_id=Armanda Bacelar, count=1}}, Document{{_id=Nathalia Galgani, count=1}}, Document{{_id=Gonèalo Ferreira De Almeida, count=1}}, Document{{_id=Zita Duarte, count=1}}, Document{{_id=Bebe, count=1}}, Document{{_id=Natasha Wightman, count=1}}, Document{{_id=Thiago Justino, count=1}}, Document{{_id=Jorge Trèpa, count=1}}, Document{{_id=Manuel Gomes Miranda, count=1}}, Document{{_id=Stefano Accorsi, count=1}}, Document{{_id=Pancho Garcia Aguirre, count=1}}, Document{{_id=Penèlope Cruz, count=1}}, Document{{_id=Tony Ramos, count=1}}, Document{{_id=Miguel Guilherme, count=1}}, Document{{_id=Roberio Lima, count=1}}, Document{{_id=Giuliano Gemma, count=1}}, Document{{_id=Dmitriy Podnozov, count=1}}, Document{{_id=Michelle Mania, count=1}}, Document{{_id=Maitè Proenèa, count=1}}, Document{{_id=Mot Harris Dunlop Stothart, count=1}}, Document{{_id=Marèa Barranco, count=1}}, Document{{_id=Fernando Fernèn Gèmez, count=1}}, Document{{_id=Joaquina Chicau, count=1}}, Document{{_id=Clèudia Teixeira, count=1}}, Document{{_id=Jean-Franèois Balmer, count=1}}, Document{{_id=Saffron Burrows, count=1}}, Document{{_id=Miguel Raposo, count=1}}, Document{{_id=Eduard Fernèndez, count=1}}, Document{{_id=Oliveira Lopes, count=1}}, Document{{_id=Lou Bihler, count=1}}, Document{{_id=Lise Biskup, count=1}}, Document{{_id=Sènia Bandeira, count=1}}, Document{{_id=Rosana Pastor, count=1}}, Document{{_id=Maria Conchita Alonso, count=1}}, Document{{_id=Ruy de Carvalho, count=1}}, Document{{_id=Rebecca Pauly, count=1}}, Document{{_id=Isaach De Bankolè, count=1}}, Document{{_id=Fernando Alves Pinto, count=1}}, Document{{_id=Dieter Laser, count=1}}, Document{{_id=Reginaldo Faria, count=1}}, Document{{_id=Mèrcio Libar, count=1}}, Document{{_id=Pilar del Rèo, count=1}}, Document{{_id=Carlos do Carmo, count=1}}, Document{{_id=Andreas Wilson, count=1}}, Document{{_id=Carloto Cotta, count=1}}, Document{{_id=Mariya Lipkina, count=1}}, Document{{_id=Fernando Guillèn Cuervo, count=1}}, Document{{_id=Marta Etura, count=1}}, Document{{_id=Jorge Silva Melo, count=1}}, Document{{_id=Stefano Dionisi, count=1}}, Document{{_id=Raoul Bova, count=1}}, Document{{_id=Miriam Dèaz-Aroca, count=1}}, Document{{_id=Anabela Moreira, count=1}}, Document{{_id=Christian Vadim, count=1}}, Document{{_id=Catarina Wallenstein, count=1}}, Document{{_id=Paul Giamatti, count=1}}, Document{{_id=Hortèncèlio Aquina, count=1}}, Document{{_id=Francisco Mozos, count=1}}, Document{{_id=Rebeca Close, count=1}}, Document{{_id=Sophie Guillemin, count=1}}, Document{{_id=Joaquim Pinto, count=1}}, Document{{_id=Afonso Pimentel, count=1}}, Document{{_id=Vèctor Valdivia, count=1}}, Document{{_id=Israel Gouvea, count=1}}, Document{{_id=Fabienne Babe, count=1}}, Document{{_id=Alicia Fehrmann, count=1}}, Document{{_id=Joaquim Carvalho, count=1}}, Document{{_id=Argyris Xafis, count=1}}, Document{{_id=Netinho Alves, count=1}}, Document{{_id=Patrick Bauchau, count=1}}, Document{{_id=Drica Moraes, count=1}}, Document{{_id=Teresa Calado, count=1}}, Document{{_id=Joèo Rui Guerra da Mata, count=1}}, Document{{_id=Pedro Hestnes, count=1}}, Document{{_id=Inès de Medeiros, count=1}}, Document{{_id=Paulo Renato, count=1}}, Document{{_id=Katya Ladan, count=1}}, Document{{_id=Mercedes Sampietro, count=1}}, Document{{_id=Nuno Markl, count=1}}, Document{{_id=Makena Diop, count=1}}, Document{{_id=Stepan Nercessian, count=1}}, Document{{_id=Juan Josè Ballesta, count=1}}, Document{{_id=Andrès Waas, count=1}}, Document{{_id=Sebastian Laustsen, count=1}}, Document{{_id=Emma de Caunes, count=1}}, Document{{_id=Neuci de Souza, count=1}}, Document{{_id=Pedro Laginha, count=1}}, Document{{_id=Donatello Brida, count=1}}, Document{{_id=Fatima Ennaflaoui, count=1}}, Document{{_id=Diego Noguera, count=1}}, Document{{_id=Mèlanie Laurent, count=1}}, Document{{_id=Irène Jacob, count=1}}, Document{{_id=Manuel Manquièa, count=1}}, Document{{_id=Giovanna Mezzogiorno, count=1}}, Document{{_id=Pascal Greggory, count=1}}, Document{{_id=Beatriz Duarte, count=1}}, Document{{_id=Ana Cristina de Oliveira, count=1}}, Document{{_id=Ana Moreira, count=1}}, Document{{_id=Manoel de Oliveira, count=1}}, Document{{_id=Ellen Page, count=1}}, Document{{_id=Maria Flor, count=1}}, Document{{_id=Antènio Pedro Cerdeira, count=1}}, Document{{_id=Ana Padrèo, count=1}}, Document{{_id=Jèlia Botelho, count=1}}, Document{{_id=Valeria Bruni Tedeschi, count=1}}, Document{{_id=Antonio Santos, count=1}}, Document{{_id=Edith Scob, count=1}}, Document{{_id=Joèo Roldan, count=1}}, Document{{_id=Vasco Sequeira, count=1}}, Document{{_id=Fèbio Oliveira, count=1}}, Document{{_id=Nik Xhelilaj, count=1}}, Document{{_id=Charles Berling, count=1}}, Document{{_id=Daniel Duval, count=1}}, Document{{_id=Charo Lèpez, count=1}}, Document{{_id=Nuno Leonel, count=1}}, Document{{_id=Lena Duarte, count=1}}, Document{{_id=Telmo Churro, count=1}}, Document{{_id=Kevin Durand, count=1}}, Document{{_id=Stefania Goulioti, count=1}}, Document{{_id=Timo Kèmèrèinen, count=1}}, Document{{_id=Maria Joèo Bastos, count=1}}, Document{{_id=Massimo Girotti, count=1}}, Document{{_id=Nuno Vaz, count=1}}, Document{{_id=Silvia Munt, count=1}}, Document{{_id=Jonathan Genet, count=1}}, Document{{_id=Helmut Griem, count=1}}, Document{{_id=Cian Barry, count=1}}, Document{{_id=Jean-Yves Gautier, count=1}}, Document{{_id=Rita Pereira Marques, count=1}}, Document{{_id=Robert Pattinson, count=1}}, Document{{_id=Cindy Scrash, count=1}}, Document{{_id=Shaghayegh Beheshti, count=1}}, Document{{_id=Daniel Auteuil, count=1}}, Document{{_id=Frank Baker, count=1}}, Document{{_id=Sami Kuoppamèki, count=1}}, Document{{_id=Maren Ade, count=1}}, Document{{_id=Joèo Pedro Rodrigues, count=1}}, Document{{_id=Erika Alexander, count=1}}, Document{{_id=Diogo Morgado, count=1}}, Document{{_id=Beatrice Brown, count=1}}, Document{{_id=Johan Libèreau, count=1}}, Document{{_id=Olivia Corsini, count=1}}, Document{{_id=Lambert Wilson, count=1}}, Document{{_id=Harvey Keitel, count=1}}, Document{{_id=Vitalina Varela, count=1}}, Document{{_id=Colm Feore, count=1}}, Document{{_id=Petronio Gontijo, count=1}}, Document{{_id=Leonor Watling, count=1}}, Document{{_id=Florentina Dumitru, count=1}}, Document{{_id=Marcelo Faria, count=1}}, Document{{_id=Jean-Pierre Rehm, count=1}}, Document{{_id=Vincent Perez, count=1}}, Document{{_id=Roschdy Zem, count=1}}, Document{{_id=Daniele Liotti, count=1}}, Document{{_id=Manuel Soares, count=1}}, Document{{_id=Camanè, count=1}}, Document{{_id=Joana Santos, count=1}}, Document{{_id=Amèrico Mota, count=1}}, Document{{_id=Emma Griffiths Malin, count=1}}, Document{{_id=Isabelle Weingarten, count=1}}, Document{{_id=Emmanuelle Bèart, count=1}}, Document{{_id=Ana Graciela, count=1}}, Document{{_id=Bruna Di Tullio, count=1}}, Document{{_id=èric Caravaca, count=1}}, Document{{_id=Sabine Azèma, count=1}}, Document{{_id=Richard Courcet, count=1}}, Document{{_id=Fernanda Torres, count=1}}, Document{{_id=Alexandra Lencastre, count=1}}, Document{{_id=Domingos Fernandes Fonseca, count=1}}, Document{{_id=Devon Anderson, count=1}}, Document{{_id=Corey Large, count=1}}, Document{{_id=Skyler Day, count=1}}, Document{{_id=Filipa de Almeida, count=1}}, Document{{_id=èngels Barcelè, count=1}}, Document{{_id=Jeremy Irons, count=1}}, Document{{_id=Rita Klein, count=1}}, Document{{_id=Samuli Kosminen, count=1}}, Document{{_id=Serge Daney, count=1}}, Document{{_id=Ricardo Meneses, count=1}}, Document{{_id=Ricardo Azevedo, count=1}}, Document{{_id=Rebecca Gomperts, count=1}}, Document{{_id=Nuno Casanovas, count=1}}, Document{{_id=Chico Dèaz, count=1}}, Document{{_id=Manuela Couto, count=1}}, Document{{_id=Bèatrice Dalle, count=1}}, Document{{_id=Melchior Derouet, count=1}}, Document{{_id=Alberto San Juan, count=1}}, Document{{_id=Anna Galiena, count=1}}, Document{{_id=Joana Azevedo, count=1}}, Document{{_id=Andre Barbosa, count=1}}, Document{{_id=Elsa Zylberstein, count=1}}, Document{{_id=Marco D'Almeida, count=1}}, Document{{_id=Francis Frappat, count=1}}, Document{{_id=Jèlia Buisel, count=1}}, Document{{_id=Jaime Pereira, count=1}}, Document{{_id=Lydie Barbara, count=1}}, Document{{_id=Cècile Sanz de Alba, count=1}}, Document{{_id=Rui Gomes, count=1}}, Document{{_id=August Diehl, count=1}}, Document{{_id=Eurico Vieira, count=1}}, Document{{_id=Alexandra Maria Lara, count=1}}, Document{{_id=Clarisse Abujamra, count=1}}, Document{{_id=Crista Alfaiate, count=1}}, Document{{_id=Ricardo Pereira, count=1}}, Document{{_id=Micaela Cardoso, count=1}}, Document{{_id=Fernando Luès, count=1}}, Document{{_id=Nuno Bernardo, count=1}}, Document{{_id=Juanjo Puigcorbè, count=1}}, Document{{_id=Chiara Mastroianni, count=1}}, Document{{_id=Vicky Peèa, count=1}}, Document{{_id=Maurice Bènichou, count=1}}, Document{{_id=èlodie Bouchez, count=1}}, Document{{_id=Joèo Cajuda, count=1}}, Document{{_id=Walter Kohut, count=1}}, Document{{_id=Filippo Nigro, count=1}}, Document{{_id=Brigitte Fossey, count=1}}, Document{{_id=Beatriz Torcato, count=1}}, Document{{_id=Antènio Pedroso, count=1}}, Document{{_id=Ivo Barroso, count=1}}, Document{{_id=Joèo Carreira, count=1}}, Document{{_id=John Jesus Romèo, count=1}}, Document{{_id=Rodrigo Perdigèo, count=1}}, Document{{_id=Antènio Assunèèo, count=1}}, Document{{_id=Alix Wilton Regan, count=1}}, Document{{_id=Sandra Adair, count=1}}, Document{{_id=Juan Diego Botto, count=1}}, Document{{_id=Amba Bihler, count=1}}, Document{{_id=Bulle Ogier, count=1}}, Document{{_id=Isabelle Huppert, count=1}}, Document{{_id=Lila Downs, count=1}}, Document{{_id=Robert Kramer, count=1}}, Document{{_id=Guy Marchand, count=1}}, Document{{_id=Scott Bailey, count=1}}, Document{{_id=Leos Carax, count=1}}, Document{{_id=Luès Melo, count=1}}, Document{{_id=Arielle Dombasle, count=1}}, Document{{_id=Jack Huston, count=1}}, Document{{_id=Juan Echanove, count=1}}, Document{{_id=Marcos Caruso, count=1}}, Document{{_id=Josè Airosa, count=1}}, Document{{_id=Iciar Bollain, count=1}}, Document{{_id=Clara Lago, count=1}}, Document{{_id=Amira Casar, count=1}}, Document{{_id=Julie Balloo, count=1}}, Document{{_id=Nuno Gil, count=1}}, Document{{_id=Francesca Prandi, count=1}}, Document{{_id=Frèdèric Pierrot, count=1}}, Document{{_id=Tèmas Lemarquis, count=1}}, Document{{_id=Joèo Marèal, count=1}}]>
	at mflix.lessons.UsingAggregationBuilders.aggregateSeveralStages(UsingAggregationBuilders.java:218)
]]></failure>
    <system-out><![CDATA[08:10:43.009 [main] INFO org.mongodb.driver.cluster - Cluster created with settings {hosts=[ac-uqz055v-shard-00-00.wkqj3pw.mongodb.net:27017, ac-uqz055v-shard-00-01.wkqj3pw.mongodb.net:27017, ac-uqz055v-shard-00-02.wkqj3pw.mongodb.net:27017], mode=MULTIPLE, requiredClusterType=REPLICA_SET, serverSelectionTimeout='30000 ms', maxWaitQueueSize=250, requiredReplicaSetName='atlas-o1qfn8-shard-0'}
08:10:43.009 [main] INFO org.mongodb.driver.cluster - Adding discovered server ac-uqz055v-shard-00-00.wkqj3pw.mongodb.net:27017 to client view of cluster
08:10:43.010 [main] INFO org.mongodb.driver.cluster - Adding discovered server ac-uqz055v-shard-00-01.wkqj3pw.mongodb.net:27017 to client view of cluster
08:10:43.011 [main] INFO org.mongodb.driver.cluster - Adding discovered server ac-uqz055v-shard-00-02.wkqj3pw.mongodb.net:27017 to client view of cluster
08:10:43.013 [main] DEBUG org.mongodb.driver.cluster - Updating cluster description to  {type=REPLICA_SET, servers=[{address=ac-uqz055v-shard-00-02.wkqj3pw.mongodb.net:27017, type=UNKNOWN, state=CONNECTING}, {address=ac-uqz055v-shard-00-00.wkqj3pw.mongodb.net:27017, type=UNKNOWN, state=CONNECTING}, {address=ac-uqz055v-shard-00-01.wkqj3pw.mongodb.net:27017, type=UNKNOWN, state=CONNECTING}]
08:10:43.015 [main] INFO org.mongodb.driver.cluster - Cluster created with settings {hosts=[ac-uqz055v-shard-00-00.wkqj3pw.mongodb.net:27017, ac-uqz055v-shard-00-01.wkqj3pw.mongodb.net:27017, ac-uqz055v-shard-00-02.wkqj3pw.mongodb.net:27017], mode=MULTIPLE, requiredClusterType=REPLICA_SET, serverSelectionTimeout='30000 ms', maxWaitQueueSize=250, requiredReplicaSetName='atlas-o1qfn8-shard-0'}
08:10:43.015 [main] INFO org.mongodb.driver.cluster - Adding discovered server ac-uqz055v-shard-00-00.wkqj3pw.mongodb.net:27017 to client view of cluster
08:10:43.018 [main] INFO org.mongodb.driver.cluster - Adding discovered server ac-uqz055v-shard-00-01.wkqj3pw.mongodb.net:27017 to client view of cluster
08:10:43.018 [main] INFO org.mongodb.driver.cluster - Adding discovered server ac-uqz055v-shard-00-02.wkqj3pw.mongodb.net:27017 to client view of cluster
08:10:43.019 [main] DEBUG org.mongodb.driver.cluster - Updating cluster description to  {type=REPLICA_SET, servers=[{address=ac-uqz055v-shard-00-02.wkqj3pw.mongodb.net:27017, type=UNKNOWN, state=CONNECTING}, {address=ac-uqz055v-shard-00-00.wkqj3pw.mongodb.net:27017, type=UNKNOWN, state=CONNECTING}, {address=ac-uqz055v-shard-00-01.wkqj3pw.mongodb.net:27017, type=UNKNOWN, state=CONNECTING}]
08:10:43.022 [main] INFO org.mongodb.driver.cluster - No server chosen by com.mongodb.client.internal.MongoClientDelegate$1@6295d394 from cluster description ClusterDescription{type=REPLICA_SET, connectionMode=MULTIPLE, serverDescriptions=[ServerDescription{address=ac-uqz055v-shard-00-02.wkqj3pw.mongodb.net:27017, type=UNKNOWN, state=CONNECTING}, ServerDescription{address=ac-uqz055v-shard-00-00.wkqj3pw.mongodb.net:27017, type=UNKNOWN, state=CONNECTING}, ServerDescription{address=ac-uqz055v-shard-00-01.wkqj3pw.mongodb.net:27017, type=UNKNOWN, state=CONNECTING}]}. Waiting for 30000 ms before timing out
08:10:43.117 [cluster-ClusterId{value='633188b31230850399e5212e', description='null'}-ac-uqz055v-shard-00-02.wkqj3pw.mongodb.net:27017] INFO org.mongodb.driver.connection - Opened connection [connectionId{localValue:17, serverValue:454095}] to ac-uqz055v-shard-00-02.wkqj3pw.mongodb.net:27017
08:10:43.118 [cluster-ClusterId{value='633188b31230850399e5212e', description='null'}-ac-uqz055v-shard-00-02.wkqj3pw.mongodb.net:27017] DEBUG org.mongodb.driver.cluster - Checking status of ac-uqz055v-shard-00-02.wkqj3pw.mongodb.net:27017
08:10:43.118 [cluster-ClusterId{value='633188b31230850399e5212e', description='null'}-ac-uqz055v-shard-00-02.wkqj3pw.mongodb.net:27017] DEBUG org.mongodb.driver.protocol.command - Sending command '{ "ismaster" : 1, "$db" : "admin" }' with request id 78 to database admin on connection [connectionId{localValue:17, serverValue:454095}] to server ac-uqz055v-shard-00-02.wkqj3pw.mongodb.net:27017
08:10:43.122 [cluster-ClusterId{value='633188b31230850399e5212e', description='null'}-ac-uqz055v-shard-00-01.wkqj3pw.mongodb.net:27017] INFO org.mongodb.driver.connection - Opened connection [connectionId{localValue:16, serverValue:451129}] to ac-uqz055v-shard-00-01.wkqj3pw.mongodb.net:27017
08:10:43.123 [cluster-ClusterId{value='633188b31230850399e5212e', description='null'}-ac-uqz055v-shard-00-01.wkqj3pw.mongodb.net:27017] DEBUG org.mongodb.driver.cluster - Checking status of ac-uqz055v-shard-00-01.wkqj3pw.mongodb.net:27017
08:10:43.123 [cluster-ClusterId{value='633188b31230850399e5212e', description='null'}-ac-uqz055v-shard-00-01.wkqj3pw.mongodb.net:27017] DEBUG org.mongodb.driver.protocol.command - Sending command '{ "ismaster" : 1, "$db" : "admin" }' with request id 79 to database admin on connection [connectionId{localValue:16, serverValue:451129}] to server ac-uqz055v-shard-00-01.wkqj3pw.mongodb.net:27017
08:10:43.128 [cluster-ClusterId{value='633188b31230850399e5212e', description='null'}-ac-uqz055v-shard-00-02.wkqj3pw.mongodb.net:27017] DEBUG org.mongodb.driver.protocol.command - Execution of command with request id 78 completed successfully in 10.46 ms on connection [connectionId{localValue:17, serverValue:454095}] to server ac-uqz055v-shard-00-02.wkqj3pw.mongodb.net:27017
08:10:43.129 [cluster-ClusterId{value='633188b31230850399e5212e', description='null'}-ac-uqz055v-shard-00-02.wkqj3pw.mongodb.net:27017] INFO org.mongodb.driver.cluster - Monitor thread successfully connected to server with description ServerDescription{address=ac-uqz055v-shard-00-02.wkqj3pw.mongodb.net:27017, type=REPLICA_SET_PRIMARY, state=CONNECTED, ok=true, version=ServerVersion{versionList=[5, 0, 12]}, minWireVersion=0, maxWireVersion=13, maxDocumentSize=16777216, logicalSessionTimeoutMinutes=30, roundTripTimeNanos=10814414, setName='atlas-o1qfn8-shard-0', canonicalAddress=ac-uqz055v-shard-00-02.wkqj3pw.mongodb.net:27017, hosts=[ac-uqz055v-shard-00-00.wkqj3pw.mongodb.net:27017, ac-uqz055v-shard-00-01.wkqj3pw.mongodb.net:27017, ac-uqz055v-shard-00-02.wkqj3pw.mongodb.net:27017], passives=[], arbiters=[], primary='ac-uqz055v-shard-00-02.wkqj3pw.mongodb.net:27017', tagSet=TagSet{[Tag{name='nodeType', value='ELECTABLE'}, Tag{name='provider', value='AWS'}, Tag{name='region', value='SA_EAST_1'}, Tag{name='workloadType', value='OPERATIONAL'}]}, electionId=7fffffff0000000000000013, setVersion=1, lastWriteDate=Mon Sep 26 08:10:45 BRT 2022, lastUpdateTimeNanos=2983711112445}
08:10:43.129 [cluster-ClusterId{value='633188b31230850399e5212e', description='null'}-ac-uqz055v-shard-00-02.wkqj3pw.mongodb.net:27017] INFO org.mongodb.driver.cluster - Setting max election id to 7fffffff0000000000000013 from replica set primary ac-uqz055v-shard-00-02.wkqj3pw.mongodb.net:27017
08:10:43.129 [cluster-ClusterId{value='633188b31230850399e5212e', description='null'}-ac-uqz055v-shard-00-02.wkqj3pw.mongodb.net:27017] INFO org.mongodb.driver.cluster - Setting max set version to 1 from replica set primary ac-uqz055v-shard-00-02.wkqj3pw.mongodb.net:27017
08:10:43.129 [cluster-ClusterId{value='633188b31230850399e5212e', description='null'}-ac-uqz055v-shard-00-02.wkqj3pw.mongodb.net:27017] INFO org.mongodb.driver.cluster - Discovered replica set primary ac-uqz055v-shard-00-02.wkqj3pw.mongodb.net:27017
08:10:43.129 [cluster-ClusterId{value='633188b31230850399e5212e', description='null'}-ac-uqz055v-shard-00-02.wkqj3pw.mongodb.net:27017] DEBUG org.mongodb.driver.cluster - Updating cluster description to  {type=REPLICA_SET, servers=[{address=ac-uqz055v-shard-00-02.wkqj3pw.mongodb.net:27017, type=REPLICA_SET_PRIMARY, TagSet{[Tag{name='nodeType', value='ELECTABLE'}, Tag{name='provider', value='AWS'}, Tag{name='region', value='SA_EAST_1'}, Tag{name='workloadType', value='OPERATIONAL'}]}, roundTripTime=10.8 ms, state=CONNECTED}, {address=ac-uqz055v-shard-00-00.wkqj3pw.mongodb.net:27017, type=UNKNOWN, state=CONNECTING}, {address=ac-uqz055v-shard-00-01.wkqj3pw.mongodb.net:27017, type=UNKNOWN, state=CONNECTING}]
08:10:43.135 [cluster-ClusterId{value='633188b31230850399e5212e', description='null'}-ac-uqz055v-shard-00-01.wkqj3pw.mongodb.net:27017] DEBUG org.mongodb.driver.protocol.command - Execution of command with request id 79 completed successfully in 12.09 ms on connection [connectionId{localValue:16, serverValue:451129}] to server ac-uqz055v-shard-00-01.wkqj3pw.mongodb.net:27017
08:10:43.135 [cluster-ClusterId{value='633188b31230850399e5212e', description='null'}-ac-uqz055v-shard-00-01.wkqj3pw.mongodb.net:27017] INFO org.mongodb.driver.cluster - Monitor thread successfully connected to server with description ServerDescription{address=ac-uqz055v-shard-00-01.wkqj3pw.mongodb.net:27017, type=REPLICA_SET_SECONDARY, state=CONNECTED, ok=true, version=ServerVersion{versionList=[5, 0, 12]}, minWireVersion=0, maxWireVersion=13, maxDocumentSize=16777216, logicalSessionTimeoutMinutes=30, roundTripTimeNanos=12534738, setName='atlas-o1qfn8-shard-0', canonicalAddress=ac-uqz055v-shard-00-01.wkqj3pw.mongodb.net:27017, hosts=[ac-uqz055v-shard-00-00.wkqj3pw.mongodb.net:27017, ac-uqz055v-shard-00-01.wkqj3pw.mongodb.net:27017, ac-uqz055v-shard-00-02.wkqj3pw.mongodb.net:27017], passives=[], arbiters=[], primary='ac-uqz055v-shard-00-02.wkqj3pw.mongodb.net:27017', tagSet=TagSet{[Tag{name='region', value='SA_EAST_1'}, Tag{name='provider', value='AWS'}, Tag{name='nodeType', value='ELECTABLE'}, Tag{name='workloadType', value='OPERATIONAL'}]}, electionId=null, setVersion=1, lastWriteDate=Mon Sep 26 08:10:45 BRT 2022, lastUpdateTimeNanos=2983717754341}
08:10:43.136 [cluster-ClusterId{value='633188b31230850399e5212e', description='null'}-ac-uqz055v-shard-00-01.wkqj3pw.mongodb.net:27017] DEBUG org.mongodb.driver.cluster - Updating cluster description to  {type=REPLICA_SET, servers=[{address=ac-uqz055v-shard-00-02.wkqj3pw.mongodb.net:27017, type=REPLICA_SET_PRIMARY, TagSet{[Tag{name='nodeType', value='ELECTABLE'}, Tag{name='provider', value='AWS'}, Tag{name='region', value='SA_EAST_1'}, Tag{name='workloadType', value='OPERATIONAL'}]}, roundTripTime=10.8 ms, state=CONNECTED}, {address=ac-uqz055v-shard-00-00.wkqj3pw.mongodb.net:27017, type=UNKNOWN, state=CONNECTING}, {address=ac-uqz055v-shard-00-01.wkqj3pw.mongodb.net:27017, type=REPLICA_SET_SECONDARY, TagSet{[Tag{name='region', value='SA_EAST_1'}, Tag{name='provider', value='AWS'}, Tag{name='nodeType', value='ELECTABLE'}, Tag{name='workloadType', value='OPERATIONAL'}]}, roundTripTime=12.5 ms, state=CONNECTED}]
08:10:43.136 [cluster-ClusterId{value='633188b31230850399e5212f', description='null'}-ac-uqz055v-shard-00-00.wkqj3pw.mongodb.net:27017] INFO org.mongodb.driver.connection - Opened connection [connectionId{localValue:18, serverValue:452219}] to ac-uqz055v-shard-00-00.wkqj3pw.mongodb.net:27017
08:10:43.136 [cluster-ClusterId{value='633188b31230850399e5212f', description='null'}-ac-uqz055v-shard-00-00.wkqj3pw.mongodb.net:27017] DEBUG org.mongodb.driver.cluster - Checking status of ac-uqz055v-shard-00-00.wkqj3pw.mongodb.net:27017
08:10:43.137 [cluster-ClusterId{value='633188b31230850399e5212f', description='null'}-ac-uqz055v-shard-00-00.wkqj3pw.mongodb.net:27017] DEBUG org.mongodb.driver.protocol.command - Sending command '{ "ismaster" : 1, "$db" : "admin" }' with request id 84 to database admin on connection [connectionId{localValue:18, serverValue:452219}] to server ac-uqz055v-shard-00-00.wkqj3pw.mongodb.net:27017
08:10:43.138 [cluster-ClusterId{value='633188b31230850399e5212e', description='null'}-ac-uqz055v-shard-00-00.wkqj3pw.mongodb.net:27017] INFO org.mongodb.driver.connection - Opened connection [connectionId{localValue:15, serverValue:452224}] to ac-uqz055v-shard-00-00.wkqj3pw.mongodb.net:27017
08:10:43.138 [cluster-ClusterId{value='633188b31230850399e5212e', description='null'}-ac-uqz055v-shard-00-00.wkqj3pw.mongodb.net:27017] DEBUG org.mongodb.driver.cluster - Checking status of ac-uqz055v-shard-00-00.wkqj3pw.mongodb.net:27017
08:10:43.138 [cluster-ClusterId{value='633188b31230850399e5212e', description='null'}-ac-uqz055v-shard-00-00.wkqj3pw.mongodb.net:27017] DEBUG org.mongodb.driver.protocol.command - Sending command '{ "ismaster" : 1, "$db" : "admin", "$clusterTime" : { "clusterTime" : { "$timestamp" : { "t" : 1664190645, "i" : 2 } }, "signature" : { "hash" : { "$binary" : { "base64" : "UYBMUDL1f/ZBZUZsf0JqB7pHT6E=", "subType" : "00" } }, "keyId" : 7105062615637819394 } } }' with request id 85 to database admin on connection [connectionId{localValue:15, serverValue:452224}] to server ac-uqz055v-shard-00-00.wkqj3pw.mongodb.net:27017
08:10:43.141 [cluster-ClusterId{value='633188b31230850399e5212f', description='null'}-ac-uqz055v-shard-00-01.wkqj3pw.mongodb.net:27017] INFO org.mongodb.driver.connection - Opened connection [connectionId{localValue:19, serverValue:451129}] to ac-uqz055v-shard-00-01.wkqj3pw.mongodb.net:27017
08:10:43.141 [cluster-ClusterId{value='633188b31230850399e5212f', description='null'}-ac-uqz055v-shard-00-01.wkqj3pw.mongodb.net:27017] DEBUG org.mongodb.driver.cluster - Checking status of ac-uqz055v-shard-00-01.wkqj3pw.mongodb.net:27017
08:10:43.141 [cluster-ClusterId{value='633188b31230850399e5212f', description='null'}-ac-uqz055v-shard-00-01.wkqj3pw.mongodb.net:27017] DEBUG org.mongodb.driver.protocol.command - Sending command '{ "ismaster" : 1, "$db" : "admin" }' with request id 87 to database admin on connection [connectionId{localValue:19, serverValue:451129}] to server ac-uqz055v-shard-00-01.wkqj3pw.mongodb.net:27017
08:10:43.142 [cluster-ClusterId{value='633188b31230850399e5212f', description='null'}-ac-uqz055v-shard-00-02.wkqj3pw.mongodb.net:27017] INFO org.mongodb.driver.connection - Opened connection [connectionId{localValue:20, serverValue:454095}] to ac-uqz055v-shard-00-02.wkqj3pw.mongodb.net:27017
08:10:43.142 [cluster-ClusterId{value='633188b31230850399e5212f', description='null'}-ac-uqz055v-shard-00-02.wkqj3pw.mongodb.net:27017] DEBUG org.mongodb.driver.cluster - Checking status of ac-uqz055v-shard-00-02.wkqj3pw.mongodb.net:27017
08:10:43.142 [cluster-ClusterId{value='633188b31230850399e5212f', description='null'}-ac-uqz055v-shard-00-02.wkqj3pw.mongodb.net:27017] DEBUG org.mongodb.driver.protocol.command - Sending command '{ "ismaster" : 1, "$db" : "admin" }' with request id 88 to database admin on connection [connectionId{localValue:20, serverValue:454095}] to server ac-uqz055v-shard-00-02.wkqj3pw.mongodb.net:27017
08:10:43.148 [cluster-ClusterId{value='633188b31230850399e5212f', description='null'}-ac-uqz055v-shard-00-00.wkqj3pw.mongodb.net:27017] DEBUG org.mongodb.driver.protocol.command - Execution of command with request id 84 completed successfully in 10.96 ms on connection [connectionId{localValue:18, serverValue:452219}] to server ac-uqz055v-shard-00-00.wkqj3pw.mongodb.net:27017
08:10:43.148 [cluster-ClusterId{value='633188b31230850399e5212f', description='null'}-ac-uqz055v-shard-00-00.wkqj3pw.mongodb.net:27017] INFO org.mongodb.driver.cluster - Monitor thread successfully connected to server with description ServerDescription{address=ac-uqz055v-shard-00-00.wkqj3pw.mongodb.net:27017, type=REPLICA_SET_SECONDARY, state=CONNECTED, ok=true, version=ServerVersion{versionList=[5, 0, 12]}, minWireVersion=0, maxWireVersion=13, maxDocumentSize=16777216, logicalSessionTimeoutMinutes=30, roundTripTimeNanos=11486088, setName='atlas-o1qfn8-shard-0', canonicalAddress=ac-uqz055v-shard-00-00.wkqj3pw.mongodb.net:27017, hosts=[ac-uqz055v-shard-00-00.wkqj3pw.mongodb.net:27017, ac-uqz055v-shard-00-01.wkqj3pw.mongodb.net:27017, ac-uqz055v-shard-00-02.wkqj3pw.mongodb.net:27017], passives=[], arbiters=[], primary='ac-uqz055v-shard-00-02.wkqj3pw.mongodb.net:27017', tagSet=TagSet{[Tag{name='nodeType', value='ELECTABLE'}, Tag{name='region', value='SA_EAST_1'}, Tag{name='workloadType', value='OPERATIONAL'}, Tag{name='provider', value='AWS'}]}, electionId=null, setVersion=1, lastWriteDate=Mon Sep 26 08:10:45 BRT 2022, lastUpdateTimeNanos=2983730455783}
08:10:43.149 [cluster-ClusterId{value='633188b31230850399e5212f', description='null'}-ac-uqz055v-shard-00-00.wkqj3pw.mongodb.net:27017] DEBUG org.mongodb.driver.cluster - Updating cluster description to  {type=REPLICA_SET, servers=[{address=ac-uqz055v-shard-00-02.wkqj3pw.mongodb.net:27017, type=UNKNOWN, state=CONNECTING}, {address=ac-uqz055v-shard-00-00.wkqj3pw.mongodb.net:27017, type=REPLICA_SET_SECONDARY, TagSet{[Tag{name='nodeType', value='ELECTABLE'}, Tag{name='region', value='SA_EAST_1'}, Tag{name='workloadType', value='OPERATIONAL'}, Tag{name='provider', value='AWS'}]}, roundTripTime=11.5 ms, state=CONNECTED}, {address=ac-uqz055v-shard-00-01.wkqj3pw.mongodb.net:27017, type=UNKNOWN, state=CONNECTING}]
08:10:43.152 [cluster-ClusterId{value='633188b31230850399e5212e', description='null'}-ac-uqz055v-shard-00-00.wkqj3pw.mongodb.net:27017] DEBUG org.mongodb.driver.protocol.command - Execution of command with request id 85 completed successfully in 13.56 ms on connection [connectionId{localValue:15, serverValue:452224}] to server ac-uqz055v-shard-00-00.wkqj3pw.mongodb.net:27017
08:10:43.152 [cluster-ClusterId{value='633188b31230850399e5212e', description='null'}-ac-uqz055v-shard-00-00.wkqj3pw.mongodb.net:27017] INFO org.mongodb.driver.cluster - Monitor thread successfully connected to server with description ServerDescription{address=ac-uqz055v-shard-00-00.wkqj3pw.mongodb.net:27017, type=REPLICA_SET_SECONDARY, state=CONNECTED, ok=true, version=ServerVersion{versionList=[5, 0, 12]}, minWireVersion=0, maxWireVersion=13, maxDocumentSize=16777216, logicalSessionTimeoutMinutes=30, roundTripTimeNanos=14003228, setName='atlas-o1qfn8-shard-0', canonicalAddress=ac-uqz055v-shard-00-00.wkqj3pw.mongodb.net:27017, hosts=[ac-uqz055v-shard-00-00.wkqj3pw.mongodb.net:27017, ac-uqz055v-shard-00-01.wkqj3pw.mongodb.net:27017, ac-uqz055v-shard-00-02.wkqj3pw.mongodb.net:27017], passives=[], arbiters=[], primary='ac-uqz055v-shard-00-02.wkqj3pw.mongodb.net:27017', tagSet=TagSet{[Tag{name='nodeType', value='ELECTABLE'}, Tag{name='region', value='SA_EAST_1'}, Tag{name='workloadType', value='OPERATIONAL'}, Tag{name='provider', value='AWS'}]}, electionId=null, setVersion=1, lastWriteDate=Mon Sep 26 08:10:45 BRT 2022, lastUpdateTimeNanos=2983734514072}
08:10:43.152 [cluster-ClusterId{value='633188b31230850399e5212e', description='null'}-ac-uqz055v-shard-00-00.wkqj3pw.mongodb.net:27017] DEBUG org.mongodb.driver.cluster - Updating cluster description to  {type=REPLICA_SET, servers=[{address=ac-uqz055v-shard-00-02.wkqj3pw.mongodb.net:27017, type=REPLICA_SET_PRIMARY, TagSet{[Tag{name='nodeType', value='ELECTABLE'}, Tag{name='provider', value='AWS'}, Tag{name='region', value='SA_EAST_1'}, Tag{name='workloadType', value='OPERATIONAL'}]}, roundTripTime=10.8 ms, state=CONNECTED}, {address=ac-uqz055v-shard-00-00.wkqj3pw.mongodb.net:27017, type=REPLICA_SET_SECONDARY, TagSet{[Tag{name='nodeType', value='ELECTABLE'}, Tag{name='region', value='SA_EAST_1'}, Tag{name='workloadType', value='OPERATIONAL'}, Tag{name='provider', value='AWS'}]}, roundTripTime=14.0 ms, state=CONNECTED}, {address=ac-uqz055v-shard-00-01.wkqj3pw.mongodb.net:27017, type=REPLICA_SET_SECONDARY, TagSet{[Tag{name='region', value='SA_EAST_1'}, Tag{name='provider', value='AWS'}, Tag{name='nodeType', value='ELECTABLE'}, Tag{name='workloadType', value='OPERATIONAL'}]}, roundTripTime=12.5 ms, state=CONNECTED}]
08:10:43.154 [cluster-ClusterId{value='633188b31230850399e5212f', description='null'}-ac-uqz055v-shard-00-01.wkqj3pw.mongodb.net:27017] DEBUG org.mongodb.driver.protocol.command - Execution of command with request id 87 completed successfully in 13.09 ms on connection [connectionId{localValue:19, serverValue:451129}] to server ac-uqz055v-shard-00-01.wkqj3pw.mongodb.net:27017
08:10:43.154 [cluster-ClusterId{value='633188b31230850399e5212f', description='null'}-ac-uqz055v-shard-00-01.wkqj3pw.mongodb.net:27017] INFO org.mongodb.driver.cluster - Monitor thread successfully connected to server with description ServerDescription{address=ac-uqz055v-shard-00-01.wkqj3pw.mongodb.net:27017, type=REPLICA_SET_SECONDARY, state=CONNECTED, ok=true, version=ServerVersion{versionList=[5, 0, 12]}, minWireVersion=0, maxWireVersion=13, maxDocumentSize=16777216, logicalSessionTimeoutMinutes=30, roundTripTimeNanos=13351117, setName='atlas-o1qfn8-shard-0', canonicalAddress=ac-uqz055v-shard-00-01.wkqj3pw.mongodb.net:27017, hosts=[ac-uqz055v-shard-00-00.wkqj3pw.mongodb.net:27017, ac-uqz055v-shard-00-01.wkqj3pw.mongodb.net:27017, ac-uqz055v-shard-00-02.wkqj3pw.mongodb.net:27017], passives=[], arbiters=[], primary='ac-uqz055v-shard-00-02.wkqj3pw.mongodb.net:27017', tagSet=TagSet{[Tag{name='region', value='SA_EAST_1'}, Tag{name='provider', value='AWS'}, Tag{name='nodeType', value='ELECTABLE'}, Tag{name='workloadType', value='OPERATIONAL'}]}, electionId=null, setVersion=1, lastWriteDate=Mon Sep 26 08:10:45 BRT 2022, lastUpdateTimeNanos=2983736911114}
08:10:43.155 [cluster-ClusterId{value='633188b31230850399e5212f', description='null'}-ac-uqz055v-shard-00-01.wkqj3pw.mongodb.net:27017] DEBUG org.mongodb.driver.cluster - Updating cluster description to  {type=REPLICA_SET, servers=[{address=ac-uqz055v-shard-00-02.wkqj3pw.mongodb.net:27017, type=UNKNOWN, state=CONNECTING}, {address=ac-uqz055v-shard-00-00.wkqj3pw.mongodb.net:27017, type=REPLICA_SET_SECONDARY, TagSet{[Tag{name='nodeType', value='ELECTABLE'}, Tag{name='region', value='SA_EAST_1'}, Tag{name='workloadType', value='OPERATIONAL'}, Tag{name='provider', value='AWS'}]}, roundTripTime=11.5 ms, state=CONNECTED}, {address=ac-uqz055v-shard-00-01.wkqj3pw.mongodb.net:27017, type=REPLICA_SET_SECONDARY, TagSet{[Tag{name='region', value='SA_EAST_1'}, Tag{name='provider', value='AWS'}, Tag{name='nodeType', value='ELECTABLE'}, Tag{name='workloadType', value='OPERATIONAL'}]}, roundTripTime=13.4 ms, state=CONNECTED}]
08:10:43.155 [cluster-ClusterId{value='633188b31230850399e5212f', description='null'}-ac-uqz055v-shard-00-02.wkqj3pw.mongodb.net:27017] DEBUG org.mongodb.driver.protocol.command - Execution of command with request id 88 completed successfully in 12.45 ms on connection [connectionId{localValue:20, serverValue:454095}] to server ac-uqz055v-shard-00-02.wkqj3pw.mongodb.net:27017
08:10:43.155 [cluster-ClusterId{value='633188b31230850399e5212f', description='null'}-ac-uqz055v-shard-00-02.wkqj3pw.mongodb.net:27017] INFO org.mongodb.driver.cluster - Monitor thread successfully connected to server with description ServerDescription{address=ac-uqz055v-shard-00-02.wkqj3pw.mongodb.net:27017, type=REPLICA_SET_PRIMARY, state=CONNECTED, ok=true, version=ServerVersion{versionList=[5, 0, 12]}, minWireVersion=0, maxWireVersion=13, maxDocumentSize=16777216, logicalSessionTimeoutMinutes=30, roundTripTimeNanos=12676033, setName='atlas-o1qfn8-shard-0', canonicalAddress=ac-uqz055v-shard-00-02.wkqj3pw.mongodb.net:27017, hosts=[ac-uqz055v-shard-00-00.wkqj3pw.mongodb.net:27017, ac-uqz055v-shard-00-01.wkqj3pw.mongodb.net:27017, ac-uqz055v-shard-00-02.wkqj3pw.mongodb.net:27017], passives=[], arbiters=[], primary='ac-uqz055v-shard-00-02.wkqj3pw.mongodb.net:27017', tagSet=TagSet{[Tag{name='workloadType', value='OPERATIONAL'}, Tag{name='provider', value='AWS'}, Tag{name='nodeType', value='ELECTABLE'}, Tag{name='region', value='SA_EAST_1'}]}, electionId=7fffffff0000000000000013, setVersion=1, lastWriteDate=Mon Sep 26 08:10:45 BRT 2022, lastUpdateTimeNanos=2983737478897}
08:10:43.155 [cluster-ClusterId{value='633188b31230850399e5212f', description='null'}-ac-uqz055v-shard-00-02.wkqj3pw.mongodb.net:27017] INFO org.mongodb.driver.cluster - Setting max election id to 7fffffff0000000000000013 from replica set primary ac-uqz055v-shard-00-02.wkqj3pw.mongodb.net:27017
08:10:43.155 [cluster-ClusterId{value='633188b31230850399e5212f', description='null'}-ac-uqz055v-shard-00-02.wkqj3pw.mongodb.net:27017] INFO org.mongodb.driver.cluster - Setting max set version to 1 from replica set primary ac-uqz055v-shard-00-02.wkqj3pw.mongodb.net:27017
08:10:43.155 [cluster-ClusterId{value='633188b31230850399e5212f', description='null'}-ac-uqz055v-shard-00-02.wkqj3pw.mongodb.net:27017] INFO org.mongodb.driver.cluster - Discovered replica set primary ac-uqz055v-shard-00-02.wkqj3pw.mongodb.net:27017
08:10:43.155 [cluster-ClusterId{value='633188b31230850399e5212f', description='null'}-ac-uqz055v-shard-00-02.wkqj3pw.mongodb.net:27017] DEBUG org.mongodb.driver.cluster - Updating cluster description to  {type=REPLICA_SET, servers=[{address=ac-uqz055v-shard-00-02.wkqj3pw.mongodb.net:27017, type=REPLICA_SET_PRIMARY, TagSet{[Tag{name='workloadType', value='OPERATIONAL'}, Tag{name='provider', value='AWS'}, Tag{name='nodeType', value='ELECTABLE'}, Tag{name='region', value='SA_EAST_1'}]}, roundTripTime=12.7 ms, state=CONNECTED}, {address=ac-uqz055v-shard-00-00.wkqj3pw.mongodb.net:27017, type=REPLICA_SET_SECONDARY, TagSet{[Tag{name='nodeType', value='ELECTABLE'}, Tag{name='region', value='SA_EAST_1'}, Tag{name='workloadType', value='OPERATIONAL'}, Tag{name='provider', value='AWS'}]}, roundTripTime=11.5 ms, state=CONNECTED}, {address=ac-uqz055v-shard-00-01.wkqj3pw.mongodb.net:27017, type=REPLICA_SET_SECONDARY, TagSet{[Tag{name='region', value='SA_EAST_1'}, Tag{name='provider', value='AWS'}, Tag{name='nodeType', value='ELECTABLE'}, Tag{name='workloadType', value='OPERATIONAL'}]}, roundTripTime=13.4 ms, state=CONNECTED}]
08:10:43.237 [cluster-ClusterId{value='633188b21230850399e5212c', description='null'}-ac-uqz055v-shard-00-00.wkqj3pw.mongodb.net:27017] DEBUG org.mongodb.driver.cluster - Checking status of ac-uqz055v-shard-00-00.wkqj3pw.mongodb.net:27017
08:10:43.237 [cluster-ClusterId{value='633188b21230850399e5212c', description='null'}-ac-uqz055v-shard-00-00.wkqj3pw.mongodb.net:27017] DEBUG org.mongodb.driver.protocol.command - Sending command '{ "ismaster" : 1, "$db" : "admin", "$clusterTime" : { "clusterTime" : { "$timestamp" : { "t" : 1664190645, "i" : 2 } }, "signature" : { "hash" : { "$binary" : { "base64" : "UYBMUDL1f/ZBZUZsf0JqB7pHT6E=", "subType" : "00" } }, "keyId" : 7105062615637819394 } } }' with request id 90 to database admin on connection [connectionId{localValue:8, serverValue:452224}] to server ac-uqz055v-shard-00-00.wkqj3pw.mongodb.net:27017
08:10:43.239 [cluster-ClusterId{value='633188b21230850399e5212c', description='null'}-ac-uqz055v-shard-00-01.wkqj3pw.mongodb.net:27017] DEBUG org.mongodb.driver.cluster - Checking status of ac-uqz055v-shard-00-01.wkqj3pw.mongodb.net:27017
08:10:43.239 [cluster-ClusterId{value='633188b21230850399e5212c', description='null'}-ac-uqz055v-shard-00-01.wkqj3pw.mongodb.net:27017] DEBUG org.mongodb.driver.protocol.command - Sending command '{ "ismaster" : 1, "$db" : "admin", "$clusterTime" : { "clusterTime" : { "$timestamp" : { "t" : 1664190645, "i" : 2 } }, "signature" : { "hash" : { "$binary" : { "base64" : "UYBMUDL1f/ZBZUZsf0JqB7pHT6E=", "subType" : "00" } }, "keyId" : 7105062615637819394 } } }' with request id 91 to database admin on connection [connectionId{localValue:9, serverValue:451129}] to server ac-uqz055v-shard-00-01.wkqj3pw.mongodb.net:27017
08:10:43.248 [cluster-ClusterId{value='633188b21230850399e5212c', description='null'}-ac-uqz055v-shard-00-00.wkqj3pw.mongodb.net:27017] DEBUG org.mongodb.driver.protocol.command - Execution of command with request id 90 completed successfully in 11.18 ms on connection [connectionId{localValue:8, serverValue:452224}] to server ac-uqz055v-shard-00-00.wkqj3pw.mongodb.net:27017
08:10:43.250 [cluster-ClusterId{value='633188b21230850399e5212c', description='null'}-ac-uqz055v-shard-00-00.wkqj3pw.mongodb.net:27017] DEBUG org.mongodb.driver.cluster - Updating cluster description to  {type=REPLICA_SET, servers=[{address=ac-uqz055v-shard-00-02.wkqj3pw.mongodb.net:27017, type=REPLICA_SET_PRIMARY, TagSet{[Tag{name='nodeType', value='ELECTABLE'}, Tag{name='region', value='SA_EAST_1'}, Tag{name='workloadType', value='OPERATIONAL'}, Tag{name='provider', value='AWS'}]}, roundTripTime=14.3 ms, state=CONNECTED}, {address=ac-uqz055v-shard-00-00.wkqj3pw.mongodb.net:27017, type=REPLICA_SET_SECONDARY, TagSet{[Tag{name='nodeType', value='ELECTABLE'}, Tag{name='region', value='SA_EAST_1'}, Tag{name='workloadType', value='OPERATIONAL'}, Tag{name='provider', value='AWS'}]}, roundTripTime=21.1 ms, state=CONNECTED}, {address=ac-uqz055v-shard-00-01.wkqj3pw.mongodb.net:27017, type=REPLICA_SET_SECONDARY, TagSet{[Tag{name='region', value='SA_EAST_1'}, Tag{name='provider', value='AWS'}, Tag{name='nodeType', value='ELECTABLE'}, Tag{name='workloadType', value='OPERATIONAL'}]}, roundTripTime=14.3 ms, state=CONNECTED}]
08:10:43.254 [cluster-ClusterId{value='633188b21230850399e5212c', description='null'}-ac-uqz055v-shard-00-01.wkqj3pw.mongodb.net:27017] DEBUG org.mongodb.driver.protocol.command - Execution of command with request id 91 completed successfully in 14.42 ms on connection [connectionId{localValue:9, serverValue:451129}] to server ac-uqz055v-shard-00-01.wkqj3pw.mongodb.net:27017
08:10:43.254 [cluster-ClusterId{value='633188b21230850399e5212c', description='null'}-ac-uqz055v-shard-00-01.wkqj3pw.mongodb.net:27017] DEBUG org.mongodb.driver.cluster - Updating cluster description to  {type=REPLICA_SET, servers=[{address=ac-uqz055v-shard-00-02.wkqj3pw.mongodb.net:27017, type=REPLICA_SET_PRIMARY, TagSet{[Tag{name='nodeType', value='ELECTABLE'}, Tag{name='region', value='SA_EAST_1'}, Tag{name='workloadType', value='OPERATIONAL'}, Tag{name='provider', value='AWS'}]}, roundTripTime=14.3 ms, state=CONNECTED}, {address=ac-uqz055v-shard-00-00.wkqj3pw.mongodb.net:27017, type=REPLICA_SET_SECONDARY, TagSet{[Tag{name='nodeType', value='ELECTABLE'}, Tag{name='region', value='SA_EAST_1'}, Tag{name='workloadType', value='OPERATIONAL'}, Tag{name='provider', value='AWS'}]}, roundTripTime=21.1 ms, state=CONNECTED}, {address=ac-uqz055v-shard-00-01.wkqj3pw.mongodb.net:27017, type=REPLICA_SET_SECONDARY, TagSet{[Tag{name='region', value='SA_EAST_1'}, Tag{name='provider', value='AWS'}, Tag{name='nodeType', value='ELECTABLE'}, Tag{name='workloadType', value='OPERATIONAL'}]}, roundTripTime=14.4 ms, state=CONNECTED}]
08:10:43.320 [main] INFO org.mongodb.driver.connection - Opened connection [connectionId{localValue:21, serverValue:454337}] to ac-uqz055v-shard-00-02.wkqj3pw.mongodb.net:27017
08:10:43.321 [main] DEBUG org.mongodb.driver.protocol.command - Sending command '{ "aggregate" : "movies", "pipeline" : [{ "$match" : { "countries" : "Portugal" } }, { "$unwind" : "$cast" }, { "$group" : { "_id" : "$cast", "count" : { "$sum" : 1 } } }, { "$sort" : { "count" : -1 } }], "cursor" : { }, "$db" : "sample_mflix", "$clusterTime" : { "clusterTime" : { "$timestamp" : { "t" : 1664190645, "i" : 3 } }, "signature" : { "hash" : { "$binary" : { "base64" : "UYBMUDL1f/ZBZUZsf0JqB7pHT6E=", "subType" : "00" } }, "keyId" : 7105062615637819394 } }, "lsid" : { "id" : { "$binary" : { "base64" : "PcXhZI67T7CxgYcVJmdvoA==", "subType" : "04" } } } }' with request id 96 to database sample_mflix on connection [connectionId{localValue:21, serverValue:454337}] to server ac-uqz055v-shard-00-02.wkqj3pw.mongodb.net:27017
08:10:43.360 [main] DEBUG org.mongodb.driver.protocol.command - Execution of command with request id 96 completed successfully in 40.02 ms on connection [connectionId{localValue:21, serverValue:454337}] to server ac-uqz055v-shard-00-02.wkqj3pw.mongodb.net:27017
Document{{_id=Leonor Silveira, count=8}}
Document{{_id=Joaquim de Almeida, count=6}}
Document{{_id=Isabel Ruth, count=6}}
Document{{_id=Joèo Cèsar Monteiro, count=5}}
Document{{_id=John Malkovich, count=5}}
Document{{_id=Maria de Medeiros, count=5}}
Document{{_id=Catherine Deneuve, count=5}}
Document{{_id=Ricardo Trèpa, count=5}}
Document{{_id=Luès Miguel Cintra, count=4}}
Document{{_id=Ana Bustorff, count=4}}
Document{{_id=Diogo Dèria, count=4}}
Document{{_id=Rita Blanco, count=3}}
Document{{_id=Beatriz Batarda, count=3}}
Document{{_id=Karra Elejalde, count=3}}
Document{{_id=Melvil Poupaud, count=3}}
Document{{_id=Vanda Duarte, count=3}}
Document{{_id=Marcello Mastroianni, count=3}}
Document{{_id=Leonor Baldaque, count=3}}
Document{{_id=Adriano Luz, count=3}}
Document{{_id=Michel Piccoli, count=3}}
Document{{_id=Manuela de Freitas, count=3}}
Document{{_id=Soraia Chaves, count=2}}
Document{{_id=Francisco Gaspar, count=2}}
Document{{_id=Gabino Diego, count=2}}
Document{{_id=Daniel de Oliveira, count=2}}
Document{{_id=Louis Garrel, count=2}}
Document{{_id=Diogo Infante, count=2}}
Document{{_id=Cleia Almeida, count=2}}
Document{{_id=Joana de Verona, count=2}}
Document{{_id=Ventura, count=2}}
Document{{_id=Nuno Lopes, count=2}}
Document{{_id=Rafael Morais, count=2}}
Document{{_id=Miguel Gomes, count=2}}
Document{{_id=Isa Hochgerner, count=2}}
Document{{_id=Rogèrio Samora, count=2}}
Document{{_id=Joana Preiss, count=2}}
Document{{_id=Ruy Furtado, count=2}}
Document{{_id=Verena Jasch, count=2}}
Document{{_id=Marisa Paredes, count=2}}
Document{{_id=Antoine Chappey, count=2}}
Document{{_id=Sergio Rubini, count=2}}
Document{{_id=Gustavo Sumpta, count=2}}
Document{{_id=Thomas Baumann, count=2}}
Document{{_id=Adolfo Assor, count=2}}
Document{{_id=Canto e Castro, count=2}}
Document{{_id=Pilar Lèpez de Ayala, count=2}}
Document{{_id=Teresa Madruga, count=2}}
Document{{_id=Luis Tosar, count=2}}
Document{{_id=Thogun, count=2}}
Document{{_id=Lou Bihler, count=1}}
Document{{_id=Ricardo Meneses, count=1}}
Document{{_id=Rita Klein, count=1}}
Document{{_id=Samuli Kosminen, count=1}}
Document{{_id=Jean-Franèois Balmer, count=1}}
Document{{_id=Filipa de Almeida, count=1}}
Document{{_id=èngels Barcelè, count=1}}
Document{{_id=Jeremy Irons, count=1}}
Document{{_id=Devon Anderson, count=1}}
Document{{_id=Corey Large, count=1}}
Document{{_id=Skyler Day, count=1}}
Document{{_id=Serge Daney, count=1}}
Document{{_id=Alberto San Juan, count=1}}
Document{{_id=Anna Galiena, count=1}}
Document{{_id=Joana Azevedo, count=1}}
Document{{_id=Elsa Zylberstein, count=1}}
Document{{_id=Bèatrice Dalle, count=1}}
Document{{_id=Manuela Couto, count=1}}
Document{{_id=Melchior Derouet, count=1}}
Document{{_id=Francis Frappat, count=1}}
Document{{_id=Nuno Casanovas, count=1}}
Document{{_id=Chico Dèaz, count=1}}
Document{{_id=Ricardo Azevedo, count=1}}
Document{{_id=Cècile Sanz de Alba, count=1}}
Document{{_id=Rui Gomes, count=1}}
Document{{_id=August Diehl, count=1}}
Document{{_id=Eurico Vieira, count=1}}
Document{{_id=Alexandra Maria Lara, count=1}}
Document{{_id=Clarisse Abujamra, count=1}}
Document{{_id=Lydie Barbara, count=1}}
Document{{_id=Jaime Pereira, count=1}}
Document{{_id=Jèlia Buisel, count=1}}
Document{{_id=Andre Barbosa, count=1}}
Document{{_id=Marco D'Almeida, count=1}}
Document{{_id=Nuno Bernardo, count=1}}
Document{{_id=Juanjo Puigcorbè, count=1}}
Document{{_id=Fernando Luès, count=1}}
Document{{_id=Ricardo Pereira, count=1}}
Document{{_id=Micaela Cardoso, count=1}}
Document{{_id=Crista Alfaiate, count=1}}
Document{{_id=Antènio Pedroso, count=1}}
Document{{_id=Ivo Barroso, count=1}}
Document{{_id=Walter Kohut, count=1}}
Document{{_id=Filippo Nigro, count=1}}
Document{{_id=Brigitte Fossey, count=1}}
Document{{_id=Beatriz Torcato, count=1}}
Document{{_id=èlodie Bouchez, count=1}}
Document{{_id=Joèo Cajuda, count=1}}
Document{{_id=Chiara Mastroianni, count=1}}
Document{{_id=Vicky Peèa, count=1}}
Document{{_id=Maurice Bènichou, count=1}}
Document{{_id=Juan Diego Botto, count=1}}
08:10:43.366 [main] DEBUG org.mongodb.driver.protocol.command - Sending command '{ "getMore" : 3049974691811022408, "collection" : "movies", "$db" : "sample_mflix", "$clusterTime" : { "clusterTime" : { "$timestamp" : { "t" : 1664190645, "i" : 3 } }, "signature" : { "hash" : { "$binary" : { "base64" : "UYBMUDL1f/ZBZUZsf0JqB7pHT6E=", "subType" : "00" } }, "keyId" : 7105062615637819394 } }, "lsid" : { "id" : { "$binary" : { "base64" : "PcXhZI67T7CxgYcVJmdvoA==", "subType" : "04" } } } }' with request id 97 to database sample_mflix on connection [connectionId{localValue:21, serverValue:454337}] to server ac-uqz055v-shard-00-02.wkqj3pw.mongodb.net:27017
08:10:43.379 [main] DEBUG org.mongodb.driver.protocol.command - Execution of command with request id 97 completed successfully in 13.89 ms on connection [connectionId{localValue:21, serverValue:454337}] to server ac-uqz055v-shard-00-02.wkqj3pw.mongodb.net:27017
Document{{_id=Amba Bihler, count=1}}
Document{{_id=Bulle Ogier, count=1}}
Document{{_id=Isabelle Huppert, count=1}}
Document{{_id=Rodrigo Perdigèo, count=1}}
Document{{_id=Antènio Assunèèo, count=1}}
Document{{_id=Joèo Carreira, count=1}}
Document{{_id=John Jesus Romèo, count=1}}
Document{{_id=Alix Wilton Regan, count=1}}
Document{{_id=Marcos Caruso, count=1}}
Document{{_id=Josè Airosa, count=1}}
Document{{_id=Iciar Bollain, count=1}}
Document{{_id=Leos Carax, count=1}}
Document{{_id=Luès Melo, count=1}}
Document{{_id=Arielle Dombasle, count=1}}
Document{{_id=Lila Downs, count=1}}
Document{{_id=Amira Casar, count=1}}
Document{{_id=Robert Kramer, count=1}}
Document{{_id=Guy Marchand, count=1}}
Document{{_id=Scott Bailey, count=1}}
Document{{_id=Jack Huston, count=1}}
Document{{_id=Juan Echanove, count=1}}
Document{{_id=Joèo Marèal, count=1}}
Document{{_id=Nuno Gil, count=1}}
Document{{_id=Francesca Prandi, count=1}}
Document{{_id=Frèdèric Pierrot, count=1}}
Document{{_id=Tèmas Lemarquis, count=1}}
Document{{_id=Sandra Adair, count=1}}
Document{{_id=Julie Balloo, count=1}}
Document{{_id=Clara Lago, count=1}}
Document{{_id=Daniel Duval, count=1}}
Document{{_id=Charo Lèpez, count=1}}
Document{{_id=Nuno Leonel, count=1}}
Document{{_id=Charles Berling, count=1}}
Document{{_id=Nik Xhelilaj, count=1}}
Document{{_id=Antonio Santos, count=1}}
Document{{_id=Edith Scob, count=1}}
Document{{_id=Vasco Sequeira, count=1}}
Document{{_id=Joèo Roldan, count=1}}
Document{{_id=Fèbio Oliveira, count=1}}
Document{{_id=Massimo Girotti, count=1}}
Document{{_id=Timo Kèmèrèinen, count=1}}
Document{{_id=Maria Joèo Bastos, count=1}}
Document{{_id=Kevin Durand, count=1}}
Document{{_id=Stefania Goulioti, count=1}}
Document{{_id=Lena Duarte, count=1}}
Document{{_id=Telmo Churro, count=1}}
Document{{_id=Jean-Yves Gautier, count=1}}
Document{{_id=Rita Pereira Marques, count=1}}
Document{{_id=Robert Pattinson, count=1}}
Document{{_id=Cian Barry, count=1}}
Document{{_id=Silvia Munt, count=1}}
Document{{_id=Jonathan Genet, count=1}}
Document{{_id=Helmut Griem, count=1}}
Document{{_id=Nuno Vaz, count=1}}
Document{{_id=Joèo Pedro Rodrigues, count=1}}
Document{{_id=Frank Baker, count=1}}
Document{{_id=Sami Kuoppamèki, count=1}}
Document{{_id=Maren Ade, count=1}}
Document{{_id=Daniel Auteuil, count=1}}
Document{{_id=Cindy Scrash, count=1}}
Document{{_id=Shaghayegh Beheshti, count=1}}
Document{{_id=Lambert Wilson, count=1}}
Document{{_id=Harvey Keitel, count=1}}
Document{{_id=Vitalina Varela, count=1}}
Document{{_id=Erika Alexander, count=1}}
Document{{_id=Diogo Morgado, count=1}}
Document{{_id=Beatrice Brown, count=1}}
Document{{_id=Johan Libèreau, count=1}}
Document{{_id=Jean-Pierre Rehm, count=1}}
Document{{_id=Olivia Corsini, count=1}}
Document{{_id=Marcelo Faria, count=1}}
Document{{_id=Petronio Gontijo, count=1}}
Document{{_id=Leonor Watling, count=1}}
Document{{_id=Florentina Dumitru, count=1}}
Document{{_id=Colm Feore, count=1}}
Document{{_id=Amèrico Mota, count=1}}
Document{{_id=Emma Griffiths Malin, count=1}}
Document{{_id=Manuel Soares, count=1}}
Document{{_id=Joana Santos, count=1}}
Document{{_id=Vincent Perez, count=1}}
Document{{_id=Roschdy Zem, count=1}}
Document{{_id=Daniele Liotti, count=1}}
Document{{_id=Fernanda Torres, count=1}}
Document{{_id=Domingos Fernandes Fonseca, count=1}}
Document{{_id=Camanè, count=1}}
Document{{_id=èric Caravaca, count=1}}
Document{{_id=Richard Courcet, count=1}}
Document{{_id=Alexandra Lencastre, count=1}}
Document{{_id=Bruna Di Tullio, count=1}}
Document{{_id=Rebecca Gomperts, count=1}}
Document{{_id=Isabelle Weingarten, count=1}}
Document{{_id=Sabine Azèma, count=1}}
Document{{_id=Emmanuelle Bèart, count=1}}
Document{{_id=Ana Graciela, count=1}}
Document{{_id=Andreas Wilson, count=1}}
Document{{_id=Carloto Cotta, count=1}}
Document{{_id=Pilar del Rèo, count=1}}
Document{{_id=Carlos do Carmo, count=1}}
Document{{_id=Fernando Alves Pinto, count=1}}
Document{{_id=Dieter Laser, count=1}}
Document{{_id=Reginaldo Faria, count=1}}
Document{{_id=Mèrcio Libar, count=1}}
Document{{_id=Christian Vadim, count=1}}
Document{{_id=Catarina Wallenstein, count=1}}
Document{{_id=Paul Giamatti, count=1}}
Document{{_id=Stefano Dionisi, count=1}}
Document{{_id=Hortèncèlio Aquina, count=1}}
Document{{_id=Miriam Dèaz-Aroca, count=1}}
Document{{_id=Jorge Silva Melo, count=1}}
Document{{_id=Mariya Lipkina, count=1}}
Document{{_id=Raoul Bova, count=1}}
Document{{_id=Fernando Guillèn Cuervo, count=1}}
Document{{_id=Marta Etura, count=1}}
Document{{_id=Anabela Moreira, count=1}}
Document{{_id=Israel Gouvea, count=1}}
Document{{_id=Afonso Pimentel, count=1}}
Document{{_id=Vèctor Valdivia, count=1}}
Document{{_id=Francisco Mozos, count=1}}
Document{{_id=Rebeca Close, count=1}}
Document{{_id=Sophie Guillemin, count=1}}
Document{{_id=Joaquim Pinto, count=1}}
Document{{_id=Joaquim Carvalho, count=1}}
Document{{_id=Argyris Xafis, count=1}}
Document{{_id=Alicia Fehrmann, count=1}}
Document{{_id=Fabienne Babe, count=1}}
Document{{_id=Stepan Nercessian, count=1}}
Document{{_id=Andrès Waas, count=1}}
Document{{_id=Donatello Brida, count=1}}
Document{{_id=Katya Ladan, count=1}}
Document{{_id=Teresa Calado, count=1}}
Document{{_id=Joèo Rui Guerra da Mata, count=1}}
Document{{_id=Paulo Renato, count=1}}
Document{{_id=Inès de Medeiros, count=1}}
Document{{_id=Mercedes Sampietro, count=1}}
Document{{_id=Patrick Bauchau, count=1}}
Document{{_id=Netinho Alves, count=1}}
Document{{_id=Pedro Hestnes, count=1}}
Document{{_id=Nuno Markl, count=1}}
Document{{_id=Fatima Ennaflaoui, count=1}}
Document{{_id=Makena Diop, count=1}}
Document{{_id=Drica Moraes, count=1}}
Document{{_id=Juan Josè Ballesta, count=1}}
Document{{_id=Sebastian Laustsen, count=1}}
Document{{_id=Emma de Caunes, count=1}}
Document{{_id=Pascal Greggory, count=1}}
Document{{_id=Beatriz Duarte, count=1}}
Document{{_id=Ana Cristina de Oliveira, count=1}}
Document{{_id=Neuci de Souza, count=1}}
Document{{_id=Pedro Laginha, count=1}}
Document{{_id=Ana Moreira, count=1}}
Document{{_id=Manuel Manquièa, count=1}}
Document{{_id=Giovanna Mezzogiorno, count=1}}
Document{{_id=Diego Noguera, count=1}}
Document{{_id=Mèlanie Laurent, count=1}}
Document{{_id=Irène Jacob, count=1}}
Document{{_id=Ana Padrèo, count=1}}
Document{{_id=Jèlia Botelho, count=1}}
Document{{_id=Valeria Bruni Tedeschi, count=1}}
Document{{_id=Ellen Page, count=1}}
Document{{_id=Maria Flor, count=1}}
Document{{_id=Antènio Pedro Cerdeira, count=1}}
Document{{_id=Manoel de Oliveira, count=1}}
Document{{_id=Aleksandre Saulov, count=1}}
Document{{_id=Jeffrey Kime, count=1}}
Document{{_id=Cristina Cèmara, count=1}}
Document{{_id=Federico Luppi, count=1}}
Document{{_id=èlex Brendemèhl, count=1}}
Document{{_id=Nuno Porfèrio, count=1}}
Document{{_id=Richard Linklater, count=1}}
Document{{_id=Axel Neumann, count=1}}
Document{{_id=Rèdiger Vogler, count=1}}
Document{{_id=Rui Morrison, count=1}}
Document{{_id=Ivo Canelas, count=1}}
Document{{_id=Cètia Afonso, count=1}}
Document{{_id=Sarah Gadon, count=1}}
Document{{_id=Bruno Todeschini, count=1}}
Document{{_id=Martina Gedeck, count=1}}
Document{{_id=Jean Luis Amorim, count=1}}
Document{{_id=Rita Durèo, count=1}}
Document{{_id=Kimmo Pohjonen, count=1}}
Document{{_id=Alban Ukaj, count=1}}
Document{{_id=Thiago Justino, count=1}}
Document{{_id=Raoul Ruiz, count=1}}
Document{{_id=Ieronymos Kaletsanos, count=1}}
Document{{_id=Serge Nicolai, count=1}}
Document{{_id=Saakanush Vanyan, count=1}}
Document{{_id=Raquel Ascensèo, count=1}}
Document{{_id=Ed Stoppard, count=1}}
Document{{_id=Tito Furtado, count=1}}
Document{{_id=Ilias Stothart, count=1}}
Document{{_id=James Benning, count=1}}
Document{{_id=èlvaro de Luna, count=1}}
Document{{_id=Isabel Abreu, count=1}}
Document{{_id=Clotilde Hesme, count=1}}
Document{{_id=Pedro Granger, count=1}}
Document{{_id=Pedro Abrunhosa, count=1}}
Document{{_id=Carmelo Gèmez, count=1}}
Document{{_id=Oksana Chernych, count=1}}
Document{{_id=Edward Hogg, count=1}}
Document{{_id=Pancho Garcia Aguirre, count=1}}
Document{{_id=Chico Buarque de Hollanda, count=1}}
Document{{_id=Nathalia Galgani, count=1}}
Document{{_id=Valentinas Masalskis, count=1}}
Document{{_id=Sara Carinhas, count=1}}
Document{{_id=Andrzej Seweryn, count=1}}
Document{{_id=Guillermo Toledo, count=1}}
Document{{_id=Geoffrey Carey, count=1}}
Document{{_id=Alexandre Borges, count=1}}
Document{{_id=Elvira Mènguez, count=1}}
Document{{_id=Romain Duris, count=1}}
Document{{_id=Natasha Wightman, count=1}}
Document{{_id=Chandra Malatitch, count=1}}
Document{{_id=Jorge Trèpa, count=1}}
Document{{_id=Manuel Gomes Miranda, count=1}}
Document{{_id=Joao Afonso, count=1}}
Document{{_id=Bebe, count=1}}
Document{{_id=Gonèalo Ferreira De Almeida, count=1}}
Document{{_id=Zita Duarte, count=1}}
Document{{_id=Ricardo Darèn, count=1}}
Document{{_id=Derek Keurvorst, count=1}}
Document{{_id=Armanda Bacelar, count=1}}
Document{{_id=Roberio Lima, count=1}}
Document{{_id=Miguel Guilherme, count=1}}
Document{{_id=Penèlope Cruz, count=1}}
Document{{_id=Tony Ramos, count=1}}
Document{{_id=Stefano Accorsi, count=1}}
Document{{_id=Saffron Burrows, count=1}}
Document{{_id=Miguel Raposo, count=1}}
Document{{_id=Clèudia Teixeira, count=1}}
Document{{_id=Marèa Barranco, count=1}}
Document{{_id=Fernando Fernèn Gèmez, count=1}}
Document{{_id=Giuliano Gemma, count=1}}
Document{{_id=Joaquina Chicau, count=1}}
Document{{_id=Ruy de Carvalho, count=1}}
Document{{_id=Isaach De Bankolè, count=1}}
Document{{_id=Rebecca Pauly, count=1}}
Document{{_id=Rosana Pastor, count=1}}
Document{{_id=Sènia Bandeira, count=1}}
Document{{_id=Maitè Proenèa, count=1}}
Document{{_id=Maria Conchita Alonso, count=1}}
Document{{_id=Dmitriy Podnozov, count=1}}
Document{{_id=Michelle Mania, count=1}}
Document{{_id=Lise Biskup, count=1}}
Document{{_id=Mot Harris Dunlop Stothart, count=1}}
Document{{_id=Eduard Fernèndez, count=1}}
Document{{_id=Oliveira Lopes, count=1}}
08:10:43.397 [main] DEBUG org.mongodb.driver.protocol.command - Sending command '{ "aggregate" : "movies", "pipeline" : [{ "$match" : { "countries" : "Portugal" } }, { "$unwind" : "$cast" }, { "$sortByCount" : "$cast" }], "cursor" : { }, "$db" : "sample_mflix", "$clusterTime" : { "clusterTime" : { "$timestamp" : { "t" : 1664190645, "i" : 3 } }, "signature" : { "hash" : { "$binary" : { "base64" : "UYBMUDL1f/ZBZUZsf0JqB7pHT6E=", "subType" : "00" } }, "keyId" : 7105062615637819394 } }, "lsid" : { "id" : { "$binary" : { "base64" : "PcXhZI67T7CxgYcVJmdvoA==", "subType" : "04" } } } }' with request id 98 to database sample_mflix on connection [connectionId{localValue:21, serverValue:454337}] to server ac-uqz055v-shard-00-02.wkqj3pw.mongodb.net:27017
08:10:43.439 [main] DEBUG org.mongodb.driver.protocol.command - Execution of command with request id 98 completed successfully in 48.42 ms on connection [connectionId{localValue:21, serverValue:454337}] to server ac-uqz055v-shard-00-02.wkqj3pw.mongodb.net:27017
Document{{_id=Leonor Silveira, count=8}}
Document{{_id=Isabel Ruth, count=6}}
Document{{_id=Joaquim de Almeida, count=6}}
Document{{_id=Ricardo Trèpa, count=5}}
Document{{_id=John Malkovich, count=5}}
Document{{_id=Maria de Medeiros, count=5}}
Document{{_id=Catherine Deneuve, count=5}}
Document{{_id=Joèo Cèsar Monteiro, count=5}}
Document{{_id=Diogo Dèria, count=4}}
Document{{_id=Ana Bustorff, count=4}}
Document{{_id=Luès Miguel Cintra, count=4}}
Document{{_id=Manuela de Freitas, count=3}}
Document{{_id=Michel Piccoli, count=3}}
Document{{_id=Marcello Mastroianni, count=3}}
Document{{_id=Leonor Baldaque, count=3}}
Document{{_id=Adriano Luz, count=3}}
Document{{_id=Melvil Poupaud, count=3}}
Document{{_id=Vanda Duarte, count=3}}
Document{{_id=Rita Blanco, count=3}}
Document{{_id=Beatriz Batarda, count=3}}
Document{{_id=Karra Elejalde, count=3}}
Document{{_id=Adolfo Assor, count=2}}
Document{{_id=Thomas Baumann, count=2}}
Document{{_id=Canto e Castro, count=2}}
Document{{_id=Teresa Madruga, count=2}}
Document{{_id=Pilar Lèpez de Ayala, count=2}}
Document{{_id=Thogun, count=2}}
Document{{_id=Luis Tosar, count=2}}
Document{{_id=Isa Hochgerner, count=2}}
Document{{_id=Rogèrio Samora, count=2}}
Document{{_id=Ruy Furtado, count=2}}
Document{{_id=Joana Preiss, count=2}}
Document{{_id=Verena Jasch, count=2}}
Document{{_id=Marisa Paredes, count=2}}
Document{{_id=Antoine Chappey, count=2}}
Document{{_id=Sergio Rubini, count=2}}
Document{{_id=Gustavo Sumpta, count=2}}
Document{{_id=Diogo Infante, count=2}}
Document{{_id=Louis Garrel, count=2}}
Document{{_id=Joana de Verona, count=2}}
Document{{_id=Cleia Almeida, count=2}}
Document{{_id=Nuno Lopes, count=2}}
Document{{_id=Miguel Gomes, count=2}}
Document{{_id=Ventura, count=2}}
Document{{_id=Rafael Morais, count=2}}
Document{{_id=Soraia Chaves, count=2}}
Document{{_id=Francisco Gaspar, count=2}}
Document{{_id=Daniel de Oliveira, count=2}}
Document{{_id=Gabino Diego, count=2}}
Document{{_id=Richard Linklater, count=1}}
Document{{_id=Axel Neumann, count=1}}
Document{{_id=Jean Luis Amorim, count=1}}
Document{{_id=Cristina Cèmara, count=1}}
Document{{_id=Federico Luppi, count=1}}
Document{{_id=èlex Brendemèhl, count=1}}
Document{{_id=Nuno Porfèrio, count=1}}
Document{{_id=Aleksandre Saulov, count=1}}
Document{{_id=Jeffrey Kime, count=1}}
Document{{_id=Serge Nicolai, count=1}}
Document{{_id=Ieronymos Kaletsanos, count=1}}
Document{{_id=Rita Durèo, count=1}}
Document{{_id=Kimmo Pohjonen, count=1}}
Document{{_id=Alban Ukaj, count=1}}
Document{{_id=Martina Gedeck, count=1}}
Document{{_id=Bruno Todeschini, count=1}}
Document{{_id=Rèdiger Vogler, count=1}}
Document{{_id=Rui Morrison, count=1}}
Document{{_id=Ivo Canelas, count=1}}
Document{{_id=Pedro Abrunhosa, count=1}}
Document{{_id=Carmelo Gèmez, count=1}}
Document{{_id=Oksana Chernych, count=1}}
Document{{_id=èlvaro de Luna, count=1}}
Document{{_id=Isabel Abreu, count=1}}
Document{{_id=Cètia Afonso, count=1}}
Document{{_id=Clotilde Hesme, count=1}}
Document{{_id=Sarah Gadon, count=1}}
Document{{_id=Ilias Stothart, count=1}}
Document{{_id=Pedro Granger, count=1}}
Document{{_id=James Benning, count=1}}
Document{{_id=Raoul Ruiz, count=1}}
Document{{_id=Saakanush Vanyan, count=1}}
Document{{_id=Raquel Ascensèo, count=1}}
Document{{_id=Ed Stoppard, count=1}}
Document{{_id=Alexandre Borges, count=1}}
Document{{_id=Tito Furtado, count=1}}
Document{{_id=Guillermo Toledo, count=1}}
Document{{_id=Geoffrey Carey, count=1}}
Document{{_id=Elvira Mènguez, count=1}}
Document{{_id=Valentinas Masalskis, count=1}}
Document{{_id=Sara Carinhas, count=1}}
Document{{_id=Andrzej Seweryn, count=1}}
Document{{_id=Romain Duris, count=1}}
Document{{_id=Chandra Malatitch, count=1}}
Document{{_id=Chico Buarque de Hollanda, count=1}}
Document{{_id=Joao Afonso, count=1}}
Document{{_id=Ricardo Darèn, count=1}}
Document{{_id=Edward Hogg, count=1}}
Document{{_id=Derek Keurvorst, count=1}}
Document{{_id=Armanda Bacelar, count=1}}
Document{{_id=Nathalia Galgani, count=1}}
Document{{_id=Gonèalo Ferreira De Almeida, count=1}}
08:10:43.441 [main] DEBUG org.mongodb.driver.protocol.command - Sending command '{ "getMore" : 4906754315941598593, "collection" : "movies", "$db" : "sample_mflix", "$clusterTime" : { "clusterTime" : { "$timestamp" : { "t" : 1664190645, "i" : 3 } }, "signature" : { "hash" : { "$binary" : { "base64" : "UYBMUDL1f/ZBZUZsf0JqB7pHT6E=", "subType" : "00" } }, "keyId" : 7105062615637819394 } }, "lsid" : { "id" : { "$binary" : { "base64" : "PcXhZI67T7CxgYcVJmdvoA==", "subType" : "04" } } } }' with request id 99 to database sample_mflix on connection [connectionId{localValue:21, serverValue:454337}] to server ac-uqz055v-shard-00-02.wkqj3pw.mongodb.net:27017
08:10:43.454 [main] DEBUG org.mongodb.driver.protocol.command - Execution of command with request id 99 completed successfully in 13.39 ms on connection [connectionId{localValue:21, serverValue:454337}] to server ac-uqz055v-shard-00-02.wkqj3pw.mongodb.net:27017
Document{{_id=Zita Duarte, count=1}}
Document{{_id=Bebe, count=1}}
Document{{_id=Natasha Wightman, count=1}}
Document{{_id=Thiago Justino, count=1}}
Document{{_id=Jorge Trèpa, count=1}}
Document{{_id=Manuel Gomes Miranda, count=1}}
Document{{_id=Stefano Accorsi, count=1}}
Document{{_id=Pancho Garcia Aguirre, count=1}}
Document{{_id=Penèlope Cruz, count=1}}
Document{{_id=Tony Ramos, count=1}}
Document{{_id=Miguel Guilherme, count=1}}
Document{{_id=Roberio Lima, count=1}}
Document{{_id=Giuliano Gemma, count=1}}
Document{{_id=Dmitriy Podnozov, count=1}}
Document{{_id=Michelle Mania, count=1}}
Document{{_id=Maitè Proenèa, count=1}}
Document{{_id=Mot Harris Dunlop Stothart, count=1}}
Document{{_id=Marèa Barranco, count=1}}
Document{{_id=Fernando Fernèn Gèmez, count=1}}
Document{{_id=Joaquina Chicau, count=1}}
Document{{_id=Clèudia Teixeira, count=1}}
Document{{_id=Jean-Franèois Balmer, count=1}}
Document{{_id=Saffron Burrows, count=1}}
Document{{_id=Miguel Raposo, count=1}}
Document{{_id=Eduard Fernèndez, count=1}}
Document{{_id=Oliveira Lopes, count=1}}
Document{{_id=Lou Bihler, count=1}}
Document{{_id=Lise Biskup, count=1}}
Document{{_id=Sènia Bandeira, count=1}}
Document{{_id=Rosana Pastor, count=1}}
Document{{_id=Maria Conchita Alonso, count=1}}
Document{{_id=Ruy de Carvalho, count=1}}
Document{{_id=Rebecca Pauly, count=1}}
Document{{_id=Isaach De Bankolè, count=1}}
Document{{_id=Fernando Alves Pinto, count=1}}
Document{{_id=Dieter Laser, count=1}}
Document{{_id=Reginaldo Faria, count=1}}
Document{{_id=Mèrcio Libar, count=1}}
Document{{_id=Pilar del Rèo, count=1}}
Document{{_id=Carlos do Carmo, count=1}}
Document{{_id=Andreas Wilson, count=1}}
Document{{_id=Carloto Cotta, count=1}}
Document{{_id=Mariya Lipkina, count=1}}
Document{{_id=Fernando Guillèn Cuervo, count=1}}
Document{{_id=Marta Etura, count=1}}
Document{{_id=Jorge Silva Melo, count=1}}
Document{{_id=Stefano Dionisi, count=1}}
Document{{_id=Raoul Bova, count=1}}
Document{{_id=Miriam Dèaz-Aroca, count=1}}
Document{{_id=Anabela Moreira, count=1}}
Document{{_id=Christian Vadim, count=1}}
Document{{_id=Catarina Wallenstein, count=1}}
Document{{_id=Paul Giamatti, count=1}}
Document{{_id=Hortèncèlio Aquina, count=1}}
Document{{_id=Francisco Mozos, count=1}}
Document{{_id=Rebeca Close, count=1}}
Document{{_id=Sophie Guillemin, count=1}}
Document{{_id=Joaquim Pinto, count=1}}
Document{{_id=Afonso Pimentel, count=1}}
Document{{_id=Vèctor Valdivia, count=1}}
Document{{_id=Israel Gouvea, count=1}}
Document{{_id=Fabienne Babe, count=1}}
Document{{_id=Alicia Fehrmann, count=1}}
Document{{_id=Joaquim Carvalho, count=1}}
Document{{_id=Argyris Xafis, count=1}}
Document{{_id=Netinho Alves, count=1}}
Document{{_id=Patrick Bauchau, count=1}}
Document{{_id=Drica Moraes, count=1}}
Document{{_id=Teresa Calado, count=1}}
Document{{_id=Joèo Rui Guerra da Mata, count=1}}
Document{{_id=Pedro Hestnes, count=1}}
Document{{_id=Inès de Medeiros, count=1}}
Document{{_id=Paulo Renato, count=1}}
Document{{_id=Katya Ladan, count=1}}
Document{{_id=Mercedes Sampietro, count=1}}
Document{{_id=Nuno Markl, count=1}}
Document{{_id=Makena Diop, count=1}}
Document{{_id=Stepan Nercessian, count=1}}
Document{{_id=Juan Josè Ballesta, count=1}}
Document{{_id=Andrès Waas, count=1}}
Document{{_id=Sebastian Laustsen, count=1}}
Document{{_id=Emma de Caunes, count=1}}
Document{{_id=Neuci de Souza, count=1}}
Document{{_id=Pedro Laginha, count=1}}
Document{{_id=Donatello Brida, count=1}}
Document{{_id=Fatima Ennaflaoui, count=1}}
Document{{_id=Diego Noguera, count=1}}
Document{{_id=Mèlanie Laurent, count=1}}
Document{{_id=Irène Jacob, count=1}}
Document{{_id=Manuel Manquièa, count=1}}
Document{{_id=Giovanna Mezzogiorno, count=1}}
Document{{_id=Pascal Greggory, count=1}}
Document{{_id=Beatriz Duarte, count=1}}
Document{{_id=Ana Cristina de Oliveira, count=1}}
Document{{_id=Ana Moreira, count=1}}
Document{{_id=Manoel de Oliveira, count=1}}
Document{{_id=Ellen Page, count=1}}
Document{{_id=Maria Flor, count=1}}
Document{{_id=Antènio Pedro Cerdeira, count=1}}
Document{{_id=Ana Padrèo, count=1}}
Document{{_id=Jèlia Botelho, count=1}}
Document{{_id=Valeria Bruni Tedeschi, count=1}}
Document{{_id=Antonio Santos, count=1}}
Document{{_id=Edith Scob, count=1}}
Document{{_id=Joèo Roldan, count=1}}
Document{{_id=Vasco Sequeira, count=1}}
Document{{_id=Fèbio Oliveira, count=1}}
Document{{_id=Nik Xhelilaj, count=1}}
Document{{_id=Charles Berling, count=1}}
Document{{_id=Daniel Duval, count=1}}
Document{{_id=Charo Lèpez, count=1}}
Document{{_id=Nuno Leonel, count=1}}
Document{{_id=Lena Duarte, count=1}}
Document{{_id=Telmo Churro, count=1}}
Document{{_id=Kevin Durand, count=1}}
Document{{_id=Stefania Goulioti, count=1}}
Document{{_id=Timo Kèmèrèinen, count=1}}
Document{{_id=Maria Joèo Bastos, count=1}}
Document{{_id=Massimo Girotti, count=1}}
Document{{_id=Nuno Vaz, count=1}}
Document{{_id=Silvia Munt, count=1}}
Document{{_id=Jonathan Genet, count=1}}
Document{{_id=Helmut Griem, count=1}}
Document{{_id=Cian Barry, count=1}}
Document{{_id=Jean-Yves Gautier, count=1}}
Document{{_id=Rita Pereira Marques, count=1}}
Document{{_id=Robert Pattinson, count=1}}
Document{{_id=Cindy Scrash, count=1}}
Document{{_id=Shaghayegh Beheshti, count=1}}
Document{{_id=Daniel Auteuil, count=1}}
Document{{_id=Frank Baker, count=1}}
Document{{_id=Sami Kuoppamèki, count=1}}
Document{{_id=Maren Ade, count=1}}
Document{{_id=Joèo Pedro Rodrigues, count=1}}
Document{{_id=Erika Alexander, count=1}}
Document{{_id=Diogo Morgado, count=1}}
Document{{_id=Beatrice Brown, count=1}}
Document{{_id=Johan Libèreau, count=1}}
Document{{_id=Olivia Corsini, count=1}}
Document{{_id=Lambert Wilson, count=1}}
Document{{_id=Harvey Keitel, count=1}}
Document{{_id=Vitalina Varela, count=1}}
Document{{_id=Colm Feore, count=1}}
Document{{_id=Petronio Gontijo, count=1}}
Document{{_id=Leonor Watling, count=1}}
Document{{_id=Florentina Dumitru, count=1}}
Document{{_id=Marcelo Faria, count=1}}
Document{{_id=Jean-Pierre Rehm, count=1}}
Document{{_id=Vincent Perez, count=1}}
Document{{_id=Roschdy Zem, count=1}}
Document{{_id=Daniele Liotti, count=1}}
Document{{_id=Manuel Soares, count=1}}
Document{{_id=Camanè, count=1}}
Document{{_id=Joana Santos, count=1}}
Document{{_id=Amèrico Mota, count=1}}
Document{{_id=Emma Griffiths Malin, count=1}}
Document{{_id=Isabelle Weingarten, count=1}}
Document{{_id=Emmanuelle Bèart, count=1}}
Document{{_id=Ana Graciela, count=1}}
Document{{_id=Bruna Di Tullio, count=1}}
Document{{_id=èric Caravaca, count=1}}
Document{{_id=Sabine Azèma, count=1}}
Document{{_id=Richard Courcet, count=1}}
Document{{_id=Fernanda Torres, count=1}}
Document{{_id=Alexandra Lencastre, count=1}}
Document{{_id=Domingos Fernandes Fonseca, count=1}}
Document{{_id=Devon Anderson, count=1}}
Document{{_id=Corey Large, count=1}}
Document{{_id=Skyler Day, count=1}}
Document{{_id=Filipa de Almeida, count=1}}
Document{{_id=èngels Barcelè, count=1}}
Document{{_id=Jeremy Irons, count=1}}
Document{{_id=Rita Klein, count=1}}
Document{{_id=Samuli Kosminen, count=1}}
Document{{_id=Serge Daney, count=1}}
Document{{_id=Ricardo Meneses, count=1}}
Document{{_id=Ricardo Azevedo, count=1}}
Document{{_id=Rebecca Gomperts, count=1}}
Document{{_id=Nuno Casanovas, count=1}}
Document{{_id=Chico Dèaz, count=1}}
Document{{_id=Manuela Couto, count=1}}
Document{{_id=Bèatrice Dalle, count=1}}
Document{{_id=Melchior Derouet, count=1}}
Document{{_id=Alberto San Juan, count=1}}
Document{{_id=Anna Galiena, count=1}}
Document{{_id=Joana Azevedo, count=1}}
Document{{_id=Andre Barbosa, count=1}}
Document{{_id=Elsa Zylberstein, count=1}}
Document{{_id=Marco D'Almeida, count=1}}
Document{{_id=Francis Frappat, count=1}}
Document{{_id=Jèlia Buisel, count=1}}
Document{{_id=Jaime Pereira, count=1}}
Document{{_id=Lydie Barbara, count=1}}
Document{{_id=Cècile Sanz de Alba, count=1}}
Document{{_id=Rui Gomes, count=1}}
Document{{_id=August Diehl, count=1}}
Document{{_id=Eurico Vieira, count=1}}
Document{{_id=Alexandra Maria Lara, count=1}}
Document{{_id=Clarisse Abujamra, count=1}}
Document{{_id=Crista Alfaiate, count=1}}
Document{{_id=Ricardo Pereira, count=1}}
Document{{_id=Micaela Cardoso, count=1}}
Document{{_id=Fernando Luès, count=1}}
Document{{_id=Nuno Bernardo, count=1}}
Document{{_id=Juanjo Puigcorbè, count=1}}
Document{{_id=Chiara Mastroianni, count=1}}
Document{{_id=Vicky Peèa, count=1}}
Document{{_id=Maurice Bènichou, count=1}}
Document{{_id=èlodie Bouchez, count=1}}
Document{{_id=Joèo Cajuda, count=1}}
Document{{_id=Walter Kohut, count=1}}
Document{{_id=Filippo Nigro, count=1}}
Document{{_id=Brigitte Fossey, count=1}}
Document{{_id=Beatriz Torcato, count=1}}
Document{{_id=Antènio Pedroso, count=1}}
Document{{_id=Ivo Barroso, count=1}}
Document{{_id=Joèo Carreira, count=1}}
Document{{_id=John Jesus Romèo, count=1}}
Document{{_id=Rodrigo Perdigèo, count=1}}
Document{{_id=Antènio Assunèèo, count=1}}
Document{{_id=Alix Wilton Regan, count=1}}
Document{{_id=Sandra Adair, count=1}}
Document{{_id=Juan Diego Botto, count=1}}
Document{{_id=Amba Bihler, count=1}}
Document{{_id=Bulle Ogier, count=1}}
Document{{_id=Isabelle Huppert, count=1}}
Document{{_id=Lila Downs, count=1}}
Document{{_id=Robert Kramer, count=1}}
Document{{_id=Guy Marchand, count=1}}
Document{{_id=Scott Bailey, count=1}}
Document{{_id=Leos Carax, count=1}}
Document{{_id=Luès Melo, count=1}}
Document{{_id=Arielle Dombasle, count=1}}
Document{{_id=Jack Huston, count=1}}
Document{{_id=Juan Echanove, count=1}}
Document{{_id=Marcos Caruso, count=1}}
Document{{_id=Josè Airosa, count=1}}
Document{{_id=Iciar Bollain, count=1}}
Document{{_id=Clara Lago, count=1}}
Document{{_id=Amira Casar, count=1}}
Document{{_id=Julie Balloo, count=1}}
Document{{_id=Nuno Gil, count=1}}
Document{{_id=Francesca Prandi, count=1}}
Document{{_id=Frèdèric Pierrot, count=1}}
Document{{_id=Tèmas Lemarquis, count=1}}
Document{{_id=Joèo Marèal, count=1}}
]]></system-out>
  </testcase>
</testsuite>