<?xml version="1.0" encoding="UTF-8"?>
<testsuite xmlns:xsi="http://www.w3.org/2001/XMLSchema-instance" xsi:noNamespaceSchemaLocation="https://maven.apache.org/surefire/maven-surefire-plugin/xsd/surefire-test-report.xsd" name="mflix.api.daos.MigrationTest" time="0.622" tests="2" errors="0" skipped="0" failures="2">
  <properties>
    <property name="awt.toolkit" value="sun.awt.X11.XToolkit"/>
    <property name="file.encoding.pkg" value="sun.io"/>
    <property name="java.specification.version" value="1.8"/>
    <property name="sun.cpu.isalist" value=""/>
    <property name="sun.jnu.encoding" value="UTF-8"/>
    <property name="java.class.path" value="/mnt/d/workspace/mflix/target/test-classes:/mnt/d/workspace/mflix/target/classes:/home/rafael/.m2/repository/org/springframework/boot/spring-boot-starter-web/2.0.3.RELEASE/spring-boot-starter-web-2.0.3.RELEASE.jar:/home/rafael/.m2/repository/org/springframework/boot/spring-boot-starter/2.0.3.RELEASE/spring-boot-starter-2.0.3.RELEASE.jar:/home/rafael/.m2/repository/org/springframework/boot/spring-boot-starter-logging/2.0.3.RELEASE/spring-boot-starter-logging-2.0.3.RELEASE.jar:/home/rafael/.m2/repository/ch/qos/logback/logback-classic/1.2.3/logback-classic-1.2.3.jar:/home/rafael/.m2/repository/ch/qos/logback/logback-core/1.2.3/logback-core-1.2.3.jar:/home/rafael/.m2/repository/org/apache/logging/log4j/log4j-to-slf4j/2.10.0/log4j-to-slf4j-2.10.0.jar:/home/rafael/.m2/repository/org/apache/logging/log4j/log4j-api/2.10.0/log4j-api-2.10.0.jar:/home/rafael/.m2/repository/org/slf4j/jul-to-slf4j/1.7.25/jul-to-slf4j-1.7.25.jar:/home/rafael/.m2/repository/javax/annotation/javax.annotation-api/1.3.2/javax.annotation-api-1.3.2.jar:/home/rafael/.m2/repository/org/yaml/snakeyaml/1.19/snakeyaml-1.19.jar:/home/rafael/.m2/repository/org/springframework/boot/spring-boot-starter-json/2.0.3.RELEASE/spring-boot-starter-json-2.0.3.RELEASE.jar:/home/rafael/.m2/repository/com/fasterxml/jackson/datatype/jackson-datatype-jdk8/2.9.6/jackson-datatype-jdk8-2.9.6.jar:/home/rafael/.m2/repository/com/fasterxml/jackson/datatype/jackson-datatype-jsr310/2.9.6/jackson-datatype-jsr310-2.9.6.jar:/home/rafael/.m2/repository/com/fasterxml/jackson/module/jackson-module-parameter-names/2.9.6/jackson-module-parameter-names-2.9.6.jar:/home/rafael/.m2/repository/org/springframework/boot/spring-boot-starter-tomcat/2.0.3.RELEASE/spring-boot-starter-tomcat-2.0.3.RELEASE.jar:/home/rafael/.m2/repository/org/apache/tomcat/embed/tomcat-embed-core/8.5.31/tomcat-embed-core-8.5.31.jar:/home/rafael/.m2/repository/org/apache/tomcat/embed/tomcat-embed-el/8.5.31/tomcat-embed-el-8.5.31.jar:/home/rafael/.m2/repository/org/apache/tomcat/embed/tomcat-embed-websocket/8.5.31/tomcat-embed-websocket-8.5.31.jar:/home/rafael/.m2/repository/org/hibernate/validator/hibernate-validator/6.0.10.Final/hibernate-validator-6.0.10.Final.jar:/home/rafael/.m2/repository/javax/validation/validation-api/2.0.1.Final/validation-api-2.0.1.Final.jar:/home/rafael/.m2/repository/org/jboss/logging/jboss-logging/3.3.2.Final/jboss-logging-3.3.2.Final.jar:/home/rafael/.m2/repository/com/fasterxml/classmate/1.3.4/classmate-1.3.4.jar:/home/rafael/.m2/repository/org/springframework/spring-webmvc/5.0.7.RELEASE/spring-webmvc-5.0.7.RELEASE.jar:/home/rafael/.m2/repository/org/springframework/boot/spring-boot-starter-test/2.0.3.RELEASE/spring-boot-starter-test-2.0.3.RELEASE.jar:/home/rafael/.m2/repository/org/springframework/boot/spring-boot-test/2.0.3.RELEASE/spring-boot-test-2.0.3.RELEASE.jar:/home/rafael/.m2/repository/org/springframework/boot/spring-boot-test-autoconfigure/2.0.3.RELEASE/spring-boot-test-autoconfigure-2.0.3.RELEASE.jar:/home/rafael/.m2/repository/com/jayway/jsonpath/json-path/2.4.0/json-path-2.4.0.jar:/home/rafael/.m2/repository/net/minidev/json-smart/2.3/json-smart-2.3.jar:/home/rafael/.m2/repository/net/minidev/accessors-smart/1.2/accessors-smart-1.2.jar:/home/rafael/.m2/repository/org/ow2/asm/asm/5.0.4/asm-5.0.4.jar:/home/rafael/.m2/repository/org/slf4j/slf4j-api/1.7.25/slf4j-api-1.7.25.jar:/home/rafael/.m2/repository/junit/junit/4.12/junit-4.12.jar:/home/rafael/.m2/repository/org/assertj/assertj-core/3.9.1/assertj-core-3.9.1.jar:/home/rafael/.m2/repository/org/mockito/mockito-core/2.15.0/mockito-core-2.15.0.jar:/home/rafael/.m2/repository/net/bytebuddy/byte-buddy/1.7.9/byte-buddy-1.7.9.jar:/home/rafael/.m2/repository/net/bytebuddy/byte-buddy-agent/1.7.9/byte-buddy-agent-1.7.9.jar:/home/rafael/.m2/repository/org/objenesis/objenesis/2.6/objenesis-2.6.jar:/home/rafael/.m2/repository/org/hamcrest/hamcrest-core/1.3/hamcrest-core-1.3.jar:/home/rafael/.m2/repository/org/hamcrest/hamcrest-library/1.3/hamcrest-library-1.3.jar:/home/rafael/.m2/repository/org/skyscreamer/jsonassert/1.5.0/jsonassert-1.5.0.jar:/home/rafael/.m2/repository/com/vaadin/external/google/android-json/0.0.20131108.vaadin1/android-json-0.0.20131108.vaadin1.jar:/home/rafael/.m2/repository/org/springframework/spring-test/5.0.7.RELEASE/spring-test-5.0.7.RELEASE.jar:/home/rafael/.m2/repository/org/xmlunit/xmlunit-core/2.5.1/xmlunit-core-2.5.1.jar:/home/rafael/.m2/repository/org/springframework/boot/spring-boot-starter-security/2.0.4.RELEASE/spring-boot-starter-security-2.0.4.RELEASE.jar:/home/rafael/.m2/repository/org/springframework/spring-aop/5.0.8.RELEASE/spring-aop-5.0.8.RELEASE.jar:/home/rafael/.m2/repository/org/springframework/security/spring-security-config/5.0.7.RELEASE/spring-security-config-5.0.7.RELEASE.jar:/home/rafael/.m2/repository/org/springframework/security/spring-security-core/5.0.7.RELEASE/spring-security-core-5.0.7.RELEASE.jar:/home/rafael/.m2/repository/org/springframework/security/spring-security-web/5.0.7.RELEASE/spring-security-web-5.0.7.RELEASE.jar:/home/rafael/.m2/repository/org/springframework/boot/spring-boot/2.0.4.RELEASE/spring-boot-2.0.4.RELEASE.jar:/home/rafael/.m2/repository/org/springframework/spring-context/5.0.7.RELEASE/spring-context-5.0.7.RELEASE.jar:/home/rafael/.m2/repository/org/springframework/spring-beans/5.0.7.RELEASE/spring-beans-5.0.7.RELEASE.jar:/home/rafael/.m2/repository/org/springframework/spring-expression/5.0.7.RELEASE/spring-expression-5.0.7.RELEASE.jar:/home/rafael/.m2/repository/org/springframework/spring-core/5.0.7.RELEASE/spring-core-5.0.7.RELEASE.jar:/home/rafael/.m2/repository/org/springframework/spring-jcl/5.0.7.RELEASE/spring-jcl-5.0.7.RELEASE.jar:/home/rafael/.m2/repository/org/springframework/boot/spring-boot-autoconfigure/2.0.3.RELEASE/spring-boot-autoconfigure-2.0.3.RELEASE.jar:/home/rafael/.m2/repository/org/springframework/spring-web/5.0.7.RELEASE/spring-web-5.0.7.RELEASE.jar:/home/rafael/.m2/repository/io/jsonwebtoken/jjwt/0.9.1/jjwt-0.9.1.jar:/home/rafael/.m2/repository/com/fasterxml/jackson/core/jackson-databind/2.9.6/jackson-databind-2.9.6.jar:/home/rafael/.m2/repository/com/fasterxml/jackson/core/jackson-annotations/2.9.0/jackson-annotations-2.9.0.jar:/home/rafael/.m2/repository/com/fasterxml/jackson/core/jackson-core/2.9.6/jackson-core-2.9.6.jar:/home/rafael/.m2/repository/org/junit/jupiter/junit-jupiter-api/5.1.0/junit-jupiter-api-5.1.0.jar:/home/rafael/.m2/repository/org/apiguardian/apiguardian-api/1.0.0/apiguardian-api-1.0.0.jar:/home/rafael/.m2/repository/org/opentest4j/opentest4j/1.0.0/opentest4j-1.0.0.jar:/home/rafael/.m2/repository/org/junit/platform/junit-platform-commons/1.1.0/junit-platform-commons-1.1.0.jar:/home/rafael/.m2/repository/org/mongodb/mongodb-driver-sync/3.9.1/mongodb-driver-sync-3.9.1.jar:/home/rafael/.m2/repository/org/mongodb/bson/3.9.1/bson-3.9.1.jar:/home/rafael/.m2/repository/org/mongodb/mongodb-driver-core/3.9.1/mongodb-driver-core-3.9.1.jar:"/>
    <property name="java.vm.vendor" value="Amazon.com Inc."/>
    <property name="sun.arch.data.model" value="64"/>
    <property name="java.vendor.url" value="https://aws.amazon.com/corretto/"/>
    <property name="user.timezone" value=""/>
    <property name="java.vm.specification.version" value="1.8"/>
    <property name="os.name" value="Linux"/>
    <property name="sun.java.launcher" value="SUN_STANDARD"/>
    <property name="sun.boot.library.path" value="/home/rafael/.sdkman/candidates/java/8.322.06.2-amzn/jre/lib/amd64"/>
    <property name="sun.java.command" value="/mnt/d/workspace/mflix/target/surefire/surefirebooter5236848432883295982.jar /mnt/d/workspace/mflix/target/surefire 2022-09-21T07-57-39_974-jvmRun1 surefire8839297563337412325tmp surefire_05927443049143273266tmp"/>
    <property name="surefire.test.class.path" value="/mnt/d/workspace/mflix/target/test-classes:/mnt/d/workspace/mflix/target/classes:/home/rafael/.m2/repository/org/springframework/boot/spring-boot-starter-web/2.0.3.RELEASE/spring-boot-starter-web-2.0.3.RELEASE.jar:/home/rafael/.m2/repository/org/springframework/boot/spring-boot-starter/2.0.3.RELEASE/spring-boot-starter-2.0.3.RELEASE.jar:/home/rafael/.m2/repository/org/springframework/boot/spring-boot-starter-logging/2.0.3.RELEASE/spring-boot-starter-logging-2.0.3.RELEASE.jar:/home/rafael/.m2/repository/ch/qos/logback/logback-classic/1.2.3/logback-classic-1.2.3.jar:/home/rafael/.m2/repository/ch/qos/logback/logback-core/1.2.3/logback-core-1.2.3.jar:/home/rafael/.m2/repository/org/apache/logging/log4j/log4j-to-slf4j/2.10.0/log4j-to-slf4j-2.10.0.jar:/home/rafael/.m2/repository/org/apache/logging/log4j/log4j-api/2.10.0/log4j-api-2.10.0.jar:/home/rafael/.m2/repository/org/slf4j/jul-to-slf4j/1.7.25/jul-to-slf4j-1.7.25.jar:/home/rafael/.m2/repository/javax/annotation/javax.annotation-api/1.3.2/javax.annotation-api-1.3.2.jar:/home/rafael/.m2/repository/org/yaml/snakeyaml/1.19/snakeyaml-1.19.jar:/home/rafael/.m2/repository/org/springframework/boot/spring-boot-starter-json/2.0.3.RELEASE/spring-boot-starter-json-2.0.3.RELEASE.jar:/home/rafael/.m2/repository/com/fasterxml/jackson/datatype/jackson-datatype-jdk8/2.9.6/jackson-datatype-jdk8-2.9.6.jar:/home/rafael/.m2/repository/com/fasterxml/jackson/datatype/jackson-datatype-jsr310/2.9.6/jackson-datatype-jsr310-2.9.6.jar:/home/rafael/.m2/repository/com/fasterxml/jackson/module/jackson-module-parameter-names/2.9.6/jackson-module-parameter-names-2.9.6.jar:/home/rafael/.m2/repository/org/springframework/boot/spring-boot-starter-tomcat/2.0.3.RELEASE/spring-boot-starter-tomcat-2.0.3.RELEASE.jar:/home/rafael/.m2/repository/org/apache/tomcat/embed/tomcat-embed-core/8.5.31/tomcat-embed-core-8.5.31.jar:/home/rafael/.m2/repository/org/apache/tomcat/embed/tomcat-embed-el/8.5.31/tomcat-embed-el-8.5.31.jar:/home/rafael/.m2/repository/org/apache/tomcat/embed/tomcat-embed-websocket/8.5.31/tomcat-embed-websocket-8.5.31.jar:/home/rafael/.m2/repository/org/hibernate/validator/hibernate-validator/6.0.10.Final/hibernate-validator-6.0.10.Final.jar:/home/rafael/.m2/repository/javax/validation/validation-api/2.0.1.Final/validation-api-2.0.1.Final.jar:/home/rafael/.m2/repository/org/jboss/logging/jboss-logging/3.3.2.Final/jboss-logging-3.3.2.Final.jar:/home/rafael/.m2/repository/com/fasterxml/classmate/1.3.4/classmate-1.3.4.jar:/home/rafael/.m2/repository/org/springframework/spring-webmvc/5.0.7.RELEASE/spring-webmvc-5.0.7.RELEASE.jar:/home/rafael/.m2/repository/org/springframework/boot/spring-boot-starter-test/2.0.3.RELEASE/spring-boot-starter-test-2.0.3.RELEASE.jar:/home/rafael/.m2/repository/org/springframework/boot/spring-boot-test/2.0.3.RELEASE/spring-boot-test-2.0.3.RELEASE.jar:/home/rafael/.m2/repository/org/springframework/boot/spring-boot-test-autoconfigure/2.0.3.RELEASE/spring-boot-test-autoconfigure-2.0.3.RELEASE.jar:/home/rafael/.m2/repository/com/jayway/jsonpath/json-path/2.4.0/json-path-2.4.0.jar:/home/rafael/.m2/repository/net/minidev/json-smart/2.3/json-smart-2.3.jar:/home/rafael/.m2/repository/net/minidev/accessors-smart/1.2/accessors-smart-1.2.jar:/home/rafael/.m2/repository/org/ow2/asm/asm/5.0.4/asm-5.0.4.jar:/home/rafael/.m2/repository/org/slf4j/slf4j-api/1.7.25/slf4j-api-1.7.25.jar:/home/rafael/.m2/repository/junit/junit/4.12/junit-4.12.jar:/home/rafael/.m2/repository/org/assertj/assertj-core/3.9.1/assertj-core-3.9.1.jar:/home/rafael/.m2/repository/org/mockito/mockito-core/2.15.0/mockito-core-2.15.0.jar:/home/rafael/.m2/repository/net/bytebuddy/byte-buddy/1.7.9/byte-buddy-1.7.9.jar:/home/rafael/.m2/repository/net/bytebuddy/byte-buddy-agent/1.7.9/byte-buddy-agent-1.7.9.jar:/home/rafael/.m2/repository/org/objenesis/objenesis/2.6/objenesis-2.6.jar:/home/rafael/.m2/repository/org/hamcrest/hamcrest-core/1.3/hamcrest-core-1.3.jar:/home/rafael/.m2/repository/org/hamcrest/hamcrest-library/1.3/hamcrest-library-1.3.jar:/home/rafael/.m2/repository/org/skyscreamer/jsonassert/1.5.0/jsonassert-1.5.0.jar:/home/rafael/.m2/repository/com/vaadin/external/google/android-json/0.0.20131108.vaadin1/android-json-0.0.20131108.vaadin1.jar:/home/rafael/.m2/repository/org/springframework/spring-test/5.0.7.RELEASE/spring-test-5.0.7.RELEASE.jar:/home/rafael/.m2/repository/org/xmlunit/xmlunit-core/2.5.1/xmlunit-core-2.5.1.jar:/home/rafael/.m2/repository/org/springframework/boot/spring-boot-starter-security/2.0.4.RELEASE/spring-boot-starter-security-2.0.4.RELEASE.jar:/home/rafael/.m2/repository/org/springframework/spring-aop/5.0.8.RELEASE/spring-aop-5.0.8.RELEASE.jar:/home/rafael/.m2/repository/org/springframework/security/spring-security-config/5.0.7.RELEASE/spring-security-config-5.0.7.RELEASE.jar:/home/rafael/.m2/repository/org/springframework/security/spring-security-core/5.0.7.RELEASE/spring-security-core-5.0.7.RELEASE.jar:/home/rafael/.m2/repository/org/springframework/security/spring-security-web/5.0.7.RELEASE/spring-security-web-5.0.7.RELEASE.jar:/home/rafael/.m2/repository/org/springframework/boot/spring-boot/2.0.4.RELEASE/spring-boot-2.0.4.RELEASE.jar:/home/rafael/.m2/repository/org/springframework/spring-context/5.0.7.RELEASE/spring-context-5.0.7.RELEASE.jar:/home/rafael/.m2/repository/org/springframework/spring-beans/5.0.7.RELEASE/spring-beans-5.0.7.RELEASE.jar:/home/rafael/.m2/repository/org/springframework/spring-expression/5.0.7.RELEASE/spring-expression-5.0.7.RELEASE.jar:/home/rafael/.m2/repository/org/springframework/spring-core/5.0.7.RELEASE/spring-core-5.0.7.RELEASE.jar:/home/rafael/.m2/repository/org/springframework/spring-jcl/5.0.7.RELEASE/spring-jcl-5.0.7.RELEASE.jar:/home/rafael/.m2/repository/org/springframework/boot/spring-boot-autoconfigure/2.0.3.RELEASE/spring-boot-autoconfigure-2.0.3.RELEASE.jar:/home/rafael/.m2/repository/org/springframework/spring-web/5.0.7.RELEASE/spring-web-5.0.7.RELEASE.jar:/home/rafael/.m2/repository/io/jsonwebtoken/jjwt/0.9.1/jjwt-0.9.1.jar:/home/rafael/.m2/repository/com/fasterxml/jackson/core/jackson-databind/2.9.6/jackson-databind-2.9.6.jar:/home/rafael/.m2/repository/com/fasterxml/jackson/core/jackson-annotations/2.9.0/jackson-annotations-2.9.0.jar:/home/rafael/.m2/repository/com/fasterxml/jackson/core/jackson-core/2.9.6/jackson-core-2.9.6.jar:/home/rafael/.m2/repository/org/junit/jupiter/junit-jupiter-api/5.1.0/junit-jupiter-api-5.1.0.jar:/home/rafael/.m2/repository/org/apiguardian/apiguardian-api/1.0.0/apiguardian-api-1.0.0.jar:/home/rafael/.m2/repository/org/opentest4j/opentest4j/1.0.0/opentest4j-1.0.0.jar:/home/rafael/.m2/repository/org/junit/platform/junit-platform-commons/1.1.0/junit-platform-commons-1.1.0.jar:/home/rafael/.m2/repository/org/mongodb/mongodb-driver-sync/3.9.1/mongodb-driver-sync-3.9.1.jar:/home/rafael/.m2/repository/org/mongodb/bson/3.9.1/bson-3.9.1.jar:/home/rafael/.m2/repository/org/mongodb/mongodb-driver-core/3.9.1/mongodb-driver-core-3.9.1.jar:"/>
    <property name="sun.cpu.endian" value="little"/>
    <property name="user.home" value="/home/rafael"/>
    <property name="user.language" value="en"/>
    <property name="java.specification.vendor" value="Oracle Corporation"/>
    <property name="java.home" value="/home/rafael/.sdkman/candidates/java/8.322.06.2-amzn/jre"/>
    <property name="basedir" value="/mnt/d/workspace/mflix"/>
    <property name="file.separator" value="/"/>
    <property name="line.separator" value="&#10;"/>
    <property name="java.vm.specification.vendor" value="Oracle Corporation"/>
    <property name="java.specification.name" value="Java Platform API Specification"/>
    <property name="java.awt.graphicsenv" value="sun.awt.X11GraphicsEnvironment"/>
    <property name="surefire.real.class.path" value="/mnt/d/workspace/mflix/target/surefire/surefirebooter5236848432883295982.jar"/>
    <property name="sun.boot.class.path" value="/home/rafael/.sdkman/candidates/java/8.322.06.2-amzn/jre/lib/resources.jar:/home/rafael/.sdkman/candidates/java/8.322.06.2-amzn/jre/lib/rt.jar:/home/rafael/.sdkman/candidates/java/8.322.06.2-amzn/jre/lib/sunrsasign.jar:/home/rafael/.sdkman/candidates/java/8.322.06.2-amzn/jre/lib/jsse.jar:/home/rafael/.sdkman/candidates/java/8.322.06.2-amzn/jre/lib/jce.jar:/home/rafael/.sdkman/candidates/java/8.322.06.2-amzn/jre/lib/charsets.jar:/home/rafael/.sdkman/candidates/java/8.322.06.2-amzn/jre/lib/jfr.jar:/home/rafael/.sdkman/candidates/java/8.322.06.2-amzn/jre/classes"/>
    <property name="sun.management.compiler" value="HotSpot 64-Bit Tiered Compilers"/>
    <property name="java.runtime.version" value="1.8.0_322-b06"/>
    <property name="user.name" value="rafael"/>
    <property name="path.separator" value=":"/>
    <property name="os.version" value="5.10.102.1-microsoft-standard-WSL2"/>
    <property name="java.endorsed.dirs" value="/home/rafael/.sdkman/candidates/java/8.322.06.2-amzn/jre/lib/endorsed"/>
    <property name="java.runtime.name" value="OpenJDK Runtime Environment"/>
    <property name="file.encoding" value="UTF-8"/>
    <property name="java.vm.name" value="OpenJDK 64-Bit Server VM"/>
    <property name="localRepository" value="/home/rafael/.m2/repository"/>
    <property name="java.vendor.url.bug" value="https://github.com/corretto/corretto-8/issues/"/>
    <property name="java.io.tmpdir" value="/tmp"/>
    <property name="java.version" value="1.8.0_322"/>
    <property name="user.dir" value="/mnt/d/workspace/mflix"/>
    <property name="os.arch" value="amd64"/>
    <property name="java.vm.specification.name" value="Java Virtual Machine Specification"/>
    <property name="java.awt.printerjob" value="sun.print.PSPrinterJob"/>
    <property name="sun.os.patch.level" value="unknown"/>
    <property name="java.library.path" value="/usr/java/packages/lib/amd64:/usr/lib64:/lib64:/lib:/usr/lib"/>
    <property name="java.vm.info" value="mixed mode"/>
    <property name="java.vendor" value="Amazon.com Inc."/>
    <property name="java.vm.version" value="25.322-b06"/>
    <property name="java.ext.dirs" value="/home/rafael/.sdkman/candidates/java/8.322.06.2-amzn/jre/lib/ext:/usr/java/packages/lib/ext"/>
    <property name="sun.io.unicode.encoding" value="UnicodeLittle"/>
    <property name="java.class.version" value="52.0"/>
  </properties>
  <testcase name="testAllDocumentsIMDBRatingNumber" classname="mflix.api.daos.MigrationTest" time="0.321">
    <failure message="Should not find documents where `imdb.rating` is of not of `number` type expected:&lt;0&gt; but was:&lt;61&gt;" type="java.lang.AssertionError"><![CDATA[java.lang.AssertionError: Should not find documents where `imdb.rating` is of not of `number` type expected:<0> but was:<61>
	at mflix.api.daos.MigrationTest.testAllDocumentsIMDBRatingNumber(MigrationTest.java:42)
]]></failure>
    <system-out><![CDATA[2022-09-21 07:57:57.603  INFO 472 --- [           main] org.mongodb.driver.cluster               : Cluster created with settings {hosts=[ac-uqz055v-shard-00-02.wkqj3pw.mongodb.net:27017, ac-uqz055v-shard-00-00.wkqj3pw.mongodb.net:27017, ac-uqz055v-shard-00-01.wkqj3pw.mongodb.net:27017], mode=MULTIPLE, requiredClusterType=REPLICA_SET, serverSelectionTimeout='30000 ms', maxWaitQueueSize=500, requiredReplicaSetName='atlas-o1qfn8-shard-0'}
2022-09-21 07:57:57.604  INFO 472 --- [           main] org.mongodb.driver.cluster               : Adding discovered server ac-uqz055v-shard-00-02.wkqj3pw.mongodb.net:27017 to client view of cluster
2022-09-21 07:57:57.604  INFO 472 --- [           main] org.mongodb.driver.cluster               : Adding discovered server ac-uqz055v-shard-00-00.wkqj3pw.mongodb.net:27017 to client view of cluster
2022-09-21 07:57:57.604  INFO 472 --- [           main] org.mongodb.driver.cluster               : Adding discovered server ac-uqz055v-shard-00-01.wkqj3pw.mongodb.net:27017 to client view of cluster
2022-09-21 07:57:57.610  INFO 472 --- [           main] org.mongodb.driver.cluster               : No server chosen by com.mongodb.client.internal.MongoClientDelegate$1@7a729f84 from cluster description ClusterDescription{type=REPLICA_SET, connectionMode=MULTIPLE, serverDescriptions=[ServerDescription{address=ac-uqz055v-shard-00-02.wkqj3pw.mongodb.net:27017, type=UNKNOWN, state=CONNECTING}, ServerDescription{address=ac-uqz055v-shard-00-00.wkqj3pw.mongodb.net:27017, type=UNKNOWN, state=CONNECTING}, ServerDescription{address=ac-uqz055v-shard-00-01.wkqj3pw.mongodb.net:27017, type=UNKNOWN, state=CONNECTING}]}. Waiting for 30000 ms before timing out
2022-09-21 07:57:57.716  INFO 472 --- [ngodb.net:27017] org.mongodb.driver.connection            : Opened connection [connectionId{localValue:15, serverValue:337240}] to ac-uqz055v-shard-00-01.wkqj3pw.mongodb.net:27017
2022-09-21 07:57:57.716  INFO 472 --- [ngodb.net:27017] org.mongodb.driver.connection            : Opened connection [connectionId{localValue:13, serverValue:339692}] to ac-uqz055v-shard-00-02.wkqj3pw.mongodb.net:27017
2022-09-21 07:57:57.718  INFO 472 --- [ngodb.net:27017] org.mongodb.driver.connection            : Opened connection [connectionId{localValue:14, serverValue:338097}] to ac-uqz055v-shard-00-00.wkqj3pw.mongodb.net:27017
2022-09-21 07:57:57.729  INFO 472 --- [ngodb.net:27017] org.mongodb.driver.cluster               : Monitor thread successfully connected to server with description ServerDescription{address=ac-uqz055v-shard-00-01.wkqj3pw.mongodb.net:27017, type=REPLICA_SET_SECONDARY, state=CONNECTED, ok=true, version=ServerVersion{versionList=[5, 0, 12]}, minWireVersion=0, maxWireVersion=13, maxDocumentSize=16777216, logicalSessionTimeoutMinutes=30, roundTripTimeNanos=12355725, setName='atlas-o1qfn8-shard-0', canonicalAddress=ac-uqz055v-shard-00-01.wkqj3pw.mongodb.net:27017, hosts=[ac-uqz055v-shard-00-00.wkqj3pw.mongodb.net:27017, ac-uqz055v-shard-00-01.wkqj3pw.mongodb.net:27017, ac-uqz055v-shard-00-02.wkqj3pw.mongodb.net:27017], passives=[], arbiters=[], primary='ac-uqz055v-shard-00-02.wkqj3pw.mongodb.net:27017', tagSet=TagSet{[Tag{name='region', value='SA_EAST_1'}, Tag{name='workloadType', value='OPERATIONAL'}, Tag{name='nodeType', value='ELECTABLE'}, Tag{name='provider', value='AWS'}]}, electionId=null, setVersion=1, lastWriteDate=Wed Sep 21 07:57:57 BRT 2022, lastUpdateTimeNanos=1465752378537}
2022-09-21 07:57:57.729  INFO 472 --- [ngodb.net:27017] org.mongodb.driver.cluster               : Monitor thread successfully connected to server with description ServerDescription{address=ac-uqz055v-shard-00-02.wkqj3pw.mongodb.net:27017, type=REPLICA_SET_PRIMARY, state=CONNECTED, ok=true, version=ServerVersion{versionList=[5, 0, 12]}, minWireVersion=0, maxWireVersion=13, maxDocumentSize=16777216, logicalSessionTimeoutMinutes=30, roundTripTimeNanos=12396965, setName='atlas-o1qfn8-shard-0', canonicalAddress=ac-uqz055v-shard-00-02.wkqj3pw.mongodb.net:27017, hosts=[ac-uqz055v-shard-00-00.wkqj3pw.mongodb.net:27017, ac-uqz055v-shard-00-01.wkqj3pw.mongodb.net:27017, ac-uqz055v-shard-00-02.wkqj3pw.mongodb.net:27017], passives=[], arbiters=[], primary='ac-uqz055v-shard-00-02.wkqj3pw.mongodb.net:27017', tagSet=TagSet{[Tag{name='nodeType', value='ELECTABLE'}, Tag{name='workloadType', value='OPERATIONAL'}, Tag{name='provider', value='AWS'}, Tag{name='region', value='SA_EAST_1'}]}, electionId=7fffffff0000000000000013, setVersion=1, lastWriteDate=Wed Sep 21 07:57:57 BRT 2022, lastUpdateTimeNanos=1465752443391}
2022-09-21 07:57:57.729  INFO 472 --- [ngodb.net:27017] org.mongodb.driver.cluster               : Setting max election id to 7fffffff0000000000000013 from replica set primary ac-uqz055v-shard-00-02.wkqj3pw.mongodb.net:27017
2022-09-21 07:57:57.729  INFO 472 --- [ngodb.net:27017] org.mongodb.driver.cluster               : Setting max set version to 1 from replica set primary ac-uqz055v-shard-00-02.wkqj3pw.mongodb.net:27017
2022-09-21 07:57:57.729  INFO 472 --- [ngodb.net:27017] org.mongodb.driver.cluster               : Discovered replica set primary ac-uqz055v-shard-00-02.wkqj3pw.mongodb.net:27017
2022-09-21 07:57:57.730  INFO 472 --- [ngodb.net:27017] org.mongodb.driver.cluster               : Monitor thread successfully connected to server with description ServerDescription{address=ac-uqz055v-shard-00-00.wkqj3pw.mongodb.net:27017, type=REPLICA_SET_SECONDARY, state=CONNECTED, ok=true, version=ServerVersion{versionList=[5, 0, 12]}, minWireVersion=0, maxWireVersion=13, maxDocumentSize=16777216, logicalSessionTimeoutMinutes=30, roundTripTimeNanos=12131387, setName='atlas-o1qfn8-shard-0', canonicalAddress=ac-uqz055v-shard-00-00.wkqj3pw.mongodb.net:27017, hosts=[ac-uqz055v-shard-00-00.wkqj3pw.mongodb.net:27017, ac-uqz055v-shard-00-01.wkqj3pw.mongodb.net:27017, ac-uqz055v-shard-00-02.wkqj3pw.mongodb.net:27017], passives=[], arbiters=[], primary='ac-uqz055v-shard-00-02.wkqj3pw.mongodb.net:27017', tagSet=TagSet{[Tag{name='region', value='SA_EAST_1'}, Tag{name='nodeType', value='ELECTABLE'}, Tag{name='provider', value='AWS'}, Tag{name='workloadType', value='OPERATIONAL'}]}, electionId=null, setVersion=1, lastWriteDate=Wed Sep 21 07:57:57 BRT 2022, lastUpdateTimeNanos=1465754111160}
2022-09-21 07:57:57.898  INFO 472 --- [           main] org.mongodb.driver.connection            : Opened connection [connectionId{localValue:16, serverValue:339643}] to ac-uqz055v-shard-00-02.wkqj3pw.mongodb.net:27017
]]></system-out>
  </testcase>
  <testcase name="testAllDocumentsUpdateDateIsDateType" classname="mflix.api.daos.MigrationTest" time="0.301">
    <failure message="Should not find documents where `lastupdated` is of `string` type expected:&lt;0&gt; but was:&lt;23530&gt;" type="java.lang.AssertionError"><![CDATA[java.lang.AssertionError: Should not find documents where `lastupdated` is of `string` type expected:<0> but was:<23530>
	at mflix.api.daos.MigrationTest.testAllDocumentsUpdateDateIsDateType(MigrationTest.java:31)
]]></failure>
    <system-out><![CDATA[2022-09-21 07:57:57.937  INFO 472 --- [           main] org.mongodb.driver.cluster               : Cluster created with settings {hosts=[ac-uqz055v-shard-00-02.wkqj3pw.mongodb.net:27017, ac-uqz055v-shard-00-00.wkqj3pw.mongodb.net:27017, ac-uqz055v-shard-00-01.wkqj3pw.mongodb.net:27017], mode=MULTIPLE, requiredClusterType=REPLICA_SET, serverSelectionTimeout='30000 ms', maxWaitQueueSize=500, requiredReplicaSetName='atlas-o1qfn8-shard-0'}
2022-09-21 07:57:57.937  INFO 472 --- [           main] org.mongodb.driver.cluster               : Adding discovered server ac-uqz055v-shard-00-02.wkqj3pw.mongodb.net:27017 to client view of cluster
2022-09-21 07:57:57.938  INFO 472 --- [           main] org.mongodb.driver.cluster               : Adding discovered server ac-uqz055v-shard-00-00.wkqj3pw.mongodb.net:27017 to client view of cluster
2022-09-21 07:57:57.938  INFO 472 --- [           main] org.mongodb.driver.cluster               : Adding discovered server ac-uqz055v-shard-00-01.wkqj3pw.mongodb.net:27017 to client view of cluster
2022-09-21 07:57:57.939  INFO 472 --- [           main] org.mongodb.driver.cluster               : No server chosen by com.mongodb.client.internal.MongoClientDelegate$1@5633ed82 from cluster description ClusterDescription{type=REPLICA_SET, connectionMode=MULTIPLE, serverDescriptions=[ServerDescription{address=ac-uqz055v-shard-00-02.wkqj3pw.mongodb.net:27017, type=UNKNOWN, state=CONNECTING}, ServerDescription{address=ac-uqz055v-shard-00-00.wkqj3pw.mongodb.net:27017, type=UNKNOWN, state=CONNECTING}, ServerDescription{address=ac-uqz055v-shard-00-01.wkqj3pw.mongodb.net:27017, type=UNKNOWN, state=CONNECTING}]}. Waiting for 30000 ms before timing out
2022-09-21 07:57:58.040  INFO 472 --- [ngodb.net:27017] org.mongodb.driver.connection            : Opened connection [connectionId{localValue:17, serverValue:339694}] to ac-uqz055v-shard-00-02.wkqj3pw.mongodb.net:27017
2022-09-21 07:57:58.042  INFO 472 --- [ngodb.net:27017] org.mongodb.driver.connection            : Opened connection [connectionId{localValue:18, serverValue:338097}] to ac-uqz055v-shard-00-00.wkqj3pw.mongodb.net:27017
2022-09-21 07:57:58.050  INFO 472 --- [ngodb.net:27017] org.mongodb.driver.connection            : Opened connection [connectionId{localValue:19, serverValue:337240}] to ac-uqz055v-shard-00-01.wkqj3pw.mongodb.net:27017
2022-09-21 07:57:58.052  INFO 472 --- [ngodb.net:27017] org.mongodb.driver.cluster               : Monitor thread successfully connected to server with description ServerDescription{address=ac-uqz055v-shard-00-02.wkqj3pw.mongodb.net:27017, type=REPLICA_SET_PRIMARY, state=CONNECTED, ok=true, version=ServerVersion{versionList=[5, 0, 12]}, minWireVersion=0, maxWireVersion=13, maxDocumentSize=16777216, logicalSessionTimeoutMinutes=30, roundTripTimeNanos=11054081, setName='atlas-o1qfn8-shard-0', canonicalAddress=ac-uqz055v-shard-00-02.wkqj3pw.mongodb.net:27017, hosts=[ac-uqz055v-shard-00-00.wkqj3pw.mongodb.net:27017, ac-uqz055v-shard-00-01.wkqj3pw.mongodb.net:27017, ac-uqz055v-shard-00-02.wkqj3pw.mongodb.net:27017], passives=[], arbiters=[], primary='ac-uqz055v-shard-00-02.wkqj3pw.mongodb.net:27017', tagSet=TagSet{[Tag{name='workloadType', value='OPERATIONAL'}, Tag{name='provider', value='AWS'}, Tag{name='nodeType', value='ELECTABLE'}, Tag{name='region', value='SA_EAST_1'}]}, electionId=7fffffff0000000000000013, setVersion=1, lastWriteDate=Wed Sep 21 07:57:57 BRT 2022, lastUpdateTimeNanos=1466075329958}
2022-09-21 07:57:58.053  INFO 472 --- [ngodb.net:27017] org.mongodb.driver.cluster               : Setting max election id to 7fffffff0000000000000013 from replica set primary ac-uqz055v-shard-00-02.wkqj3pw.mongodb.net:27017
2022-09-21 07:57:58.053  INFO 472 --- [ngodb.net:27017] org.mongodb.driver.cluster               : Setting max set version to 1 from replica set primary ac-uqz055v-shard-00-02.wkqj3pw.mongodb.net:27017
2022-09-21 07:57:58.053  INFO 472 --- [ngodb.net:27017] org.mongodb.driver.cluster               : Discovered replica set primary ac-uqz055v-shard-00-02.wkqj3pw.mongodb.net:27017
2022-09-21 07:57:58.053  INFO 472 --- [ngodb.net:27017] org.mongodb.driver.cluster               : Monitor thread successfully connected to server with description ServerDescription{address=ac-uqz055v-shard-00-00.wkqj3pw.mongodb.net:27017, type=REPLICA_SET_SECONDARY, state=CONNECTED, ok=true, version=ServerVersion{versionList=[5, 0, 12]}, minWireVersion=0, maxWireVersion=13, maxDocumentSize=16777216, logicalSessionTimeoutMinutes=30, roundTripTimeNanos=11499619, setName='atlas-o1qfn8-shard-0', canonicalAddress=ac-uqz055v-shard-00-00.wkqj3pw.mongodb.net:27017, hosts=[ac-uqz055v-shard-00-00.wkqj3pw.mongodb.net:27017, ac-uqz055v-shard-00-01.wkqj3pw.mongodb.net:27017, ac-uqz055v-shard-00-02.wkqj3pw.mongodb.net:27017], passives=[], arbiters=[], primary='ac-uqz055v-shard-00-02.wkqj3pw.mongodb.net:27017', tagSet=TagSet{[Tag{name='region', value='SA_EAST_1'}, Tag{name='nodeType', value='ELECTABLE'}, Tag{name='provider', value='AWS'}, Tag{name='workloadType', value='OPERATIONAL'}]}, electionId=null, setVersion=1, lastWriteDate=Wed Sep 21 07:57:57 BRT 2022, lastUpdateTimeNanos=1466077068615}
2022-09-21 07:57:58.063  INFO 472 --- [ngodb.net:27017] org.mongodb.driver.cluster               : Monitor thread successfully connected to server with description ServerDescription{address=ac-uqz055v-shard-00-01.wkqj3pw.mongodb.net:27017, type=REPLICA_SET_SECONDARY, state=CONNECTED, ok=true, version=ServerVersion{versionList=[5, 0, 12]}, minWireVersion=0, maxWireVersion=13, maxDocumentSize=16777216, logicalSessionTimeoutMinutes=30, roundTripTimeNanos=12660766, setName='atlas-o1qfn8-shard-0', canonicalAddress=ac-uqz055v-shard-00-01.wkqj3pw.mongodb.net:27017, hosts=[ac-uqz055v-shard-00-00.wkqj3pw.mongodb.net:27017, ac-uqz055v-shard-00-01.wkqj3pw.mongodb.net:27017, ac-uqz055v-shard-00-02.wkqj3pw.mongodb.net:27017], passives=[], arbiters=[], primary='ac-uqz055v-shard-00-02.wkqj3pw.mongodb.net:27017', tagSet=TagSet{[Tag{name='region', value='SA_EAST_1'}, Tag{name='workloadType', value='OPERATIONAL'}, Tag{name='nodeType', value='ELECTABLE'}, Tag{name='provider', value='AWS'}]}, electionId=null, setVersion=1, lastWriteDate=Wed Sep 21 07:57:57 BRT 2022, lastUpdateTimeNanos=1466086248785}
2022-09-21 07:57:58.198  INFO 472 --- [           main] org.mongodb.driver.connection            : Opened connection [connectionId{localValue:20, serverValue:339692}] to ac-uqz055v-shard-00-02.wkqj3pw.mongodb.net:27017
]]></system-out>
  </testcase>
</testsuite>